#
# There is insufficient memory for the Java Runtime Environment to continue.
# Native memory allocation (malloc) failed to allocate 32744 bytes for ChunkPool::allocate
# Possible reasons:
#   The system is out of physical RAM or swap space
#   In 32 bit mode, the process size limit was hit
# Possible solutions:
#   Reduce memory load on the system
#   Increase physical memory or swap space
#   Check if swap backing store is full
#   Use 64 bit Java on a 64 bit OS
#   Decrease Java heap size (-Xmx/-Xms)
#   Decrease number of Java threads
#   Decrease Java thread stack sizes (-Xss)
#   Set larger code cache with -XX:ReservedCodeCacheSize=
# This output file may be truncated or incomplete.
#
#  Out of Memory Error (allocation.cpp:273), pid=3600, tid=0x0000000000003274
#
# JRE version: Java(TM) SE Runtime Environment (8.0_144-b01) (build 1.8.0_144-b01)
# Java VM: Java HotSpot(TM) 64-Bit Server VM (25.144-b01 mixed mode windows-amd64 compressed oops)
# Failed to write core dump. Minidumps are not enabled by default on client versions of Windows
#

---------------  T H R E A D  ---------------

Current thread (0x0000000015637000):  JavaThread "C2 CompilerThread1" daemon [_thread_in_native, id=12916, stack(0x0000000015de0000,0x0000000015ee0000)]

Stack: [0x0000000015de0000,0x0000000015ee0000]
[error occurred during error reporting (printing stack bounds), id 0xc0000005]

Native frames: (J=compiled Java code, j=interpreted, Vv=VM code, C=native code)


Current CompileTask:
C2:   5860 1627       4       java.net.URLClassLoader$1::run (5 bytes)


---------------  P R O C E S S  ---------------

Java Threads: ( => current thread )
  0x0000000016b3c800 JavaThread "background-preinit" [_thread_in_vm, id=16648, stack(0x00000000183b0000,0x00000000184b0000)]
  0x0000000016658000 JavaThread "/127.0.0.1:4060 to /127.0.0.1:4059 workers Thread 3" [_thread_in_native, id=15876, stack(0x0000000017cb0000,0x0000000017db0000)]
  0x0000000016b1c800 JavaThread "/127.0.0.1:4060 to /127.0.0.1:4059 workers Thread 2" [_thread_blocked, id=13872, stack(0x0000000017bb0000,0x0000000017cb0000)]
  0x000000001678c000 JavaThread "Test worker" [_thread_in_vm, id=17076, stack(0x0000000017ab0000,0x0000000017bb0000)]
  0x00000000156cb800 JavaThread "Service Thread" daemon [_thread_blocked, id=16204, stack(0x0000000015fe0000,0x00000000160e0000)]
  0x000000001563c800 JavaThread "C1 CompilerThread2" daemon [_thread_blocked, id=6344, stack(0x0000000015ee0000,0x0000000015fe0000)]
=>0x0000000015637000 JavaThread "C2 CompilerThread1" daemon [_thread_in_native, id=12916, stack(0x0000000015de0000,0x0000000015ee0000)]
  0x0000000015633000 JavaThread "C2 CompilerThread0" daemon [_thread_in_native, id=17944, stack(0x0000000015ce0000,0x0000000015de0000)]
  0x0000000015630000 JavaThread "Attach Listener" daemon [_thread_blocked, id=1456, stack(0x0000000015be0000,0x0000000015ce0000)]
  0x000000001562f000 JavaThread "Signal Dispatcher" daemon [_thread_blocked, id=15808, stack(0x0000000015ae0000,0x0000000015be0000)]
  0x000000001420a800 JavaThread "Finalizer" daemon [_thread_blocked, id=11948, stack(0x0000000015470000,0x0000000015570000)]
  0x00000000141e9000 JavaThread "Reference Handler" daemon [_thread_blocked, id=17496, stack(0x0000000015370000,0x0000000015470000)]
  0x000000000109e000 JavaThread "main" [_thread_blocked, id=17928, stack(0x00000000028b0000,0x00000000029b0000)]

Other Threads:
  0x00000000141e7800 VMThread [stack: 0x0000000015270000,0x0000000015370000] [id=9036]
  0x0000000015734800 WatcherThread [stack: 0x00000000160e0000,0x00000000161e0000] [id=15396]

VM state:not at safepoint (normal execution)

VM Mutex/Monitor currently owned by a thread: None

Heap:
 PSYoungGen      total 38400K, used 19969K [0x00000000f5580000, 0x00000000f9f00000, 0x0000000100000000)
  eden space 33280K, 44% used [0x00000000f5580000,0x00000000f6407740,0x00000000f7600000)
  from space 5120K, 99% used [0x00000000f7600000,0x00000000f7af8e20,0x00000000f7b00000)
  to   space 8704K, 0% used [0x00000000f9680000,0x00000000f9680000,0x00000000f9f00000)
 ParOldGen       total 50688K, used 6126K [0x00000000e0000000, 0x00000000e3180000, 0x00000000f5580000)
  object space 50688K, 12% used [0x00000000e0000000,0x00000000e05fb9e0,0x00000000e3180000)
 Metaspace       used 25324K, capacity 26114K, committed 26368K, reserved 1073152K
  class space    used 3373K, capacity 3571K, committed 3584K, reserved 1048576K

Card table byte_map: [0x00000000121c0000,0x00000000122d0000] byte_map_base: 0x0000000011ac0000

Marking Bits: (ParMarkBitMap*) 0x000000005606d850
 Begin Bits: [0x0000000012780000, 0x0000000012f80000)
 End Bits:   [0x0000000012f80000, 0x0000000013780000)

Polling page: 0x0000000001070000

CodeCache: size=245760Kb used=6466Kb max_used=6477Kb free=239293Kb
 bounds [0x0000000002e00000, 0x0000000003460000, 0x0000000011e00000]
 total_blobs=2263 nmethods=1871 adapters=304
 compilation: enabled

Compilation events (10 events):
Event: 5.795 Thread 0x000000001563c800 1891       3       org.springframework.boot.autoconfigure.condition.BeanTypeRegistry$$Lambda$149/1099965643::accept (12 bytes)
Event: 5.795 Thread 0x000000001563c800 nmethod 1891 0x000000000344ab50 code [0x000000000344ace0, 0x000000000344b128]
Event: 5.795 Thread 0x000000001563c800 1892       1       java.lang.Package::getName (5 bytes)
Event: 5.795 Thread 0x000000001563c800 nmethod 1892 0x000000000344a890 code [0x000000000344a9e0, 0x000000000344aaf0]
Event: 5.798 Thread 0x000000001563c800 1893       1       sun.util.locale.BaseLocale::getRegion (5 bytes)
Event: 5.798 Thread 0x000000001563c800 nmethod 1893 0x000000000344a5d0 code [0x000000000344a720, 0x000000000344a830]
Event: 5.806 Thread 0x0000000015633000 nmethod 1890 0x0000000003455d90 code [0x0000000003455f40, 0x0000000003456910]
Event: 5.809 Thread 0x0000000015633000 1894   !   4       java.net.URLClassLoader$1::run (63 bytes)
Event: 5.845 Thread 0x000000001563c800 1895   !   3       java.util.logging.LogManager::ensureLogManagerInitialized (128 bytes)
Event: 5.846 Thread 0x000000001563c800 nmethod 1895 0x0000000003449b90 code [0x0000000003449d40, 0x000000000344a3c8]

GC Heap History (10 events):
Event: 4.146 GC heap before
{Heap before GC invocations=2 (full 0):
 PSYoungGen      total 38400K, used 38387K [0x00000000f5580000, 0x00000000f8000000, 0x0000000100000000)
  eden space 33280K, 100% used [0x00000000f5580000,0x00000000f7600000,0x00000000f7600000)
  from space 5120K, 99% used [0x00000000f7600000,0x00000000f7afcdd8,0x00000000f7b00000)
  to   space 5120K, 0% used [0x00000000f7b00000,0x00000000f7b00000,0x00000000f8000000)
 ParOldGen       total 87552K, used 977K [0x00000000e0000000, 0x00000000e5580000, 0x00000000f5580000)
  object space 87552K, 1% used [0x00000000e0000000,0x00000000e00f4598,0x00000000e5580000)
 Metaspace       used 15676K, capacity 16190K, committed 16256K, reserved 1062912K
  class space    used 2004K, capacity 2139K, committed 2176K, reserved 1048576K
Event: 4.158 GC heap after
Heap after GC invocations=2 (full 0):
 PSYoungGen      total 38400K, used 5114K [0x00000000f5580000, 0x00000000f8000000, 0x0000000100000000)
  eden space 33280K, 0% used [0x00000000f5580000,0x00000000f5580000,0x00000000f7600000)
  from space 5120K, 99% used [0x00000000f7b00000,0x00000000f7ffe8b0,0x00000000f8000000)
  to   space 5120K, 0% used [0x00000000f7600000,0x00000000f7600000,0x00000000f7b00000)
 ParOldGen       total 87552K, used 2735K [0x00000000e0000000, 0x00000000e5580000, 0x00000000f5580000)
  object space 87552K, 3% used [0x00000000e0000000,0x00000000e02abc00,0x00000000e5580000)
 Metaspace       used 15676K, capacity 16190K, committed 16256K, reserved 1062912K
  class space    used 2004K, capacity 2139K, committed 2176K, reserved 1048576K
}
Event: 4.814 GC heap before
{Heap before GC invocations=3 (full 0):
 PSYoungGen      total 38400K, used 38394K [0x00000000f5580000, 0x00000000f8000000, 0x0000000100000000)
  eden space 33280K, 100% used [0x00000000f5580000,0x00000000f7600000,0x00000000f7600000)
  from space 5120K, 99% used [0x00000000f7b00000,0x00000000f7ffe8b0,0x00000000f8000000)
  to   space 5120K, 0% used [0x00000000f7600000,0x00000000f7600000,0x00000000f7b00000)
 ParOldGen       total 87552K, used 2735K [0x00000000e0000000, 0x00000000e5580000, 0x00000000f5580000)
  object space 87552K, 3% used [0x00000000e0000000,0x00000000e02abc00,0x00000000e5580000)
 Metaspace       used 19178K, capacity 19760K, committed 19968K, reserved 1067008K
  class space    used 2613K, capacity 2758K, committed 2816K, reserved 1048576K
Event: 4.827 GC heap after
Heap after GC invocations=3 (full 0):
 PSYoungGen      total 38400K, used 5099K [0x00000000f5580000, 0x00000000f8000000, 0x0000000100000000)
  eden space 33280K, 0% used [0x00000000f5580000,0x00000000f5580000,0x00000000f7600000)
  from space 5120K, 99% used [0x00000000f7600000,0x00000000f7afaf38,0x00000000f7b00000)
  to   space 5120K, 0% used [0x00000000f7b00000,0x00000000f7b00000,0x00000000f8000000)
 ParOldGen       total 87552K, used 5471K [0x00000000e0000000, 0x00000000e5580000, 0x00000000f5580000)
  object space 87552K, 6% used [0x00000000e0000000,0x00000000e0557fe8,0x00000000e5580000)
 Metaspace       used 19178K, capacity 19760K, committed 19968K, reserved 1067008K
  class space    used 2613K, capacity 2758K, committed 2816K, reserved 1048576K
}
Event: 4.950 GC heap before
{Heap before GC invocations=4 (full 0):
 PSYoungGen      total 38400K, used 15575K [0x00000000f5580000, 0x00000000f8000000, 0x0000000100000000)
  eden space 33280K, 31% used [0x00000000f5580000,0x00000000f5fbaf58,0x00000000f7600000)
  from space 5120K, 99% used [0x00000000f7600000,0x00000000f7afaf38,0x00000000f7b00000)
  to   space 5120K, 0% used [0x00000000f7b00000,0x00000000f7b00000,0x00000000f8000000)
 ParOldGen       total 87552K, used 5471K [0x00000000e0000000, 0x00000000e5580000, 0x00000000f5580000)
  object space 87552K, 6% used [0x00000000e0000000,0x00000000e0557fe8,0x00000000e5580000)
 Metaspace       used 20526K, capacity 21098K, committed 21248K, reserved 1067008K
  class space    used 2784K, capacity 2947K, committed 3072K, reserved 1048576K
Event: 4.960 GC heap after
Heap after GC invocations=4 (full 0):
 PSYoungGen      total 38400K, used 5113K [0x00000000f5580000, 0x00000000f8000000, 0x0000000100000000)
  eden space 33280K, 0% used [0x00000000f5580000,0x00000000f5580000,0x00000000f7600000)
  from space 5120K, 99% used [0x00000000f7b00000,0x00000000f7ffe620,0x00000000f8000000)
  to   space 5120K, 0% used [0x00000000f7600000,0x00000000f7600000,0x00000000f7b00000)
 ParOldGen       total 87552K, used 6583K [0x00000000e0000000, 0x00000000e5580000, 0x00000000f5580000)
  object space 87552K, 7% used [0x00000000e0000000,0x00000000e066de40,0x00000000e5580000)
 Metaspace       used 20526K, capacity 21098K, committed 21248K, reserved 1067008K
  class space    used 2784K, capacity 2947K, committed 3072K, reserved 1048576K
}
Event: 4.960 GC heap before
{Heap before GC invocations=5 (full 1):
 PSYoungGen      total 38400K, used 5113K [0x00000000f5580000, 0x00000000f8000000, 0x0000000100000000)
  eden space 33280K, 0% used [0x00000000f5580000,0x00000000f5580000,0x00000000f7600000)
  from space 5120K, 99% used [0x00000000f7b00000,0x00000000f7ffe620,0x00000000f8000000)
  to   space 5120K, 0% used [0x00000000f7600000,0x00000000f7600000,0x00000000f7b00000)
 ParOldGen       total 87552K, used 6583K [0x00000000e0000000, 0x00000000e5580000, 0x00000000f5580000)
  object space 87552K, 7% used [0x00000000e0000000,0x00000000e066de40,0x00000000e5580000)
 Metaspace       used 20526K, capacity 21098K, committed 21248K, reserved 1067008K
  class space    used 2784K, capacity 2947K, committed 3072K, reserved 1048576K
Event: 5.003 GC heap after
Heap after GC invocations=5 (full 1):
 PSYoungGen      total 38400K, used 0K [0x00000000f5580000, 0x00000000f8000000, 0x0000000100000000)
  eden space 33280K, 0% used [0x00000000f5580000,0x00000000f5580000,0x00000000f7600000)
  from space 5120K, 0% used [0x00000000f7b00000,0x00000000f7b00000,0x00000000f8000000)
  to   space 5120K, 0% used [0x00000000f7600000,0x00000000f7600000,0x00000000f7b00000)
 ParOldGen       total 50688K, used 6118K [0x00000000e0000000, 0x00000000e3180000, 0x00000000f5580000)
  object space 50688K, 12% used [0x00000000e0000000,0x00000000e05f99e0,0x00000000e3180000)
 Metaspace       used 20526K, capacity 21098K, committed 21248K, reserved 1067008K
  class space    used 2784K, capacity 2947K, committed 3072K, reserved 1048576K
}
Event: 5.579 GC heap before
{Heap before GC invocations=6 (full 1):
 PSYoungGen      total 38400K, used 33280K [0x00000000f5580000, 0x00000000f8000000, 0x0000000100000000)
  eden space 33280K, 100% used [0x00000000f5580000,0x00000000f7600000,0x00000000f7600000)
  from space 5120K, 0% used [0x00000000f7b00000,0x00000000f7b00000,0x00000000f8000000)
  to   space 5120K, 0% used [0x00000000f7600000,0x00000000f7600000,0x00000000f7b00000)
 ParOldGen       total 50688K, used 6118K [0x00000000e0000000, 0x00000000e3180000, 0x00000000f5580000)
  object space 50688K, 12% used [0x00000000e0000000,0x00000000e05f99e0,0x00000000e3180000)
 Metaspace       used 23896K, capacity 24638K, committed 24960K, reserved 1071104K
  class space    used 3163K, capacity 3359K, committed 3456K, reserved 1048576K
Event: 5.587 GC heap after
Heap after GC invocations=6 (full 1):
 PSYoungGen      total 38400K, used 5091K [0x00000000f5580000, 0x00000000f9f00000, 0x0000000100000000)
  eden space 33280K, 0% used [0x00000000f5580000,0x00000000f5580000,0x00000000f7600000)
  from space 5120K, 99% used [0x00000000f7600000,0x00000000f7af8e20,0x00000000f7b00000)
  to   space 8704K, 0% used [0x00000000f9680000,0x00000000f9680000,0x00000000f9f00000)
 ParOldGen       total 50688K, used 6126K [0x00000000e0000000, 0x00000000e3180000, 0x00000000f5580000)
  object space 50688K, 12% used [0x00000000e0000000,0x00000000e05fb9e0,0x00000000e3180000)
 Metaspace       used 23896K, capacity 24638K, committed 24960K, reserved 1071104K
  class space    used 3163K, capacity 3359K, committed 3456K, reserved 1048576K
}

Deoptimization events (10 events):
Event: 3.482 Thread 0x000000001678c000 Uncommon trap: reason=bimorphic action=maybe_recompile pc=0x000000000318f864 method=java.util.HashMap.putVal(ILjava/lang/Object;Ljava/lang/Object;ZZ)Ljava/lang/Object; @ 203
Event: 3.491 Thread 0x000000001678c000 Uncommon trap: reason=bimorphic action=maybe_recompile pc=0x000000000318f864 method=java.util.HashMap.putVal(ILjava/lang/Object;Ljava/lang/Object;ZZ)Ljava/lang/Object; @ 203
Event: 3.839 Thread 0x000000001678c000 Uncommon trap: reason=unstable_if action=reinterpret pc=0x0000000003111c70 method=java.util.HashMap.hash(Ljava/lang/Object;)I @ 1
Event: 4.352 Thread 0x000000001678c000 Uncommon trap: reason=unstable_if action=reinterpret pc=0x000000000323250c method=java.net.URL.<init>(Ljava/net/URL;Ljava/lang/String;Ljava/net/URLStreamHandler;)V @ 347
Event: 4.401 Thread 0x000000001678c000 Uncommon trap: reason=unstable_if action=reinterpret pc=0x00000000031dd1e4 method=java.util.concurrent.ConcurrentHashMap.putVal(Ljava/lang/Object;Ljava/lang/Object;Z)Ljava/lang/Object; @ 113
Event: 4.650 Thread 0x000000001678c000 Uncommon trap: reason=null_assert action=make_not_entrant pc=0x0000000003147824 method=java.util.zip.ZipEntry.<init>(Ljava/util/zip/ZipEntry;)V @ 70
Event: 4.673 Thread 0x000000001678c000 Uncommon trap: reason=unstable_if action=reinterpret pc=0x00000000030651e0 method=java.util.HashMap.hash(Ljava/lang/Object;)I @ 1
Event: 4.674 Thread 0x000000001678c000 Uncommon trap: reason=unstable_if action=reinterpret pc=0x000000000324eb38 method=org.springframework.boot.context.properties.source.ConfigurationPropertyName$ElementsParser.updateType(Lorg/springframework/boot/context/properties/source/ConfigurationPrope
Event: 4.911 Thread 0x0000000016b3c800 Uncommon trap: reason=unstable_if action=reinterpret pc=0x00000000031a3874 method=java.util.jar.Manifest$FastInputStream.readLine([BII)I @ 87
Event: 5.718 Thread 0x0000000016b3c800 Uncommon trap: reason=unstable_if action=reinterpret pc=0x00000000032dc668 method=jdk.internal.org.objectweb.asm.Type.getArgumentsAndReturnSizes(Ljava/lang/String;)I @ 47

Internal exceptions (10 events):
Event: 4.905 Thread 0x000000001678c000 Exception <a 'java/lang/ClassNotFoundException': org/springframework/core/PriorityOrderedCustomizer> (0x00000000f5bb49c8) thrown at [C:\re\workspace\8-2-build-windows-amd64-cygwin\jdk8u144\9417\hotspot\src\share\vm\classfile\systemDictionary.cpp, line 210
Event: 4.906 Thread 0x000000001678c000 Exception <a 'java/lang/ClassNotFoundException': org/springframework/core/OrderedCustomizer> (0x00000000f5bc39f8) thrown at [C:\re\workspace\8-2-build-windows-amd64-cygwin\jdk8u144\9417\hotspot\src\share\vm\classfile\systemDictionary.cpp, line 210]
Event: 4.907 Thread 0x000000001678c000 Exception <a 'java/lang/ClassNotFoundException': org/springframework/context/ResourceLoaderAwareCustomizer> (0x00000000f5bd67d0) thrown at [C:\re\workspace\8-2-build-windows-amd64-cygwin\jdk8u144\9417\hotspot\src\share\vm\classfile\systemDictionary.cpp, l
Event: 4.908 Thread 0x000000001678c000 Exception <a 'java/lang/ClassNotFoundException': org/springframework/beans/factory/AwareCustomizer> (0x00000000f5be8148) thrown at [C:\re\workspace\8-2-build-windows-amd64-cygwin\jdk8u144\9417\hotspot\src\share\vm\classfile\systemDictionary.cpp, line 210]
Event: 4.909 Thread 0x000000001678c000 Exception <a 'java/lang/ClassNotFoundException': org/springframework/beans/factory/BeanClassLoaderAwareCustomizer> (0x00000000f5c2f3e8) thrown at [C:\re\workspace\8-2-build-windows-amd64-cygwin\jdk8u144\9417\hotspot\src\share\vm\classfile\systemDictionary
Event: 4.910 Thread 0x000000001678c000 Exception <a 'java/lang/ClassNotFoundException': org/springframework/beans/factory/AwareCustomizer> (0x00000000f5c40d78) thrown at [C:\re\workspace\8-2-build-windows-amd64-cygwin\jdk8u144\9417\hotspot\src\share\vm\classfile\systemDictionary.cpp, line 210]
Event: 4.911 Thread 0x000000001678c000 Exception <a 'java/lang/ClassNotFoundException': org/springframework/context/EnvironmentAwareCustomizer> (0x00000000f5c52590) thrown at [C:\re\workspace\8-2-build-windows-amd64-cygwin\jdk8u144\9417\hotspot\src\share\vm\classfile\systemDictionary.cpp, line
Event: 4.912 Thread 0x000000001678c000 Exception <a 'java/lang/ClassNotFoundException': org/springframework/beans/factory/AwareCustomizer> (0x00000000f5c63e00) thrown at [C:\re\workspace\8-2-build-windows-amd64-cygwin\jdk8u144\9417\hotspot\src\share\vm\classfile\systemDictionary.cpp, line 210]
Event: 5.250 Thread 0x000000001678c000 Exception <a 'java/lang/IncompatibleClassChangeError': Found class java.lang.Object, but interface was expected> (0x00000000f62dd168) thrown at [C:\re\workspace\8-2-build-windows-amd64-cygwin\jdk8u144\9417\hotspot\src\share\vm\interpreter\linkResolver.cpp
Event: 5.725 Thread 0x0000000016b3c800 Exception <a 'java/lang/IncompatibleClassChangeError': Found class java.lang.Object, but interface was expected> (0x00000000f5d7abe8) thrown at [C:\re\workspace\8-2-build-windows-amd64-cygwin\jdk8u144\9417\hotspot\src\share\vm\interpreter\linkResolver.cpp

Events (10 events):
Event: 5.843 loading class org/apache/tomcat/util/digester/ArrayStack
Event: 5.843 loading class org/apache/tomcat/util/digester/ArrayStack done
Event: 5.843 loading class org/springframework/web/servlet/handler/AbstractHandlerMethodMapping
Event: 5.843 loading class org/springframework/web/servlet/handler/AbstractHandlerMethodMapping done
Event: 5.844 Executing VM operation: Deoptimize
Event: 5.844 Executing VM operation: Deoptimize done
Event: 5.849 loading class org/springframework/boot/autoconfigure/web/servlet/WelcomePageHandlerMapping
Event: 5.849 loading class org/springframework/boot/autoconfigure/web/servlet/WelcomePageHandlerMapping done
Event: 5.852 loading class org/springframework/web/accept/ContentNegotiationManager
Event: 5.852 loading class org/springframework/web/accept/ContentNegotiationManager done


Dynamic libraries:
0x00007ff6439c0000 - 0x00007ff6439f7000 	C:\Program Files\Java\jdk1.8.0_144\bin\java.exe
0x00007fffa9c70000 - 0x00007fffa9e65000 	C:\WINDOWS\SYSTEM32\ntdll.dll
0x00007fffa9a90000 - 0x00007fffa9b4d000 	C:\WINDOWS\System32\KERNEL32.DLL
0x00007fffa7590000 - 0x00007fffa7858000 	C:\WINDOWS\System32\KERNELBASE.dll
0x00007fffa8050000 - 0x00007fffa80fc000 	C:\WINDOWS\System32\ADVAPI32.dll
0x00007fffa8f20000 - 0x00007fffa8fbe000 	C:\WINDOWS\System32\msvcrt.dll
0x00007fffa7ce0000 - 0x00007fffa7d7b000 	C:\WINDOWS\System32\sechost.dll
0x00007fffa7f00000 - 0x00007fffa802b000 	C:\WINDOWS\System32\RPCRT4.dll
0x00007fffa84a0000 - 0x00007fffa8640000 	C:\WINDOWS\System32\USER32.dll
0x00007fffa73b0000 - 0x00007fffa73d2000 	C:\WINDOWS\System32\win32u.dll
0x00007fffa9c00000 - 0x00007fffa9c2a000 	C:\WINDOWS\System32\GDI32.dll
0x00007fffa7a70000 - 0x00007fffa7b7b000 	C:\WINDOWS\System32\gdi32full.dll
0x00007fffa78f0000 - 0x00007fffa798d000 	C:\WINDOWS\System32\msvcp_win.dll
0x00007fffa73e0000 - 0x00007fffa74e0000 	C:\WINDOWS\System32\ucrtbase.dll
0x00007fff93380000 - 0x00007fff9361a000 	C:\WINDOWS\WinSxS\amd64_microsoft.windows.common-controls_6595b64144ccf1df_6.0.19041.1052_none_60b8f8fd71f5e8cb\COMCTL32.dll
0x00007fffa8110000 - 0x00007fffa8140000 	C:\WINDOWS\System32\IMM32.DLL
0x0000000057490000 - 0x0000000057562000 	C:\Program Files\Java\jdk1.8.0_144\jre\bin\msvcr100.dll
0x0000000055850000 - 0x00000000560ed000 	C:\Program Files\Java\jdk1.8.0_144\jre\bin\server\jvm.dll
0x00007fffa8100000 - 0x00007fffa8108000 	C:\WINDOWS\System32\PSAPI.DLL
0x00007fff975c0000 - 0x00007fff975e7000 	C:\WINDOWS\SYSTEM32\WINMM.dll
0x00007fffa6290000 - 0x00007fffa629a000 	C:\WINDOWS\SYSTEM32\VERSION.dll
0x00007fff87230000 - 0x00007fff87239000 	C:\WINDOWS\SYSTEM32\WSOCK32.dll
0x00007fffa91f0000 - 0x00007fffa925b000 	C:\WINDOWS\System32\WS2_32.dll
0x0000000057480000 - 0x000000005748f000 	C:\Program Files\Java\jdk1.8.0_144\jre\bin\verify.dll
0x0000000057450000 - 0x0000000057479000 	C:\Program Files\Java\jdk1.8.0_144\jre\bin\java.dll
0x0000000057430000 - 0x0000000057446000 	C:\Program Files\Java\jdk1.8.0_144\jre\bin\zip.dll
0x00007fffa9260000 - 0x00007fffa999f000 	C:\WINDOWS\System32\SHELL32.dll
0x00007fffa5ac0000 - 0x00007fffa6250000 	C:\WINDOWS\SYSTEM32\windows.storage.dll
0x00007fffa8140000 - 0x00007fffa8495000 	C:\WINDOWS\System32\combase.dll
0x00007fffa6e20000 - 0x00007fffa6e4c000 	C:\WINDOWS\SYSTEM32\Wldp.dll
0x00007fffa8640000 - 0x00007fffa86ee000 	C:\WINDOWS\System32\SHCORE.dll
0x00007fffa9a30000 - 0x00007fffa9a85000 	C:\WINDOWS\System32\shlwapi.dll
0x00007fffa72f0000 - 0x00007fffa730f000 	C:\WINDOWS\SYSTEM32\profapi.dll
0x0000000057410000 - 0x000000005742a000 	C:\Program Files\Java\jdk1.8.0_144\jre\bin\net.dll
0x00007fffa6b90000 - 0x00007fffa6bfa000 	C:\WINDOWS\system32\mswsock.dll
0x00000000573f0000 - 0x0000000057401000 	C:\Program Files\Java\jdk1.8.0_144\jre\bin\nio.dll
0x00007fffa6d70000 - 0x00007fffa6d88000 	C:\WINDOWS\SYSTEM32\CRYPTSP.dll
0x00007fffa64c0000 - 0x00007fffa64f4000 	C:\WINDOWS\system32\rsaenh.dll
0x00007fffa79e0000 - 0x00007fffa7a07000 	C:\WINDOWS\System32\bcrypt.dll
0x00007fffa7270000 - 0x00007fffa729e000 	C:\WINDOWS\SYSTEM32\USERENV.dll
0x00007fffa7860000 - 0x00007fffa78e3000 	C:\WINDOWS\System32\bcryptprimitives.dll
0x00007fffa6d60000 - 0x00007fffa6d6c000 	C:\WINDOWS\SYSTEM32\CRYPTBASE.dll
0x00007fffa6830000 - 0x00007fffa686b000 	C:\WINDOWS\SYSTEM32\IPHLPAPI.DLL
0x00007fffa8040000 - 0x00007fffa8048000 	C:\WINDOWS\System32\NSI.dll
0x00007fff9e7a0000 - 0x00007fff9e7b7000 	C:\WINDOWS\SYSTEM32\dhcpcsvc6.DLL
0x00007fff9eda0000 - 0x00007fff9edbd000 	C:\WINDOWS\SYSTEM32\dhcpcsvc.DLL
0x00007fffa6870000 - 0x00007fffa693c000 	C:\WINDOWS\SYSTEM32\DNSAPI.dll
0x00000000573e0000 - 0x00000000573ed000 	C:\Program Files\Java\jdk1.8.0_144\jre\bin\management.dll
0x00007fff7b9c0000 - 0x00007fff7b9d7000 	C:\WINDOWS\system32\napinsp.dll
0x00007fff7b9a0000 - 0x00007fff7b9bb000 	C:\WINDOWS\system32\pnrpnsp.dll
0x00007fffa2490000 - 0x00007fffa24a5000 	C:\WINDOWS\system32\wshbth.dll
0x00007fffa2f70000 - 0x00007fffa2f8d000 	C:\WINDOWS\system32\NLAapi.dll
0x00007fff7b980000 - 0x00007fff7b992000 	C:\WINDOWS\System32\winrnr.dll
0x00007fff9f880000 - 0x00007fff9f88a000 	C:\Windows\System32\rasadhlp.dll
0x00007fff97890000 - 0x00007fff9790f000 	C:\WINDOWS\System32\fwpuclnt.dll

VM Arguments:
jvm_args: -Djava.security.manager=worker.org.gradle.process.internal.worker.child.BootstrapSecurityManager -Dorg.gradle.native=false -Xmx512m -Dfile.encoding=x-windows-949 -Duser.country=KR -Duser.language=ko -Duser.variant -ea 
java_command: worker.org.gradle.process.internal.worker.GradleWorkerMain 'Gradle Test Executor 2'
java_class_path (initial): C:\Users\rlaxo\.gradle\caches\6.8\workerMain\gradle-worker.jar
Launcher Type: SUN_STANDARD

Environment Variables:
JAVA_HOME=C:\Program Files\Java\jdk1.8.0_144
PATH=C:\ProgramData\Oracle\Java\javapath;C:\Program Files (x86)\Intel\iCLS Client\;C:\Program Files\Intel\iCLS Client\;C:\WINDOWS\system32;C:\WINDOWS;C:\WINDOWS\System32\Wbem;C:\WINDOWS\System32\WindowsPowerShell\v1.0\;C:\Program Files (x86)\Intel\Intel(R) Management Engine Components\DAL;C:\Program Files\Intel\Intel(R) Management Engine Components\DAL;C:\Program Files (x86)\Intel\Intel(R) Management Engine Components\IPT;C:\Program Files\Intel\Intel(R) Management Engine Components\IPT;C:\Program Files\Intel\WiFi\bin\;C:\Program Files\Common Files\Intel\WirelessCommon\;C:\Program Files\Java\jdk1.8.0_144\bin;C:\Program Files\dotnet\;C:\WINDOWS\system32;C:\WINDOWS;C:\WINDOWS\System32\Wbem;C:\WINDOWS\System32\WindowsPowerShell\v1.0\;C:\WINDOWS\System32\OpenSSH\;C:\Program Files\Microsoft SQL Server\Client SDK\ODBC\130\Tools\Binn\;C:\Program Files (x86)\Microsoft SQL Server\140\Tools\Binn\;C:\Program Files\Microsoft SQL Server\140\Tools\Binn\;C:\Program Files\Microsoft SQL Server\140\DTS\Binn\;C:\opencv\build\x64\vc15\bin;C:\Program Files\Microsoft SQL Server\130\Tools\Binn\;C:\Program Files\MySQL\MySQL Server 8.0\bin;C:\Program Files (x86)\Pulse Secure\VC142.CRT\X64\;C:\Program Files (x86)\Pulse Secure\VC142.CRT\X86\;C:\Program Files\Git\cmd\;C:\Program Files\Git\bin\;C:\Program Files\MySQL\MySQL Shell 8.0\bin\;C:\Users\rlaxo\AppData\Local\Microsoft\WindowsApps;C:\Program Files\Intel\WiFi\bin\;C:\Program Files\Common Files\Intel\WirelessCommon\;C:\Modeltech_pe_edu_10.4a\win32pe_edu;C:\Program Files\Bandizip\;C:\Users\rlaxo\Desktop\ffmpeg-4.1.3-win64-static\bin;
USERNAME=rlaxo
OS=Windows_NT
PROCESSOR_IDENTIFIER=Intel64 Family 6 Model 78 Stepping 3, GenuineIntel



---------------  S Y S T E M  ---------------

OS: Windows 10.0 , 64 bit Build 19041 (10.0.19041.1023)

CPU:total 4 (initial active 4) (2 cores per cpu, 2 threads per core) family 6 model 78 stepping 3, cmov, cx8, fxsr, mmx, sse, sse2, sse3, ssse3, sse4.1, sse4.2, popcnt, avx, avx2, aes, clmul, erms, 3dnowpref, lzcnt, ht, tsc, tscinvbit, bmi1, bmi2, adx

Memory: 4k page, physical 8305924k(704284k free), swap 8305924k(2128k free)

vm_info: Java HotSpot(TM) 64-Bit Server VM (25.144-b01) for windows-amd64 JRE (1.8.0_144-b01), built on Jul 21 2017 21:57:33 by "java_re" with MS VC++ 10.0 (VS2010)

time: Tue Jun 29 21:35:38 2021
elapsed time: 5 seconds (0d 0h 0m 5s)

