#
# There is insufficient memory for the Java Runtime Environment to continue.
# Native memory allocation (malloc) failed to allocate 1138656 bytes for Chunk::new
# Possible reasons:
#   The system is out of physical RAM or swap space
#   In 32 bit mode, the process size limit was hit
# Possible solutions:
#   Reduce memory load on the system
#   Increase physical memory or swap space
#   Check if swap backing store is full
#   Use 64 bit Java on a 64 bit OS
#   Decrease Java heap size (-Xmx/-Xms)
#   Decrease number of Java threads
#   Decrease Java thread stack sizes (-Xss)
#   Set larger code cache with -XX:ReservedCodeCacheSize=
# This output file may be truncated or incomplete.
#
#  Out of Memory Error (allocation.cpp:390), pid=17224, tid=0x0000000000003f00
#
# JRE version: Java(TM) SE Runtime Environment (8.0_144-b01) (build 1.8.0_144-b01)
# Java VM: Java HotSpot(TM) 64-Bit Server VM (25.144-b01 mixed mode windows-amd64 compressed oops)
# Failed to write core dump. Minidumps are not enabled by default on client versions of Windows
#

---------------  T H R E A D  ---------------

Current thread (0x0000000016b0a000):  JavaThread "C2 CompilerThread0" daemon [_thread_in_native, id=16128, stack(0x0000000017100000,0x0000000017200000)]

Stack: [0x0000000017100000,0x0000000017200000]
[error occurred during error reporting (printing stack bounds), id 0xc0000005]

Native frames: (J=compiled Java code, j=interpreted, Vv=VM code, C=native code)


Current CompileTask:
C2:   9724 1397       4       java.net.URLClassLoader$1::run (5 bytes)


---------------  P R O C E S S  ---------------

Java Threads: ( => current thread )
  0x00000000185c4800 JavaThread "File lock request listener" [_thread_in_native, id=16896, stack(0x000000001aea0000,0x000000001afa0000)]
  0x00000000185ca800 JavaThread "Cache worker for file hash cache (C:\Users\rlaxo\.gradle\caches\4.10.2\fileHashes)" [_thread_blocked, id=16340, stack(0x000000001ada0000,0x000000001aea0000)]
  0x00000000179fe800 JavaThread "Stdin handler" [_thread_blocked, id=3304, stack(0x0000000019ad0000,0x0000000019bd0000)]
  0x0000000017b99800 JavaThread "Asynchronous log dispatcher for DefaultDaemonConnection: socket connection from /127.0.0.1:13039 to /127.0.0.1:13040" [_thread_blocked, id=13824, stack(0x00000000199d0000,0x0000000019ad0000)]
  0x0000000017b97800 JavaThread "Daemon worker" [_thread_in_native, id=4424, stack(0x00000000198d0000,0x00000000199d0000)]
  0x0000000017b9f000 JavaThread "Cancel handler" [_thread_blocked, id=7256, stack(0x00000000197d0000,0x00000000198d0000)]
  0x0000000016ccd000 JavaThread "Handler for socket connection from /127.0.0.1:13039 to /127.0.0.1:13040" [_thread_in_native, id=17124, stack(0x00000000194d0000,0x00000000195d0000)]
  0x0000000016cc8800 JavaThread "Daemon" [_thread_blocked, id=18972, stack(0x00000000193d0000,0x00000000194d0000)]
  0x000000001790b800 JavaThread "Daemon periodic checks" [_thread_blocked, id=11540, stack(0x00000000192d0000,0x00000000193d0000)]
  0x0000000017c70800 JavaThread "Incoming local TCP Connector on port 13039" [_thread_in_native, id=11896, stack(0x00000000190f0000,0x00000000191f0000)]
  0x00000000184a9000 JavaThread "Daemon health stats" [_thread_blocked, id=13264, stack(0x0000000018dd0000,0x0000000018ed0000)]
  0x0000000016b7b800 JavaThread "Service Thread" daemon [_thread_blocked, id=19100, stack(0x0000000017400000,0x0000000017500000)]
  0x0000000016b13800 JavaThread "C1 CompilerThread2" daemon [_thread_blocked, id=19276, stack(0x0000000017300000,0x0000000017400000)]
  0x0000000016b0f800 JavaThread "C2 CompilerThread1" daemon [_thread_in_native, id=18528, stack(0x0000000017200000,0x0000000017300000)]
=>0x0000000016b0a000 JavaThread "C2 CompilerThread0" daemon [_thread_in_native, id=16128, stack(0x0000000017100000,0x0000000017200000)]
  0x000000001576d800 JavaThread "Attach Listener" daemon [_thread_blocked, id=19072, stack(0x0000000017000000,0x0000000017100000)]
  0x000000001571f800 JavaThread "Signal Dispatcher" daemon [_thread_blocked, id=18884, stack(0x0000000016f00000,0x0000000017000000)]
  0x000000000303a000 JavaThread "Finalizer" daemon [_thread_blocked, id=16464, stack(0x0000000016970000,0x0000000016a70000)]
  0x0000000003031000 JavaThread "Reference Handler" daemon [_thread_blocked, id=1576, stack(0x0000000016870000,0x0000000016970000)]
  0x000000000123e000 JavaThread "main" [_thread_blocked, id=17708, stack(0x0000000002e40000,0x0000000002f40000)]

Other Threads:
  0x00000000156d8000 VMThread [stack: 0x0000000016770000,0x0000000016870000] [id=13380]
  0x0000000016bcd000 WatcherThread [stack: 0x0000000017500000,0x0000000017600000] [id=7804]

VM state:not at safepoint (normal execution)

VM Mutex/Monitor currently owned by a thread: None

Heap:
 PSYoungGen      total 38400K, used 18128K [0x00000000eab00000, 0x00000000ed580000, 0x0000000100000000)
  eden space 33280K, 39% used [0x00000000eab00000,0x00000000eb7b9c18,0x00000000ecb80000)
  from space 5120K, 99% used [0x00000000ecb80000,0x00000000ed07a428,0x00000000ed080000)
  to   space 5120K, 0% used [0x00000000ed080000,0x00000000ed080000,0x00000000ed580000)
 ParOldGen       total 87552K, used 2395K [0x00000000c0000000, 0x00000000c5580000, 0x00000000eab00000)
  object space 87552K, 2% used [0x00000000c0000000,0x00000000c0256e90,0x00000000c5580000)
 Metaspace       used 14723K, capacity 15082K, committed 15360K, reserved 1062912K
  class space    used 2135K, capacity 2259K, committed 2304K, reserved 1048576K

Card table byte_map: [0x0000000012400000,0x0000000012610000] byte_map_base: 0x0000000011e00000

Marking Bits: (ParMarkBitMap*) 0x000000005606d850
 Begin Bits: [0x0000000012b70000, 0x0000000013b70000)
 End Bits:   [0x0000000013b70000, 0x0000000014b70000)

Polling page: 0x00000000012d0000

CodeCache: size=245760Kb used=5078Kb max_used=5078Kb free=240681Kb
 bounds [0x0000000003040000, 0x0000000003540000, 0x0000000012040000]
 total_blobs=1828 nmethods=1455 adapters=286
 compilation: enabled

Compilation events (10 events):
Event: 9.686 Thread 0x0000000016b13800 1447       3       org.gradle.internal.service.DefaultServiceRegistry$OwnServices::getService (309 bytes)
Event: 9.689 Thread 0x0000000016b13800 nmethod 1447 0x000000000352cb50 code [0x000000000352d040, 0x000000000352ffb8]
Event: 9.696 Thread 0x0000000016b13800 1449   !   3       java.util.WeakHashMap::expungeStaleEntries (139 bytes)
Event: 9.697 Thread 0x0000000016b13800 nmethod 1449 0x00000000035315d0 code [0x00000000035317a0, 0x00000000035322a8]
Event: 9.700 Thread 0x0000000016b13800 1450       3       java.lang.Class::privateGetDeclaredFields (67 bytes)
Event: 9.701 Thread 0x0000000016b13800 nmethod 1450 0x00000000035328d0 code [0x0000000003532ac0, 0x00000000035333e8]
Event: 9.706 Thread 0x0000000016b13800 1451       3       java.util.concurrent.locks.AbstractOwnableSynchronizer::setExclusiveOwnerThread (6 bytes)
Event: 9.706 Thread 0x0000000016b13800 nmethod 1451 0x0000000003533790 code [0x00000000035338e0, 0x0000000003533a50]
Event: 9.718 Thread 0x0000000016b13800 1452       3       java.util.concurrent.ConcurrentLinkedQueue::<init> (22 bytes)
Event: 9.718 Thread 0x0000000016b13800 nmethod 1452 0x0000000003533cd0 code [0x0000000003533e60, 0x0000000003534230]

GC Heap History (6 events):
Event: 1.385 GC heap before
{Heap before GC invocations=1 (full 0):
 PSYoungGen      total 38400K, used 33280K [0x00000000eab00000, 0x00000000ed580000, 0x0000000100000000)
  eden space 33280K, 100% used [0x00000000eab00000,0x00000000ecb80000,0x00000000ecb80000)
  from space 5120K, 0% used [0x00000000ed080000,0x00000000ed080000,0x00000000ed580000)
  to   space 5120K, 0% used [0x00000000ecb80000,0x00000000ecb80000,0x00000000ed080000)
 ParOldGen       total 87552K, used 0K [0x00000000c0000000, 0x00000000c5580000, 0x00000000eab00000)
  object space 87552K, 0% used [0x00000000c0000000,0x00000000c0000000,0x00000000c5580000)
 Metaspace       used 6857K, capacity 7066K, committed 7424K, reserved 1056768K
  class space    used 857K, capacity 911K, committed 1024K, reserved 1048576K
Event: 1.393 GC heap after
Heap after GC invocations=1 (full 0):
 PSYoungGen      total 38400K, used 4474K [0x00000000eab00000, 0x00000000ed580000, 0x0000000100000000)
  eden space 33280K, 0% used [0x00000000eab00000,0x00000000eab00000,0x00000000ecb80000)
  from space 5120K, 87% used [0x00000000ecb80000,0x00000000ecfde928,0x00000000ed080000)
  to   space 5120K, 0% used [0x00000000ed080000,0x00000000ed080000,0x00000000ed580000)
 ParOldGen       total 87552K, used 8K [0x00000000c0000000, 0x00000000c5580000, 0x00000000eab00000)
  object space 87552K, 0% used [0x00000000c0000000,0x00000000c0002000,0x00000000c5580000)
 Metaspace       used 6857K, capacity 7066K, committed 7424K, reserved 1056768K
  class space    used 857K, capacity 911K, committed 1024K, reserved 1048576K
}
Event: 2.277 GC heap before
{Heap before GC invocations=2 (full 0):
 PSYoungGen      total 38400K, used 37754K [0x00000000eab00000, 0x00000000ed580000, 0x0000000100000000)
  eden space 33280K, 100% used [0x00000000eab00000,0x00000000ecb80000,0x00000000ecb80000)
  from space 5120K, 87% used [0x00000000ecb80000,0x00000000ecfde928,0x00000000ed080000)
  to   space 5120K, 0% used [0x00000000ed080000,0x00000000ed080000,0x00000000ed580000)
 ParOldGen       total 87552K, used 8K [0x00000000c0000000, 0x00000000c5580000, 0x00000000eab00000)
  object space 87552K, 0% used [0x00000000c0000000,0x00000000c0002000,0x00000000c5580000)
 Metaspace       used 9311K, capacity 9576K, committed 9856K, reserved 1058816K
  class space    used 1279K, capacity 1360K, committed 1408K, reserved 1048576K
Event: 2.284 GC heap after
Heap after GC invocations=2 (full 0):
 PSYoungGen      total 38400K, used 5113K [0x00000000eab00000, 0x00000000ed580000, 0x0000000100000000)
  eden space 33280K, 0% used [0x00000000eab00000,0x00000000eab00000,0x00000000ecb80000)
  from space 5120K, 99% used [0x00000000ed080000,0x00000000ed57e560,0x00000000ed580000)
  to   space 5120K, 0% used [0x00000000ecb80000,0x00000000ecb80000,0x00000000ed080000)
 ParOldGen       total 87552K, used 64K [0x00000000c0000000, 0x00000000c5580000, 0x00000000eab00000)
  object space 87552K, 0% used [0x00000000c0000000,0x00000000c0010000,0x00000000c5580000)
 Metaspace       used 9311K, capacity 9576K, committed 9856K, reserved 1058816K
  class space    used 1279K, capacity 1360K, committed 1408K, reserved 1048576K
}
Event: 9.546 GC heap before
{Heap before GC invocations=3 (full 0):
 PSYoungGen      total 38400K, used 38393K [0x00000000eab00000, 0x00000000ed580000, 0x0000000100000000)
  eden space 33280K, 100% used [0x00000000eab00000,0x00000000ecb80000,0x00000000ecb80000)
  from space 5120K, 99% used [0x00000000ed080000,0x00000000ed57e560,0x00000000ed580000)
  to   space 5120K, 0% used [0x00000000ecb80000,0x00000000ecb80000,0x00000000ed080000)
 ParOldGen       total 87552K, used 64K [0x00000000c0000000, 0x00000000c5580000, 0x00000000eab00000)
  object space 87552K, 0% used [0x00000000c0000000,0x00000000c0010000,0x00000000c5580000)
 Metaspace       used 13768K, capacity 14150K, committed 14464K, reserved 1060864K
  class space    used 1971K, capacity 2097K, committed 2176K, reserved 1048576K
Event: 9.554 GC heap after
Heap after GC invocations=3 (full 0):
 PSYoungGen      total 38400K, used 5097K [0x00000000eab00000, 0x00000000ed580000, 0x0000000100000000)
  eden space 33280K, 0% used [0x00000000eab00000,0x00000000eab00000,0x00000000ecb80000)
  from space 5120K, 99% used [0x00000000ecb80000,0x00000000ed07a428,0x00000000ed080000)
  to   space 5120K, 0% used [0x00000000ed080000,0x00000000ed080000,0x00000000ed580000)
 ParOldGen       total 87552K, used 2395K [0x00000000c0000000, 0x00000000c5580000, 0x00000000eab00000)
  object space 87552K, 2% used [0x00000000c0000000,0x00000000c0256e90,0x00000000c5580000)
 Metaspace       used 13768K, capacity 14150K, committed 14464K, reserved 1060864K
  class space    used 1971K, capacity 2097K, committed 2176K, reserved 1048576K
}

Deoptimization events (10 events):
Event: 9.213 Thread 0x0000000017b97800 Uncommon trap: reason=bimorphic action=maybe_recompile pc=0x00000000032db6b4 method=java.util.HashMap.putVal(ILjava/lang/Object;Ljava/lang/Object;ZZ)Ljava/lang/Object; @ 253
Event: 9.213 Thread 0x0000000017b97800 Uncommon trap: reason=bimorphic action=maybe_recompile pc=0x00000000032db6b4 method=java.util.HashMap.putVal(ILjava/lang/Object;Ljava/lang/Object;ZZ)Ljava/lang/Object; @ 253
Event: 9.214 Thread 0x0000000017b97800 Uncommon trap: reason=bimorphic action=maybe_recompile pc=0x00000000032db6b4 method=java.util.HashMap.putVal(ILjava/lang/Object;Ljava/lang/Object;ZZ)Ljava/lang/Object; @ 253
Event: 9.214 Thread 0x0000000017b97800 Uncommon trap: reason=bimorphic action=maybe_recompile pc=0x00000000032db6b4 method=java.util.HashMap.putVal(ILjava/lang/Object;Ljava/lang/Object;ZZ)Ljava/lang/Object; @ 253
Event: 9.214 Thread 0x0000000017b97800 Uncommon trap: reason=bimorphic action=maybe_recompile pc=0x00000000032d6b88 method=java.util.HashMap.putVal(ILjava/lang/Object;Ljava/lang/Object;ZZ)Ljava/lang/Object; @ 253
Event: 9.617 Thread 0x0000000017b97800 Uncommon trap: reason=class_check action=maybe_recompile pc=0x00000000033174c4 method=java.util.regex.Matcher.match(II)Z @ 86
Event: 9.636 Thread 0x0000000017b97800 Uncommon trap: reason=class_check action=maybe_recompile pc=0x00000000033174c4 method=java.util.regex.Matcher.match(II)Z @ 86
Event: 9.636 Thread 0x0000000017b97800 Uncommon trap: reason=class_check action=maybe_recompile pc=0x00000000033174c4 method=java.util.regex.Matcher.match(II)Z @ 86
Event: 9.636 Thread 0x0000000017b97800 Uncommon trap: reason=class_check action=maybe_recompile pc=0x00000000032cff5c method=java.util.regex.Matcher.match(II)Z @ 86
Event: 9.663 Thread 0x0000000017b97800 Uncommon trap: reason=unstable_if action=reinterpret pc=0x00000000034d21c0 method=java.util.WeakHashMap.expungeStaleEntries()V @ 9

Internal exceptions (10 events):
Event: 9.134 Thread 0x0000000016ccd000 Exception <a 'java/lang/NoSuchMethodError': <clinit>> (0x00000000eb1b77c8) thrown at [C:\re\workspace\8-2-build-windows-amd64-cygwin\jdk8u144\9417\hotspot\src\share\vm\prims\jni.cpp, line 1613]
Event: 9.135 Thread 0x0000000016ccd000 Exception <a 'java/lang/NoSuchMethodError': <clinit>> (0x00000000eb1c0da8) thrown at [C:\re\workspace\8-2-build-windows-amd64-cygwin\jdk8u144\9417\hotspot\src\share\vm\prims\jni.cpp, line 1613]
Event: 9.141 Thread 0x0000000016ccd000 Exception <a 'java/lang/NoSuchMethodError': <clinit>> (0x00000000eb1e8158) thrown at [C:\re\workspace\8-2-build-windows-amd64-cygwin\jdk8u144\9417\hotspot\src\share\vm\prims\jni.cpp, line 1613]
Event: 9.143 Thread 0x0000000016ccd000 Exception <a 'java/lang/NoSuchMethodError': <clinit>> (0x00000000eb200190) thrown at [C:\re\workspace\8-2-build-windows-amd64-cygwin\jdk8u144\9417\hotspot\src\share\vm\prims\jni.cpp, line 1613]
Event: 9.144 Thread 0x0000000016ccd000 Exception <a 'java/lang/NoSuchMethodError': <clinit>> (0x00000000eb208c58) thrown at [C:\re\workspace\8-2-build-windows-amd64-cygwin\jdk8u144\9417\hotspot\src\share\vm\prims\jni.cpp, line 1613]
Event: 9.146 Thread 0x0000000016ccd000 Exception <a 'java/lang/NoSuchMethodError': <clinit>> (0x00000000eb21ed50) thrown at [C:\re\workspace\8-2-build-windows-amd64-cygwin\jdk8u144\9417\hotspot\src\share\vm\prims\jni.cpp, line 1613]
Event: 9.159 Thread 0x0000000016ccd000 Exception <a 'java/lang/NoSuchMethodError': <clinit>> (0x00000000eb2846a0) thrown at [C:\re\workspace\8-2-build-windows-amd64-cygwin\jdk8u144\9417\hotspot\src\share\vm\prims\jni.cpp, line 1613]
Event: 9.166 Thread 0x0000000016ccd000 Exception <a 'java/lang/NoSuchMethodError': <clinit>> (0x00000000eb2b0960) thrown at [C:\re\workspace\8-2-build-windows-amd64-cygwin\jdk8u144\9417\hotspot\src\share\vm\prims\jni.cpp, line 1613]
Event: 9.175 Thread 0x0000000016ccd000 Exception <a 'java/lang/NoSuchMethodError': <clinit>> (0x00000000eb2dfb38) thrown at [C:\re\workspace\8-2-build-windows-amd64-cygwin\jdk8u144\9417\hotspot\src\share\vm\prims\jni.cpp, line 1613]
Event: 9.176 Thread 0x0000000016ccd000 Exception <a 'java/lang/NoSuchMethodError': <clinit>> (0x00000000eb2eadd0) thrown at [C:\re\workspace\8-2-build-windows-amd64-cygwin\jdk8u144\9417\hotspot\src\share\vm\prims\jni.cpp, line 1613]

Events (10 events):
Event: 9.718 loading class org/gradle/internal/file/FileHierarchySet
Event: 9.718 loading class org/gradle/internal/file/FileHierarchySet done
Event: 9.718 loading class org/gradle/internal/file/DefaultFileHierarchySet$EmptyFileHierarchySet
Event: 9.718 loading class org/gradle/internal/file/DefaultFileHierarchySet$EmptyFileHierarchySet done
Event: 9.719 loading class java/util/Collections$SingletonList
Event: 9.719 loading class java/util/Collections$SingletonList done
Event: 9.719 loading class org/gradle/internal/file/DefaultFileHierarchySet$PrefixFileSet
Event: 9.719 loading class org/gradle/internal/file/DefaultFileHierarchySet$PrefixFileSet done
Event: 9.719 loading class org/gradle/internal/file/DefaultFileHierarchySet$Node
Event: 9.719 loading class org/gradle/internal/file/DefaultFileHierarchySet$Node done


Dynamic libraries:
0x00007ff6439c0000 - 0x00007ff6439f7000 	C:\Program Files\Java\jdk1.8.0_144\bin\java.exe
0x00007fffa9c70000 - 0x00007fffa9e65000 	C:\WINDOWS\SYSTEM32\ntdll.dll
0x00007fffa9a90000 - 0x00007fffa9b4d000 	C:\WINDOWS\System32\KERNEL32.DLL
0x00007fffa7590000 - 0x00007fffa7858000 	C:\WINDOWS\System32\KERNELBASE.dll
0x00007fffa8050000 - 0x00007fffa80fc000 	C:\WINDOWS\System32\ADVAPI32.dll
0x00007fffa8f20000 - 0x00007fffa8fbe000 	C:\WINDOWS\System32\msvcrt.dll
0x00007fffa7ce0000 - 0x00007fffa7d7b000 	C:\WINDOWS\System32\sechost.dll
0x00007fffa7f00000 - 0x00007fffa802b000 	C:\WINDOWS\System32\RPCRT4.dll
0x00007fffa84a0000 - 0x00007fffa8640000 	C:\WINDOWS\System32\USER32.dll
0x00007fffa73b0000 - 0x00007fffa73d2000 	C:\WINDOWS\System32\win32u.dll
0x00007fffa9c00000 - 0x00007fffa9c2a000 	C:\WINDOWS\System32\GDI32.dll
0x00007fffa7a70000 - 0x00007fffa7b7b000 	C:\WINDOWS\System32\gdi32full.dll
0x00007fffa78f0000 - 0x00007fffa798d000 	C:\WINDOWS\System32\msvcp_win.dll
0x00007fffa73e0000 - 0x00007fffa74e0000 	C:\WINDOWS\System32\ucrtbase.dll
0x00007fff93380000 - 0x00007fff9361a000 	C:\WINDOWS\WinSxS\amd64_microsoft.windows.common-controls_6595b64144ccf1df_6.0.19041.1052_none_60b8f8fd71f5e8cb\COMCTL32.dll
0x00007fffa8110000 - 0x00007fffa8140000 	C:\WINDOWS\System32\IMM32.DLL
0x0000000057490000 - 0x0000000057562000 	C:\Program Files\Java\jdk1.8.0_144\jre\bin\msvcr100.dll
0x0000000055850000 - 0x00000000560ed000 	C:\Program Files\Java\jdk1.8.0_144\jre\bin\server\jvm.dll
0x00007fffa8100000 - 0x00007fffa8108000 	C:\WINDOWS\System32\PSAPI.DLL
0x00007fff87230000 - 0x00007fff87239000 	C:\WINDOWS\SYSTEM32\WSOCK32.dll
0x00007fffa91f0000 - 0x00007fffa925b000 	C:\WINDOWS\System32\WS2_32.dll
0x00007fffa6290000 - 0x00007fffa629a000 	C:\WINDOWS\SYSTEM32\VERSION.dll
0x00007fff975c0000 - 0x00007fff975e7000 	C:\WINDOWS\SYSTEM32\WINMM.dll
0x0000000057480000 - 0x000000005748f000 	C:\Program Files\Java\jdk1.8.0_144\jre\bin\verify.dll
0x0000000057450000 - 0x0000000057479000 	C:\Program Files\Java\jdk1.8.0_144\jre\bin\java.dll
0x0000000057430000 - 0x0000000057446000 	C:\Program Files\Java\jdk1.8.0_144\jre\bin\zip.dll
0x00007fffa9260000 - 0x00007fffa999f000 	C:\WINDOWS\System32\SHELL32.dll
0x00007fffa5ac0000 - 0x00007fffa6250000 	C:\WINDOWS\SYSTEM32\windows.storage.dll
0x00007fffa8140000 - 0x00007fffa8495000 	C:\WINDOWS\System32\combase.dll
0x00007fffa6e20000 - 0x00007fffa6e4c000 	C:\WINDOWS\SYSTEM32\Wldp.dll
0x00007fffa8640000 - 0x00007fffa86ee000 	C:\WINDOWS\System32\SHCORE.dll
0x00007fffa9a30000 - 0x00007fffa9a85000 	C:\WINDOWS\System32\shlwapi.dll
0x00007fffa72f0000 - 0x00007fffa730f000 	C:\WINDOWS\SYSTEM32\profapi.dll
0x0000000057410000 - 0x000000005742a000 	C:\Program Files\Java\jdk1.8.0_144\jre\bin\net.dll
0x00007fffa6b90000 - 0x00007fffa6bfa000 	C:\WINDOWS\system32\mswsock.dll
0x00000000573f0000 - 0x0000000057401000 	C:\Program Files\Java\jdk1.8.0_144\jre\bin\nio.dll
0x00007fffa3140000 - 0x00007fffa315e000 	C:\Users\rlaxo\.gradle\native\25\windows-amd64\native-platform.dll
0x00000000573e0000 - 0x00000000573ed000 	C:\Program Files\Java\jdk1.8.0_144\jre\bin\management.dll
0x00007fffa6d70000 - 0x00007fffa6d88000 	C:\WINDOWS\SYSTEM32\CRYPTSP.dll
0x00007fffa64c0000 - 0x00007fffa64f4000 	C:\WINDOWS\system32\rsaenh.dll
0x00007fffa79e0000 - 0x00007fffa7a07000 	C:\WINDOWS\System32\bcrypt.dll
0x00007fffa7270000 - 0x00007fffa729e000 	C:\WINDOWS\SYSTEM32\USERENV.dll
0x00007fffa7860000 - 0x00007fffa78e3000 	C:\WINDOWS\System32\bcryptprimitives.dll
0x00007fffa6d60000 - 0x00007fffa6d6c000 	C:\WINDOWS\SYSTEM32\CRYPTBASE.dll
0x00007fffa6830000 - 0x00007fffa686b000 	C:\WINDOWS\SYSTEM32\IPHLPAPI.DLL
0x00007fffa8040000 - 0x00007fffa8048000 	C:\WINDOWS\System32\NSI.dll
0x00007fff9e7a0000 - 0x00007fff9e7b7000 	C:\WINDOWS\SYSTEM32\dhcpcsvc6.DLL
0x00007fff9eda0000 - 0x00007fff9edbd000 	C:\WINDOWS\SYSTEM32\dhcpcsvc.DLL
0x00007fffa6870000 - 0x00007fffa693c000 	C:\WINDOWS\SYSTEM32\DNSAPI.dll

VM Arguments:
jvm_args: -XX:+HeapDumpOnOutOfMemoryError -Xmx1024m -Dfile.encoding=x-windows-949 -Duser.country=KR -Duser.language=ko -Duser.variant 
java_command: org.gradle.launcher.daemon.bootstrap.GradleDaemon 4.10.2
java_class_path (initial): C:\Users\rlaxo\.gradle\wrapper\dists\gradle-4.10.2-bin\cghg6c4gf4vkiutgsab8yrnwv\gradle-4.10.2\lib\gradle-launcher-4.10.2.jar
Launcher Type: SUN_STANDARD

Environment Variables:
JAVA_HOME=C:\Program Files\Java\jdk1.8.0_144
PATH=C:\ProgramData\Oracle\Java\javapath;C:\Program Files (x86)\Intel\iCLS Client\;C:\Program Files\Intel\iCLS Client\;C:\WINDOWS\system32;C:\WINDOWS;C:\WINDOWS\System32\Wbem;C:\WINDOWS\System32\WindowsPowerShell\v1.0\;C:\Program Files (x86)\Intel\Intel(R) Management Engine Components\DAL;C:\Program Files\Intel\Intel(R) Management Engine Components\DAL;C:\Program Files (x86)\Intel\Intel(R) Management Engine Components\IPT;C:\Program Files\Intel\Intel(R) Management Engine Components\IPT;C:\Program Files\Intel\WiFi\bin\;C:\Program Files\Common Files\Intel\WirelessCommon\;C:\Program Files\Java\jdk1.8.0_144\bin;C:\Program Files\dotnet\;C:\WINDOWS\system32;C:\WINDOWS;C:\WINDOWS\System32\Wbem;C:\WINDOWS\System32\WindowsPowerShell\v1.0\;C:\WINDOWS\System32\OpenSSH\;C:\Program Files\Microsoft SQL Server\Client SDK\ODBC\130\Tools\Binn\;C:\Program Files (x86)\Microsoft SQL Server\140\Tools\Binn\;C:\Program Files\Microsoft SQL Server\140\Tools\Binn\;C:\Program Files\Microsoft SQL Server\140\DTS\Binn\;C:\opencv\build\x64\vc15\bin;C:\Program Files\Microsoft SQL Server\130\Tools\Binn\;C:\Program Files\MySQL\MySQL Server 8.0\bin;C:\Program Files (x86)\Pulse Secure\VC142.CRT\X64\;C:\Program Files (x86)\Pulse Secure\VC142.CRT\X86\;C:\Program Files\Git\cmd\;C:\Program Files\Git\bin\;C:\Program Files\MySQL\MySQL Shell 8.0\bin\;C:\Users\rlaxo\AppData\Local\Microsoft\WindowsApps;C:\Program Files\Intel\WiFi\bin\;C:\Program Files\Common Files\Intel\WirelessCommon\;C:\Modeltech_pe_edu_10.4a\win32pe_edu;C:\Program Files\Bandizip\;C:\Users\rlaxo\Desktop\ffmpeg-4.1.3-win64-static\bin;
USERNAME=rlaxo
OS=Windows_NT
PROCESSOR_IDENTIFIER=Intel64 Family 6 Model 78 Stepping 3, GenuineIntel



---------------  S Y S T E M  ---------------

OS: Windows 10.0 , 64 bit Build 19041 (10.0.19041.1023)

CPU:total 4 (initial active 4) (2 cores per cpu, 2 threads per core) family 6 model 78 stepping 3, cmov, cx8, fxsr, mmx, sse, sse2, sse3, ssse3, sse4.1, sse4.2, popcnt, avx, avx2, aes, clmul, erms, 3dnowpref, lzcnt, ht, tsc, tscinvbit, bmi1, bmi2, adx

Memory: 4k page, physical 8305924k(499668k free), swap 8305924k(5772k free)

vm_info: Java HotSpot(TM) 64-Bit Server VM (25.144-b01) for windows-amd64 JRE (1.8.0_144-b01), built on Jul 21 2017 21:57:33 by "java_re" with MS VC++ 10.0 (VS2010)

time: Tue Jun 29 23:21:38 2021
elapsed time: 9 seconds (0d 0h 0m 9s)

