#
# There is insufficient memory for the Java Runtime Environment to continue.
# Native memory allocation (malloc) failed to allocate 969696 bytes for Chunk::new
# Possible reasons:
#   The system is out of physical RAM or swap space
#   In 32 bit mode, the process size limit was hit
# Possible solutions:
#   Reduce memory load on the system
#   Increase physical memory or swap space
#   Check if swap backing store is full
#   Use 64 bit Java on a 64 bit OS
#   Decrease Java heap size (-Xmx/-Xms)
#   Decrease number of Java threads
#   Decrease Java thread stack sizes (-Xss)
#   Set larger code cache with -XX:ReservedCodeCacheSize=
# This output file may be truncated or incomplete.
#
#  Out of Memory Error (allocation.cpp:390), pid=6340, tid=0x0000000000000f9c
#
# JRE version: Java(TM) SE Runtime Environment (8.0_144-b01) (build 1.8.0_144-b01)
# Java VM: Java HotSpot(TM) 64-Bit Server VM (25.144-b01 mixed mode windows-amd64 compressed oops)
# Failed to write core dump. Minidumps are not enabled by default on client versions of Windows
#

---------------  T H R E A D  ---------------

Current thread (0x00000000171df800):  JavaThread "C2 CompilerThread1" daemon [_thread_in_native, id=3996, stack(0x00000000178d0000,0x00000000179d0000)]

Stack: [0x00000000178d0000,0x00000000179d0000]
[error occurred during error reporting (printing stack bounds), id 0xc0000005]

Native frames: (J=compiled Java code, j=interpreted, Vv=VM code, C=native code)


Current CompileTask:
C2:  11132 1373   !   4       java.net.URLClassLoader$1::run (63 bytes)


---------------  P R O C E S S  ---------------

Java Threads: ( => current thread )
  0x0000000018ef9800 JavaThread "Stdin handler" [_thread_blocked, id=9252, stack(0x000000001a180000,0x000000001a280000)]
  0x0000000018ef8800 JavaThread "Asynchronous log dispatcher for DefaultDaemonConnection: socket connection from /127.0.0.1:14522 to /127.0.0.1:14523" [_thread_blocked, id=18584, stack(0x000000001a080000,0x000000001a180000)]
  0x0000000018ef6000 JavaThread "Daemon worker" [_thread_in_Java, id=17532, stack(0x0000000019f80000,0x000000001a080000)]
  0x0000000017235800 JavaThread "Cancel handler" [_thread_blocked, id=18364, stack(0x0000000019e80000,0x0000000019f80000)]
  0x000000001801f000 JavaThread "Handler for socket connection from /127.0.0.1:14522 to /127.0.0.1:14523" [_thread_in_native, id=2952, stack(0x0000000019b80000,0x0000000019c80000)]
  0x000000001801c800 JavaThread "Daemon" [_thread_blocked, id=18444, stack(0x0000000019a80000,0x0000000019b80000)]
  0x000000001738b800 JavaThread "Daemon periodic checks" [_thread_blocked, id=13624, stack(0x0000000019980000,0x0000000019a80000)]
  0x0000000018e18000 JavaThread "Incoming local TCP Connector on port 14522" [_thread_in_native, id=16992, stack(0x00000000197a0000,0x00000000198a0000)]
  0x0000000018d7b800 JavaThread "Daemon health stats" [_thread_blocked, id=3532, stack(0x00000000194a0000,0x00000000195a0000)]
  0x0000000017254000 JavaThread "Service Thread" daemon [_thread_blocked, id=8744, stack(0x0000000017ad0000,0x0000000017bd0000)]
  0x00000000171e3800 JavaThread "C1 CompilerThread2" daemon [_thread_in_native, id=3388, stack(0x00000000179d0000,0x0000000017ad0000)]
=>0x00000000171df800 JavaThread "C2 CompilerThread1" daemon [_thread_in_native, id=3996, stack(0x00000000178d0000,0x00000000179d0000)]
  0x00000000171da000 JavaThread "C2 CompilerThread0" daemon [_thread_in_native, id=13500, stack(0x00000000177d0000,0x00000000178d0000)]
  0x0000000015ebc800 JavaThread "Attach Listener" daemon [_thread_blocked, id=15796, stack(0x00000000176d0000,0x00000000177d0000)]
  0x0000000015e70800 JavaThread "Signal Dispatcher" daemon [_thread_blocked, id=8316, stack(0x00000000175d0000,0x00000000176d0000)]
  0x000000000378a000 JavaThread "Finalizer" daemon [_thread_blocked, id=13304, stack(0x00000000170d0000,0x00000000171d0000)]
  0x0000000003781000 JavaThread "Reference Handler" daemon [_thread_blocked, id=8712, stack(0x0000000016fd0000,0x00000000170d0000)]
  0x000000000198e000 JavaThread "main" [_thread_blocked, id=16276, stack(0x0000000003160000,0x0000000003260000)]

Other Threads:
  0x0000000015e28000 VMThread [stack: 0x0000000016ed0000,0x0000000016fd0000] [id=16812]
  0x0000000017298800 WatcherThread [stack: 0x0000000017bd0000,0x0000000017cd0000] [id=13272]

VM state:not at safepoint (normal execution)

VM Mutex/Monitor currently owned by a thread: None

Heap:
 PSYoungGen      total 38400K, used 14258K [0x00000000eab00000, 0x00000000ed580000, 0x0000000100000000)
  eden space 33280K, 27% used [0x00000000eab00000,0x00000000eb3f2548,0x00000000ecb80000)
  from space 5120K, 99% used [0x00000000ecb80000,0x00000000ed07a630,0x00000000ed080000)
  to   space 5120K, 0% used [0x00000000ed080000,0x00000000ed080000,0x00000000ed580000)
 ParOldGen       total 87552K, used 2377K [0x00000000c0000000, 0x00000000c5580000, 0x00000000eab00000)
  object space 87552K, 2% used [0x00000000c0000000,0x00000000c0252688,0x00000000c5580000)
 Metaspace       used 14231K, capacity 14574K, committed 14848K, reserved 1062912K
  class space    used 2055K, capacity 2185K, committed 2304K, reserved 1048576K

Card table byte_map: [0x0000000012b50000,0x0000000012d60000] byte_map_base: 0x0000000012550000

Marking Bits: (ParMarkBitMap*) 0x00000000523dd850
 Begin Bits: [0x00000000132c0000, 0x00000000142c0000)
 End Bits:   [0x00000000142c0000, 0x00000000152c0000)

Polling page: 0x00000000014d0000

CodeCache: size=245760Kb used=4959Kb max_used=4959Kb free=240800Kb
 bounds [0x0000000003790000, 0x0000000003c70000, 0x0000000012790000]
 total_blobs=1771 nmethods=1401 adapters=283
 compilation: enabled

Compilation events (10 events):
Event: 11.113 Thread 0x00000000171e3800 nmethod 1394 0x0000000003c60510 code [0x0000000003c60660, 0x0000000003c60770]
Event: 11.117 Thread 0x00000000171e3800 1395       3       java.util.regex.Pattern$CharProperty::study (29 bytes)
Event: 11.117 Thread 0x00000000171e3800 nmethod 1395 0x0000000003c607d0 code [0x0000000003c60940, 0x0000000003c60b88]
Event: 11.117 Thread 0x00000000171e3800 1396       3       java.util.regex.Matcher::groupCount (10 bytes)
Event: 11.117 Thread 0x00000000171e3800 nmethod 1396 0x0000000003c60c50 code [0x0000000003c60da0, 0x0000000003c60ef0]
Event: 11.118 Thread 0x00000000171e3800 1397       3       java.util.regex.Pattern$GroupHead::match (47 bytes)
Event: 11.118 Thread 0x00000000171e3800 nmethod 1397 0x0000000003c60f90 code [0x0000000003c61100, 0x0000000003c613a8]
Event: 11.118 Thread 0x00000000171e3800 1398       3       java.util.regex.Matcher::group (112 bytes)
Event: 11.119 Thread 0x00000000171e3800 nmethod 1398 0x0000000003c61590 code [0x0000000003c617c0, 0x0000000003c62528]
Event: 11.129 Thread 0x00000000171e3800 1399       3       java.util.regex.Pattern$Ctype::isSatisfiedBy (24 bytes)

GC Heap History (6 events):
Event: 1.900 GC heap before
{Heap before GC invocations=1 (full 0):
 PSYoungGen      total 38400K, used 33280K [0x00000000eab00000, 0x00000000ed580000, 0x0000000100000000)
  eden space 33280K, 100% used [0x00000000eab00000,0x00000000ecb80000,0x00000000ecb80000)
  from space 5120K, 0% used [0x00000000ed080000,0x00000000ed080000,0x00000000ed580000)
  to   space 5120K, 0% used [0x00000000ecb80000,0x00000000ecb80000,0x00000000ed080000)
 ParOldGen       total 87552K, used 0K [0x00000000c0000000, 0x00000000c5580000, 0x00000000eab00000)
  object space 87552K, 0% used [0x00000000c0000000,0x00000000c0000000,0x00000000c5580000)
 Metaspace       used 6858K, capacity 7066K, committed 7424K, reserved 1056768K
  class space    used 857K, capacity 911K, committed 1024K, reserved 1048576K
Event: 1.911 GC heap after
Heap after GC invocations=1 (full 0):
 PSYoungGen      total 38400K, used 4393K [0x00000000eab00000, 0x00000000ed580000, 0x0000000100000000)
  eden space 33280K, 0% used [0x00000000eab00000,0x00000000eab00000,0x00000000ecb80000)
  from space 5120K, 85% used [0x00000000ecb80000,0x00000000ecfca6e8,0x00000000ed080000)
  to   space 5120K, 0% used [0x00000000ed080000,0x00000000ed080000,0x00000000ed580000)
 ParOldGen       total 87552K, used 8K [0x00000000c0000000, 0x00000000c5580000, 0x00000000eab00000)
  object space 87552K, 0% used [0x00000000c0000000,0x00000000c0002000,0x00000000c5580000)
 Metaspace       used 6858K, capacity 7066K, committed 7424K, reserved 1056768K
  class space    used 857K, capacity 911K, committed 1024K, reserved 1048576K
}
Event: 2.882 GC heap before
{Heap before GC invocations=2 (full 0):
 PSYoungGen      total 38400K, used 37673K [0x00000000eab00000, 0x00000000ed580000, 0x0000000100000000)
  eden space 33280K, 100% used [0x00000000eab00000,0x00000000ecb80000,0x00000000ecb80000)
  from space 5120K, 85% used [0x00000000ecb80000,0x00000000ecfca6e8,0x00000000ed080000)
  to   space 5120K, 0% used [0x00000000ed080000,0x00000000ed080000,0x00000000ed580000)
 ParOldGen       total 87552K, used 8K [0x00000000c0000000, 0x00000000c5580000, 0x00000000eab00000)
  object space 87552K, 0% used [0x00000000c0000000,0x00000000c0002000,0x00000000c5580000)
 Metaspace       used 9323K, capacity 9576K, committed 9856K, reserved 1058816K
  class space    used 1280K, capacity 1360K, committed 1408K, reserved 1048576K
Event: 2.891 GC heap after
Heap after GC invocations=2 (full 0):
 PSYoungGen      total 38400K, used 5114K [0x00000000eab00000, 0x00000000ed580000, 0x0000000100000000)
  eden space 33280K, 0% used [0x00000000eab00000,0x00000000eab00000,0x00000000ecb80000)
  from space 5120K, 99% used [0x00000000ed080000,0x00000000ed57ebd8,0x00000000ed580000)
  to   space 5120K, 0% used [0x00000000ecb80000,0x00000000ecb80000,0x00000000ed080000)
 ParOldGen       total 87552K, used 64K [0x00000000c0000000, 0x00000000c5580000, 0x00000000eab00000)
  object space 87552K, 0% used [0x00000000c0000000,0x00000000c0010000,0x00000000c5580000)
 Metaspace       used 9323K, capacity 9576K, committed 9856K, reserved 1058816K
  class space    used 1280K, capacity 1360K, committed 1408K, reserved 1048576K
}
Event: 10.915 GC heap before
{Heap before GC invocations=3 (full 0):
 PSYoungGen      total 38400K, used 38394K [0x00000000eab00000, 0x00000000ed580000, 0x0000000100000000)
  eden space 33280K, 100% used [0x00000000eab00000,0x00000000ecb80000,0x00000000ecb80000)
  from space 5120K, 99% used [0x00000000ed080000,0x00000000ed57ebd8,0x00000000ed580000)
  to   space 5120K, 0% used [0x00000000ecb80000,0x00000000ecb80000,0x00000000ed080000)
 ParOldGen       total 87552K, used 64K [0x00000000c0000000, 0x00000000c5580000, 0x00000000eab00000)
  object space 87552K, 0% used [0x00000000c0000000,0x00000000c0010000,0x00000000c5580000)
 Metaspace       used 13709K, capacity 14090K, committed 14208K, reserved 1060864K
  class space    used 1966K, capacity 2087K, committed 2176K, reserved 1048576K
Event: 10.925 GC heap after
Heap after GC invocations=3 (full 0):
 PSYoungGen      total 38400K, used 5097K [0x00000000eab00000, 0x00000000ed580000, 0x0000000100000000)
  eden space 33280K, 0% used [0x00000000eab00000,0x00000000eab00000,0x00000000ecb80000)
  from space 5120K, 99% used [0x00000000ecb80000,0x00000000ed07a630,0x00000000ed080000)
  to   space 5120K, 0% used [0x00000000ed080000,0x00000000ed080000,0x00000000ed580000)
 ParOldGen       total 87552K, used 2377K [0x00000000c0000000, 0x00000000c5580000, 0x00000000eab00000)
  object space 87552K, 2% used [0x00000000c0000000,0x00000000c0252688,0x00000000c5580000)
 Metaspace       used 13709K, capacity 14090K, committed 14208K, reserved 1060864K
  class space    used 1966K, capacity 2087K, committed 2176K, reserved 1048576K
}

Deoptimization events (10 events):
Event: 10.394 Thread 0x000000001801f000 Uncommon trap: reason=unstable_if action=reinterpret pc=0x0000000003b645f0 method=java.util.concurrent.ConcurrentHashMap.putVal(Ljava/lang/Object;Ljava/lang/Object;Z)Ljava/lang/Object; @ 206
Event: 10.465 Thread 0x0000000018ef6000 Uncommon trap: reason=bimorphic action=maybe_recompile pc=0x0000000003a28db4 method=java.util.HashMap.putVal(ILjava/lang/Object;Ljava/lang/Object;ZZ)Ljava/lang/Object; @ 253
Event: 10.466 Thread 0x0000000018ef6000 Uncommon trap: reason=bimorphic action=maybe_recompile pc=0x0000000003a28db4 method=java.util.HashMap.putVal(ILjava/lang/Object;Ljava/lang/Object;ZZ)Ljava/lang/Object; @ 253
Event: 10.466 Thread 0x0000000018ef6000 Uncommon trap: reason=bimorphic action=maybe_recompile pc=0x0000000003a28db4 method=java.util.HashMap.putVal(ILjava/lang/Object;Ljava/lang/Object;ZZ)Ljava/lang/Object; @ 253
Event: 10.466 Thread 0x0000000018ef6000 Uncommon trap: reason=bimorphic action=maybe_recompile pc=0x0000000003a28db4 method=java.util.HashMap.putVal(ILjava/lang/Object;Ljava/lang/Object;ZZ)Ljava/lang/Object; @ 253
Event: 10.466 Thread 0x0000000018ef6000 Uncommon trap: reason=bimorphic action=maybe_recompile pc=0x0000000003a24288 method=java.util.HashMap.putVal(ILjava/lang/Object;Ljava/lang/Object;ZZ)Ljava/lang/Object; @ 253
Event: 11.063 Thread 0x0000000018ef6000 Uncommon trap: reason=class_check action=maybe_recompile pc=0x0000000003a65984 method=java.util.regex.Matcher.match(II)Z @ 86
Event: 11.115 Thread 0x0000000018ef6000 Uncommon trap: reason=class_check action=maybe_recompile pc=0x0000000003a65984 method=java.util.regex.Matcher.match(II)Z @ 86
Event: 11.116 Thread 0x0000000018ef6000 Uncommon trap: reason=class_check action=maybe_recompile pc=0x0000000003a65984 method=java.util.regex.Matcher.match(II)Z @ 86
Event: 11.117 Thread 0x0000000018ef6000 Uncommon trap: reason=class_check action=maybe_recompile pc=0x0000000003a1f3dc method=java.util.regex.Matcher.match(II)Z @ 86

Internal exceptions (10 events):
Event: 2.736 Thread 0x000000000198e000 Exception <a 'java/lang/NoSuchFieldError': method resolution failed> (0x00000000ec7e2108) thrown at [C:\re\workspace\8-2-build-windows-amd64-cygwin\jdk8u144\9417\hotspot\src\share\vm\prims\methodHandles.cpp, line 1146]
Event: 2.739 Thread 0x000000000198e000 Exception <a 'java/lang/NoSuchFieldError': method resolution failed> (0x00000000ec7efe28) thrown at [C:\re\workspace\8-2-build-windows-amd64-cygwin\jdk8u144\9417\hotspot\src\share\vm\prims\methodHandles.cpp, line 1146]
Event: 10.273 Thread 0x000000000198e000 Exception <a 'java/io/IOException'> (0x00000000eaf87b28) thrown at [C:\re\workspace\8-2-build-windows-amd64-cygwin\jdk8u144\9417\hotspot\src\share\vm\prims\jni.cpp, line 709]
Event: 10.395 Thread 0x000000001801f000 Exception <a 'java/lang/NoSuchMethodError': <clinit>> (0x00000000eb1964f0) thrown at [C:\re\workspace\8-2-build-windows-amd64-cygwin\jdk8u144\9417\hotspot\src\share\vm\prims\jni.cpp, line 1613]
Event: 10.396 Thread 0x000000001801f000 Exception <a 'java/lang/NoSuchMethodError': <clinit>> (0x00000000eb1a00f0) thrown at [C:\re\workspace\8-2-build-windows-amd64-cygwin\jdk8u144\9417\hotspot\src\share\vm\prims\jni.cpp, line 1613]
Event: 10.397 Thread 0x000000001801f000 Exception <a 'java/lang/NoSuchMethodError': <clinit>> (0x00000000eb1aad40) thrown at [C:\re\workspace\8-2-build-windows-amd64-cygwin\jdk8u144\9417\hotspot\src\share\vm\prims\jni.cpp, line 1613]
Event: 10.406 Thread 0x000000001801f000 Exception <a 'java/lang/NoSuchMethodError': <clinit>> (0x00000000eb1fc998) thrown at [C:\re\workspace\8-2-build-windows-amd64-cygwin\jdk8u144\9417\hotspot\src\share\vm\prims\jni.cpp, line 1613]
Event: 10.422 Thread 0x000000001801f000 Exception <a 'java/lang/NoSuchMethodError': <clinit>> (0x00000000eb2343c0) thrown at [C:\re\workspace\8-2-build-windows-amd64-cygwin\jdk8u144\9417\hotspot\src\share\vm\prims\jni.cpp, line 1613]
Event: 10.429 Thread 0x000000001801f000 Exception <a 'java/lang/NoSuchMethodError': <clinit>> (0x00000000eb26a480) thrown at [C:\re\workspace\8-2-build-windows-amd64-cygwin\jdk8u144\9417\hotspot\src\share\vm\prims\jni.cpp, line 1613]
Event: 10.430 Thread 0x000000001801f000 Exception <a 'java/lang/NoSuchMethodError': <clinit>> (0x00000000eb2757c0) thrown at [C:\re\workspace\8-2-build-windows-amd64-cygwin\jdk8u144\9417\hotspot\src\share\vm\prims\jni.cpp, line 1613]

Events (10 events):
Event: 11.117 loading class java/util/TreeMap$KeySet
Event: 11.117 loading class java/util/NavigableSet
Event: 11.117 loading class java/util/NavigableSet done
Event: 11.117 loading class java/util/TreeMap$KeySet done
Event: 11.118 loading class java/util/TreeMap$Values
Event: 11.118 loading class java/util/TreeMap$Values done
Event: 11.118 loading class org/gradle/cache/internal/CacheVersion
Event: 11.118 loading class org/gradle/cache/internal/CacheVersion done
Event: 11.119 loading class org/apache/commons/lang/ArrayUtils
Event: 11.119 loading class org/apache/commons/lang/ArrayUtils done


Dynamic libraries:
0x00007ff7b0f50000 - 0x00007ff7b0f87000 	C:\Program Files\Java\jdk1.8.0_144\bin\java.exe
0x00007ff9ec3d0000 - 0x00007ff9ec5c5000 	C:\WINDOWS\SYSTEM32\ntdll.dll
0x00007ff9eacf0000 - 0x00007ff9eadad000 	C:\WINDOWS\System32\KERNEL32.DLL
0x00007ff9e9eb0000 - 0x00007ff9ea178000 	C:\WINDOWS\System32\KERNELBASE.dll
0x00007ff9ea440000 - 0x00007ff9ea4ec000 	C:\WINDOWS\System32\ADVAPI32.dll
0x00007ff9eb4c0000 - 0x00007ff9eb55e000 	C:\WINDOWS\System32\msvcrt.dll
0x00007ff9eadb0000 - 0x00007ff9eae4b000 	C:\WINDOWS\System32\sechost.dll
0x00007ff9eb100000 - 0x00007ff9eb22b000 	C:\WINDOWS\System32\RPCRT4.dll
0x00007ff9eba50000 - 0x00007ff9ebbf0000 	C:\WINDOWS\System32\USER32.dll
0x00007ff9e9c20000 - 0x00007ff9e9c42000 	C:\WINDOWS\System32\win32u.dll
0x00007ff9eb580000 - 0x00007ff9eb5aa000 	C:\WINDOWS\System32\GDI32.dll
0x00007ff9e9b10000 - 0x00007ff9e9c1b000 	C:\WINDOWS\System32\gdi32full.dll
0x00007ff9ea370000 - 0x00007ff9ea40d000 	C:\WINDOWS\System32\msvcp_win.dll
0x00007ff9ea270000 - 0x00007ff9ea370000 	C:\WINDOWS\System32\ucrtbase.dll
0x00007ff9d4ff0000 - 0x00007ff9d528a000 	C:\WINDOWS\WinSxS\amd64_microsoft.windows.common-controls_6595b64144ccf1df_6.0.19041.1052_none_60b8f8fd71f5e8cb\COMCTL32.dll
0x00007ff9eb5b0000 - 0x00007ff9eb5e0000 	C:\WINDOWS\System32\IMM32.DLL
0x0000000052460000 - 0x0000000052532000 	C:\Program Files\Java\jdk1.8.0_144\jre\bin\msvcr100.dll
0x0000000051bc0000 - 0x000000005245d000 	C:\Program Files\Java\jdk1.8.0_144\jre\bin\server\jvm.dll
0x00007ff9ec370000 - 0x00007ff9ec378000 	C:\WINDOWS\System32\PSAPI.DLL
0x00007ff9d9670000 - 0x00007ff9d9697000 	C:\WINDOWS\SYSTEM32\WINMM.dll
0x00007ff9e89f0000 - 0x00007ff9e89fa000 	C:\WINDOWS\SYSTEM32\VERSION.dll
0x00007ff9c5a70000 - 0x00007ff9c5a79000 	C:\WINDOWS\SYSTEM32\WSOCK32.dll
0x00007ff9eb450000 - 0x00007ff9eb4bb000 	C:\WINDOWS\System32\WS2_32.dll
0x0000000051bb0000 - 0x0000000051bbf000 	C:\Program Files\Java\jdk1.8.0_144\jre\bin\verify.dll
0x0000000051b80000 - 0x0000000051ba9000 	C:\Program Files\Java\jdk1.8.0_144\jre\bin\java.dll
0x0000000051b60000 - 0x0000000051b76000 	C:\Program Files\Java\jdk1.8.0_144\jre\bin\zip.dll
0x00007ff9ea4f0000 - 0x00007ff9eac2f000 	C:\WINDOWS\System32\SHELL32.dll
0x00007ff9e8220000 - 0x00007ff9e89b0000 	C:\WINDOWS\SYSTEM32\windows.storage.dll
0x00007ff9ebce0000 - 0x00007ff9ec035000 	C:\WINDOWS\System32\combase.dll
0x00007ff9e9580000 - 0x00007ff9e95ac000 	C:\WINDOWS\SYSTEM32\Wldp.dll
0x00007ff9eb050000 - 0x00007ff9eb0fe000 	C:\WINDOWS\System32\SHCORE.dll
0x00007ff9eb370000 - 0x00007ff9eb3c5000 	C:\WINDOWS\System32\shlwapi.dll
0x00007ff9e9a50000 - 0x00007ff9e9a6f000 	C:\WINDOWS\SYSTEM32\profapi.dll
0x0000000051b40000 - 0x0000000051b5a000 	C:\Program Files\Java\jdk1.8.0_144\jre\bin\net.dll
0x00007ff9e92f0000 - 0x00007ff9e935a000 	C:\WINDOWS\system32\mswsock.dll
0x0000000051b20000 - 0x0000000051b31000 	C:\Program Files\Java\jdk1.8.0_144\jre\bin\nio.dll
0x00007ff9e34a0000 - 0x00007ff9e34be000 	C:\Users\rlaxo\.gradle\native\25\windows-amd64\native-platform.dll
0x0000000051b10000 - 0x0000000051b1d000 	C:\Program Files\Java\jdk1.8.0_144\jre\bin\management.dll
0x00007ff9e94c0000 - 0x00007ff9e94d8000 	C:\WINDOWS\SYSTEM32\CRYPTSP.dll
0x00007ff9e8c20000 - 0x00007ff9e8c54000 	C:\WINDOWS\system32\rsaenh.dll
0x00007ff9ea410000 - 0x00007ff9ea437000 	C:\WINDOWS\System32\bcrypt.dll
0x00007ff9e99d0000 - 0x00007ff9e99fe000 	C:\WINDOWS\SYSTEM32\USERENV.dll
0x00007ff9ea1e0000 - 0x00007ff9ea263000 	C:\WINDOWS\System32\bcryptprimitives.dll
0x00007ff9e94e0000 - 0x00007ff9e94ec000 	C:\WINDOWS\SYSTEM32\CRYPTBASE.dll
0x00007ff9e8f90000 - 0x00007ff9e8fcb000 	C:\WINDOWS\SYSTEM32\IPHLPAPI.DLL
0x00007ff9ec380000 - 0x00007ff9ec388000 	C:\WINDOWS\System32\NSI.dll
0x00007ff9e0370000 - 0x00007ff9e0387000 	C:\WINDOWS\SYSTEM32\dhcpcsvc6.DLL
0x00007ff9e15f0000 - 0x00007ff9e160d000 	C:\WINDOWS\SYSTEM32\dhcpcsvc.DLL
0x00007ff9e8fe0000 - 0x00007ff9e90ac000 	C:\WINDOWS\SYSTEM32\DNSAPI.dll

VM Arguments:
jvm_args: -XX:+HeapDumpOnOutOfMemoryError -Xmx1024m -Dfile.encoding=x-windows-949 -Duser.country=KR -Duser.language=ko -Duser.variant 
java_command: org.gradle.launcher.daemon.bootstrap.GradleDaemon 4.10.2
java_class_path (initial): C:\Users\rlaxo\.gradle\wrapper\dists\gradle-4.10.2-bin\cghg6c4gf4vkiutgsab8yrnwv\gradle-4.10.2\lib\gradle-launcher-4.10.2.jar
Launcher Type: SUN_STANDARD

Environment Variables:
JAVA_HOME=C:\Program Files\Java\jdk1.8.0_144
PATH=C:\ProgramData\Oracle\Java\javapath;C:\Program Files (x86)\Intel\iCLS Client\;C:\Program Files\Intel\iCLS Client\;C:\WINDOWS\system32;C:\WINDOWS;C:\WINDOWS\System32\Wbem;C:\WINDOWS\System32\WindowsPowerShell\v1.0\;C:\Program Files (x86)\Intel\Intel(R) Management Engine Components\DAL;C:\Program Files\Intel\Intel(R) Management Engine Components\DAL;C:\Program Files (x86)\Intel\Intel(R) Management Engine Components\IPT;C:\Program Files\Intel\Intel(R) Management Engine Components\IPT;C:\Program Files\Intel\WiFi\bin\;C:\Program Files\Common Files\Intel\WirelessCommon\;C:\Program Files\Java\jdk1.8.0_144\bin;C:\Program Files\dotnet\;C:\WINDOWS\system32;C:\WINDOWS;C:\WINDOWS\System32\Wbem;C:\WINDOWS\System32\WindowsPowerShell\v1.0\;C:\WINDOWS\System32\OpenSSH\;C:\Program Files\Microsoft SQL Server\Client SDK\ODBC\130\Tools\Binn\;C:\Program Files (x86)\Microsoft SQL Server\140\Tools\Binn\;C:\Program Files\Microsoft SQL Server\140\Tools\Binn\;C:\Program Files\Microsoft SQL Server\140\DTS\Binn\;C:\opencv\build\x64\vc15\bin;C:\Program Files\Microsoft SQL Server\130\Tools\Binn\;C:\Program Files\MySQL\MySQL Server 8.0\bin;C:\Program Files (x86)\Pulse Secure\VC142.CRT\X64\;C:\Program Files (x86)\Pulse Secure\VC142.CRT\X86\;C:\Program Files\Git\cmd\;C:\Program Files\Git\bin\;C:\Program Files\MySQL\MySQL Shell 8.0\bin\;C:\Users\rlaxo\AppData\Local\Microsoft\WindowsApps;C:\Program Files\Intel\WiFi\bin\;C:\Program Files\Common Files\Intel\WirelessCommon\;C:\Modeltech_pe_edu_10.4a\win32pe_edu;C:\Program Files\Bandizip\;C:\Users\rlaxo\Desktop\ffmpeg-4.1.3-win64-static\bin;
USERNAME=rlaxo
OS=Windows_NT
PROCESSOR_IDENTIFIER=Intel64 Family 6 Model 78 Stepping 3, GenuineIntel



---------------  S Y S T E M  ---------------

OS: Windows 10.0 , 64 bit Build 19041 (10.0.19041.1023)

CPU:total 4 (initial active 4) (2 cores per cpu, 2 threads per core) family 6 model 78 stepping 3, cmov, cx8, fxsr, mmx, sse, sse2, sse3, ssse3, sse4.1, sse4.2, popcnt, avx, avx2, aes, clmul, erms, 3dnowpref, lzcnt, ht, tsc, tscinvbit, bmi1, bmi2, adx

Memory: 4k page, physical 8305924k(840484k free), swap 8305924k(5356k free)

vm_info: Java HotSpot(TM) 64-Bit Server VM (25.144-b01) for windows-amd64 JRE (1.8.0_144-b01), built on Jul 21 2017 21:57:33 by "java_re" with MS VC++ 10.0 (VS2010)

time: Sun Jul 04 18:57:25 2021
elapsed time: 11 seconds (0d 0h 0m 11s)

