#
# There is insufficient memory for the Java Runtime Environment to continue.
# Native memory allocation (malloc) failed to allocate 1514928 bytes for Chunk::new
# Possible reasons:
#   The system is out of physical RAM or swap space
#   In 32 bit mode, the process size limit was hit
# Possible solutions:
#   Reduce memory load on the system
#   Increase physical memory or swap space
#   Check if swap backing store is full
#   Use 64 bit Java on a 64 bit OS
#   Decrease Java heap size (-Xmx/-Xms)
#   Decrease number of Java threads
#   Decrease Java thread stack sizes (-Xss)
#   Set larger code cache with -XX:ReservedCodeCacheSize=
# This output file may be truncated or incomplete.
#
#  Out of Memory Error (allocation.cpp:390), pid=16056, tid=0x0000000000002b1c
#
# JRE version: Java(TM) SE Runtime Environment (8.0_144-b01) (build 1.8.0_144-b01)
# Java VM: Java HotSpot(TM) 64-Bit Server VM (25.144-b01 mixed mode windows-amd64 compressed oops)
# Failed to write core dump. Minidumps are not enabled by default on client versions of Windows
#

---------------  T H R E A D  ---------------

Current thread (0x0000000016d69000):  JavaThread "C2 CompilerThread0" daemon [_thread_in_native, id=11036, stack(0x0000000017360000,0x0000000017460000)]

Stack: [0x0000000017360000,0x0000000017460000]
[error occurred during error reporting (printing stack bounds), id 0xc0000005]

Native frames: (J=compiled Java code, j=interpreted, Vv=VM code, C=native code)


Current CompileTask:
C2:   8843 1387       4       java.net.URLClassLoader$1::run (5 bytes)


---------------  P R O C E S S  ---------------

Java Threads: ( => current thread )
  0x0000000016d91800 JavaThread "Cache worker for journal cache (C:\Users\rlaxo\.gradle\caches\journal-1)" [_thread_blocked, id=16376, stack(0x000000001c2d0000,0x000000001c3d0000)]
  0x0000000016d8c800 JavaThread "Cache worker for file hash cache (C:\Users\rlaxo\IdeaProjects\firstPjt\.gradle\4.10.2\fileHashes)" [_thread_blocked, id=13716, stack(0x000000001b200000,0x000000001b300000)]
  0x0000000016d8e800 JavaThread "File lock request listener" [_thread_in_native, id=19408, stack(0x000000001b100000,0x000000001b200000)]
  0x0000000016d90000 JavaThread "Cache worker for file hash cache (C:\Users\rlaxo\.gradle\caches\4.10.2\fileHashes)" [_thread_blocked, id=18844, stack(0x000000001b000000,0x000000001b100000)]
  0x0000000017d94800 JavaThread "Stdin handler" [_thread_blocked, id=15748, stack(0x0000000019d30000,0x0000000019e30000)]
  0x0000000017c07000 JavaThread "Asynchronous log dispatcher for DefaultDaemonConnection: socket connection from /127.0.0.1:3136 to /127.0.0.1:3137" [_thread_blocked, id=19136, stack(0x0000000019c30000,0x0000000019d30000)]
  0x0000000017c1c000 JavaThread "Daemon worker" [_thread_in_vm, id=18940, stack(0x0000000019b30000,0x0000000019c30000)]
  0x0000000017c19800 JavaThread "Cancel handler" [_thread_blocked, id=15852, stack(0x0000000019a30000,0x0000000019b30000)]
  0x0000000017f78800 JavaThread "Handler for socket connection from /127.0.0.1:3136 to /127.0.0.1:3137" [_thread_in_native, id=18260, stack(0x0000000019730000,0x0000000019830000)]
  0x0000000017f75000 JavaThread "Daemon" [_thread_blocked, id=15048, stack(0x0000000019630000,0x0000000019730000)]
  0x0000000018635000 JavaThread "Daemon periodic checks" [_thread_blocked, id=17248, stack(0x0000000019530000,0x0000000019630000)]
  0x0000000018a22000 JavaThread "Incoming local TCP Connector on port 3136" [_thread_in_native, id=6936, stack(0x0000000019350000,0x0000000019450000)]
  0x0000000018805800 JavaThread "Daemon health stats" [_thread_blocked, id=19160, stack(0x0000000019030000,0x0000000019130000)]
  0x0000000016de5800 JavaThread "Service Thread" daemon [_thread_blocked, id=18352, stack(0x0000000017660000,0x0000000017760000)]
  0x0000000016d8b000 JavaThread "C1 CompilerThread2" daemon [_thread_blocked, id=6444, stack(0x0000000017560000,0x0000000017660000)]
  0x0000000016d6e800 JavaThread "C2 CompilerThread1" daemon [_thread_in_native, id=10504, stack(0x0000000017460000,0x0000000017560000)]
=>0x0000000016d69000 JavaThread "C2 CompilerThread0" daemon [_thread_in_native, id=11036, stack(0x0000000017360000,0x0000000017460000)]
  0x00000000159dc800 JavaThread "Attach Listener" daemon [_thread_blocked, id=1792, stack(0x0000000017260000,0x0000000017360000)]
  0x000000001598e800 JavaThread "Signal Dispatcher" daemon [_thread_blocked, id=13516, stack(0x0000000017160000,0x0000000017260000)]
  0x000000000328a000 JavaThread "Finalizer" daemon [_thread_blocked, id=3960, stack(0x0000000016bd0000,0x0000000016cd0000)]
  0x0000000003281000 JavaThread "Reference Handler" daemon [_thread_blocked, id=19140, stack(0x0000000016ad0000,0x0000000016bd0000)]
  0x0000000002d2e000 JavaThread "main" [_thread_blocked, id=15812, stack(0x0000000003090000,0x0000000003190000)]

Other Threads:
  0x0000000015948000 VMThread [stack: 0x00000000169d0000,0x0000000016ad0000] [id=17480]
  0x0000000016e34800 WatcherThread [stack: 0x0000000017760000,0x0000000017860000] [id=2180]

VM state:not at safepoint (normal execution)

VM Mutex/Monitor currently owned by a thread: None

Heap:
 PSYoungGen      total 38400K, used 7066K [0x00000000eab00000, 0x00000000ef600000, 0x0000000100000000)
  eden space 33280K, 5% used [0x00000000eab00000,0x00000000eacec370,0x00000000ecb80000)
  from space 5120K, 99% used [0x00000000ed080000,0x00000000ed57a650,0x00000000ed580000)
  to   space 5120K, 0% used [0x00000000ecb80000,0x00000000ecb80000,0x00000000ed080000)
 ParOldGen       total 87552K, used 5789K [0x00000000c0000000, 0x00000000c5580000, 0x00000000eab00000)
  object space 87552K, 6% used [0x00000000c0000000,0x00000000c05a77c0,0x00000000c5580000)
 Metaspace       used 16936K, capacity 17334K, committed 17536K, reserved 1064960K
  class space    used 2492K, capacity 2651K, committed 2688K, reserved 1048576K

Card table byte_map: [0x0000000012650000,0x0000000012860000] byte_map_base: 0x0000000012050000

Marking Bits: (ParMarkBitMap*) 0x000000005606d850
 Begin Bits: [0x0000000012dc0000, 0x0000000013dc0000)
 End Bits:   [0x0000000013dc0000, 0x0000000014dc0000)

Polling page: 0x00000000015c0000

CodeCache: size=245760Kb used=5328Kb max_used=5328Kb free=240431Kb
 bounds [0x0000000003290000, 0x00000000037d0000, 0x0000000012290000]
 total_blobs=1929 nmethods=1539 adapters=302
 compilation: enabled

Compilation events (10 events):
Event: 8.709 Thread 0x0000000016d8b000 1539   !   3       java.lang.StringCoding::decode (120 bytes)
Event: 8.711 Thread 0x0000000016d8b000 nmethod 1539 0x00000000037bf7d0 code [0x00000000037bfb00, 0x00000000037c1518]
Event: 8.711 Thread 0x0000000016d8b000 1540       3       java.io.WinNTFileSystem::parentOrNull (171 bytes)
Event: 8.712 Thread 0x0000000016d8b000 nmethod 1540 0x00000000037c23d0 code [0x00000000037c2600, 0x00000000037c3378]
Event: 8.722 Thread 0x0000000016d8b000 1541       3       org.gradle.internal.service.DefaultServiceRegistry$ManagedObjectServiceProvider::requiredBy (20 bytes)
Event: 8.722 Thread 0x0000000016d8b000 nmethod 1541 0x00000000037c3890 code [0x00000000037c3a20, 0x00000000037c3f48]
Event: 8.789 Thread 0x0000000016d8b000 1542       3       java.lang.Package::<init> (56 bytes)
Event: 8.790 Thread 0x0000000016d8b000 nmethod 1542 0x00000000037c4810 code [0x00000000037c4960, 0x00000000037c4bd0]
Event: 8.829 Thread 0x0000000016d8b000 1543  s    3       java.io.ExpiringCache::get (39 bytes)
Event: 8.829 Thread 0x0000000016d8b000 nmethod 1543 0x00000000037c4c90 code [0x00000000037c4e20, 0x00000000037c5258]

GC Heap History (8 events):
Event: 1.357 GC heap before
{Heap before GC invocations=1 (full 0):
 PSYoungGen      total 38400K, used 33280K [0x00000000eab00000, 0x00000000ed580000, 0x0000000100000000)
  eden space 33280K, 100% used [0x00000000eab00000,0x00000000ecb80000,0x00000000ecb80000)
  from space 5120K, 0% used [0x00000000ed080000,0x00000000ed080000,0x00000000ed580000)
  to   space 5120K, 0% used [0x00000000ecb80000,0x00000000ecb80000,0x00000000ed080000)
 ParOldGen       total 87552K, used 0K [0x00000000c0000000, 0x00000000c5580000, 0x00000000eab00000)
  object space 87552K, 0% used [0x00000000c0000000,0x00000000c0000000,0x00000000c5580000)
 Metaspace       used 6859K, capacity 7066K, committed 7424K, reserved 1056768K
  class space    used 857K, capacity 911K, committed 1024K, reserved 1048576K
Event: 1.367 GC heap after
Heap after GC invocations=1 (full 0):
 PSYoungGen      total 38400K, used 4405K [0x00000000eab00000, 0x00000000ed580000, 0x0000000100000000)
  eden space 33280K, 0% used [0x00000000eab00000,0x00000000eab00000,0x00000000ecb80000)
  from space 5120K, 86% used [0x00000000ecb80000,0x00000000ecfcd638,0x00000000ed080000)
  to   space 5120K, 0% used [0x00000000ed080000,0x00000000ed080000,0x00000000ed580000)
 ParOldGen       total 87552K, used 8K [0x00000000c0000000, 0x00000000c5580000, 0x00000000eab00000)
  object space 87552K, 0% used [0x00000000c0000000,0x00000000c0002000,0x00000000c5580000)
 Metaspace       used 6859K, capacity 7066K, committed 7424K, reserved 1056768K
  class space    used 857K, capacity 911K, committed 1024K, reserved 1048576K
}
Event: 2.027 GC heap before
{Heap before GC invocations=2 (full 0):
 PSYoungGen      total 38400K, used 37685K [0x00000000eab00000, 0x00000000ed580000, 0x0000000100000000)
  eden space 33280K, 100% used [0x00000000eab00000,0x00000000ecb80000,0x00000000ecb80000)
  from space 5120K, 86% used [0x00000000ecb80000,0x00000000ecfcd638,0x00000000ed080000)
  to   space 5120K, 0% used [0x00000000ed080000,0x00000000ed080000,0x00000000ed580000)
 ParOldGen       total 87552K, used 8K [0x00000000c0000000, 0x00000000c5580000, 0x00000000eab00000)
  object space 87552K, 0% used [0x00000000c0000000,0x00000000c0002000,0x00000000c5580000)
 Metaspace       used 9317K, capacity 9576K, committed 9856K, reserved 1058816K
  class space    used 1279K, capacity 1360K, committed 1408K, reserved 1048576K
Event: 2.035 GC heap after
Heap after GC invocations=2 (full 0):
 PSYoungGen      total 38400K, used 5116K [0x00000000eab00000, 0x00000000ed580000, 0x0000000100000000)
  eden space 33280K, 0% used [0x00000000eab00000,0x00000000eab00000,0x00000000ecb80000)
  from space 5120K, 99% used [0x00000000ed080000,0x00000000ed57f380,0x00000000ed580000)
  to   space 5120K, 0% used [0x00000000ecb80000,0x00000000ecb80000,0x00000000ed080000)
 ParOldGen       total 87552K, used 66K [0x00000000c0000000, 0x00000000c5580000, 0x00000000eab00000)
  object space 87552K, 0% used [0x00000000c0000000,0x00000000c0010a78,0x00000000c5580000)
 Metaspace       used 9317K, capacity 9576K, committed 9856K, reserved 1058816K
  class space    used 1279K, capacity 1360K, committed 1408K, reserved 1048576K
}
Event: 8.209 GC heap before
{Heap before GC invocations=3 (full 0):
 PSYoungGen      total 38400K, used 38396K [0x00000000eab00000, 0x00000000ed580000, 0x0000000100000000)
  eden space 33280K, 100% used [0x00000000eab00000,0x00000000ecb80000,0x00000000ecb80000)
  from space 5120K, 99% used [0x00000000ed080000,0x00000000ed57f380,0x00000000ed580000)
  to   space 5120K, 0% used [0x00000000ecb80000,0x00000000ecb80000,0x00000000ed080000)
 ParOldGen       total 87552K, used 66K [0x00000000c0000000, 0x00000000c5580000, 0x00000000eab00000)
  object space 87552K, 0% used [0x00000000c0000000,0x00000000c0010a78,0x00000000c5580000)
 Metaspace       used 13755K, capacity 14150K, committed 14464K, reserved 1060864K
  class space    used 1971K, capacity 2097K, committed 2176K, reserved 1048576K
Event: 8.220 GC heap after
Heap after GC invocations=3 (full 0):
 PSYoungGen      total 38400K, used 5110K [0x00000000eab00000, 0x00000000ed580000, 0x0000000100000000)
  eden space 33280K, 0% used [0x00000000eab00000,0x00000000eab00000,0x00000000ecb80000)
  from space 5120K, 99% used [0x00000000ecb80000,0x00000000ed07daa0,0x00000000ed080000)
  to   space 5120K, 0% used [0x00000000ed080000,0x00000000ed080000,0x00000000ed580000)
 ParOldGen       total 87552K, used 2395K [0x00000000c0000000, 0x00000000c5580000, 0x00000000eab00000)
  object space 87552K, 2% used [0x00000000c0000000,0x00000000c0256f80,0x00000000c5580000)
 Metaspace       used 13755K, capacity 14150K, committed 14464K, reserved 1060864K
  class space    used 1971K, capacity 2097K, committed 2176K, reserved 1048576K
}
Event: 8.798 GC heap before
{Heap before GC invocations=4 (full 0):
 PSYoungGen      total 38400K, used 38390K [0x00000000eab00000, 0x00000000ed580000, 0x0000000100000000)
  eden space 33280K, 100% used [0x00000000eab00000,0x00000000ecb80000,0x00000000ecb80000)
  from space 5120K, 99% used [0x00000000ecb80000,0x00000000ed07daa0,0x00000000ed080000)
  to   space 5120K, 0% used [0x00000000ed080000,0x00000000ed080000,0x00000000ed580000)
 ParOldGen       total 87552K, used 2395K [0x00000000c0000000, 0x00000000c5580000, 0x00000000eab00000)
  object space 87552K, 2% used [0x00000000c0000000,0x00000000c0256f80,0x00000000c5580000)
 Metaspace       used 16691K, capacity 17110K, committed 17280K, reserved 1064960K
  class space    used 2458K, capacity 2619K, committed 2688K, reserved 1048576K
Event: 8.814 GC heap after
Heap after GC invocations=4 (full 0):
 PSYoungGen      total 38400K, used 5097K [0x00000000eab00000, 0x00000000ef600000, 0x0000000100000000)
  eden space 33280K, 0% used [0x00000000eab00000,0x00000000eab00000,0x00000000ecb80000)
  from space 5120K, 99% used [0x00000000ed080000,0x00000000ed57a650,0x00000000ed580000)
  to   space 5120K, 0% used [0x00000000ecb80000,0x00000000ecb80000,0x00000000ed080000)
 ParOldGen       total 87552K, used 5789K [0x00000000c0000000, 0x00000000c5580000, 0x00000000eab00000)
  object space 87552K, 6% used [0x00000000c0000000,0x00000000c05a77c0,0x00000000c5580000)
 Metaspace       used 16691K, capacity 17110K, committed 17280K, reserved 1064960K
  class space    used 2458K, capacity 2619K, committed 2688K, reserved 1048576K
}

Deoptimization events (10 events):
Event: 7.917 Thread 0x0000000017c1c000 Uncommon trap: reason=bimorphic action=maybe_recompile pc=0x0000000003524324 method=java.util.HashMap.putVal(ILjava/lang/Object;Ljava/lang/Object;ZZ)Ljava/lang/Object; @ 253
Event: 7.917 Thread 0x0000000017c1c000 Uncommon trap: reason=bimorphic action=maybe_recompile pc=0x0000000003524324 method=java.util.HashMap.putVal(ILjava/lang/Object;Ljava/lang/Object;ZZ)Ljava/lang/Object; @ 253
Event: 7.917 Thread 0x0000000017c1c000 Uncommon trap: reason=bimorphic action=maybe_recompile pc=0x0000000003524324 method=java.util.HashMap.putVal(ILjava/lang/Object;Ljava/lang/Object;ZZ)Ljava/lang/Object; @ 253
Event: 7.917 Thread 0x0000000017c1c000 Uncommon trap: reason=bimorphic action=maybe_recompile pc=0x000000000352c074 method=java.util.HashMap.putVal(ILjava/lang/Object;Ljava/lang/Object;ZZ)Ljava/lang/Object; @ 253
Event: 8.299 Thread 0x0000000017c1c000 Uncommon trap: reason=class_check action=maybe_recompile pc=0x0000000003564884 method=java.util.regex.Matcher.match(II)Z @ 86
Event: 8.326 Thread 0x0000000017c1c000 Uncommon trap: reason=class_check action=maybe_recompile pc=0x0000000003564884 method=java.util.regex.Matcher.match(II)Z @ 86
Event: 8.327 Thread 0x0000000017c1c000 Uncommon trap: reason=class_check action=maybe_recompile pc=0x0000000003564884 method=java.util.regex.Matcher.match(II)Z @ 86
Event: 8.327 Thread 0x0000000017c1c000 Uncommon trap: reason=class_check action=maybe_recompile pc=0x0000000003520e1c method=java.util.regex.Matcher.match(II)Z @ 86
Event: 8.349 Thread 0x0000000017c1c000 Uncommon trap: reason=unstable_if action=reinterpret pc=0x0000000003720080 method=java.util.WeakHashMap.expungeStaleEntries()V @ 9
Event: 8.459 Thread 0x0000000017c1c000 Uncommon trap: reason=unstable_if action=reinterpret pc=0x00000000036fa5b4 method=java.lang.String.lastIndexOf([CII[CIII)I @ 66

Internal exceptions (10 events):
Event: 7.847 Thread 0x0000000017f78800 Exception <a 'java/lang/NoSuchMethodError': <clinit>> (0x00000000eb1af828) thrown at [C:\re\workspace\8-2-build-windows-amd64-cygwin\jdk8u144\9417\hotspot\src\share\vm\prims\jni.cpp, line 1613]
Event: 7.848 Thread 0x0000000017f78800 Exception <a 'java/lang/NoSuchMethodError': <clinit>> (0x00000000eb1b8e08) thrown at [C:\re\workspace\8-2-build-windows-amd64-cygwin\jdk8u144\9417\hotspot\src\share\vm\prims\jni.cpp, line 1613]
Event: 7.853 Thread 0x0000000017f78800 Exception <a 'java/lang/NoSuchMethodError': <clinit>> (0x00000000eb1e01b8) thrown at [C:\re\workspace\8-2-build-windows-amd64-cygwin\jdk8u144\9417\hotspot\src\share\vm\prims\jni.cpp, line 1613]
Event: 7.856 Thread 0x0000000017f78800 Exception <a 'java/lang/NoSuchMethodError': <clinit>> (0x00000000eb1f81f0) thrown at [C:\re\workspace\8-2-build-windows-amd64-cygwin\jdk8u144\9417\hotspot\src\share\vm\prims\jni.cpp, line 1613]
Event: 7.857 Thread 0x0000000017f78800 Exception <a 'java/lang/NoSuchMethodError': <clinit>> (0x00000000eb200cb8) thrown at [C:\re\workspace\8-2-build-windows-amd64-cygwin\jdk8u144\9417\hotspot\src\share\vm\prims\jni.cpp, line 1613]
Event: 7.859 Thread 0x0000000017f78800 Exception <a 'java/lang/NoSuchMethodError': <clinit>> (0x00000000eb216e10) thrown at [C:\re\workspace\8-2-build-windows-amd64-cygwin\jdk8u144\9417\hotspot\src\share\vm\prims\jni.cpp, line 1613]
Event: 7.869 Thread 0x0000000017f78800 Exception <a 'java/lang/NoSuchMethodError': <clinit>> (0x00000000eb27c578) thrown at [C:\re\workspace\8-2-build-windows-amd64-cygwin\jdk8u144\9417\hotspot\src\share\vm\prims\jni.cpp, line 1613]
Event: 7.874 Thread 0x0000000017f78800 Exception <a 'java/lang/NoSuchMethodError': <clinit>> (0x00000000eb2a8838) thrown at [C:\re\workspace\8-2-build-windows-amd64-cygwin\jdk8u144\9417\hotspot\src\share\vm\prims\jni.cpp, line 1613]
Event: 7.880 Thread 0x0000000017f78800 Exception <a 'java/lang/NoSuchMethodError': <clinit>> (0x00000000eb2d7998) thrown at [C:\re\workspace\8-2-build-windows-amd64-cygwin\jdk8u144\9417\hotspot\src\share\vm\prims\jni.cpp, line 1613]
Event: 7.881 Thread 0x0000000017f78800 Exception <a 'java/lang/NoSuchMethodError': <clinit>> (0x00000000eb2e2c30) thrown at [C:\re\workspace\8-2-build-windows-amd64-cygwin\jdk8u144\9417\hotspot\src\share\vm\prims\jni.cpp, line 1613]

Events (10 events):
Event: 8.835 loading class org/gradle/internal/composite/CompositeBuildSettingsLoader
Event: 8.835 loading class org/gradle/internal/composite/CompositeBuildSettingsLoader done
Event: 8.836 loading class org/gradle/internal/composite/ChildBuildRegisteringSettingsLoader
Event: 8.836 loading class org/gradle/internal/composite/ChildBuildRegisteringSettingsLoader done
Event: 8.836 loading class org/gradle/internal/composite/CommandLineIncludedBuildSettingsLoader
Event: 8.836 loading class org/gradle/internal/composite/CommandLineIncludedBuildSettingsLoader done
Event: 8.837 loading class org/gradle/initialization/SettingsAttachingSettingsLoader
Event: 8.837 loading class org/gradle/initialization/SettingsAttachingSettingsLoader done
Event: 8.838 loading class org/gradle/initialization/DefaultSettingsLoader
Event: 8.838 loading class org/gradle/initialization/DefaultSettingsLoader done


Dynamic libraries:
0x00007ff6439c0000 - 0x00007ff6439f7000 	C:\Program Files\Java\jdk1.8.0_144\bin\java.exe
0x00007fffa9c70000 - 0x00007fffa9e65000 	C:\WINDOWS\SYSTEM32\ntdll.dll
0x00007fffa9a90000 - 0x00007fffa9b4d000 	C:\WINDOWS\System32\KERNEL32.DLL
0x00007fffa7590000 - 0x00007fffa7858000 	C:\WINDOWS\System32\KERNELBASE.dll
0x00007fffa8050000 - 0x00007fffa80fc000 	C:\WINDOWS\System32\ADVAPI32.dll
0x00007fffa8f20000 - 0x00007fffa8fbe000 	C:\WINDOWS\System32\msvcrt.dll
0x00007fffa7ce0000 - 0x00007fffa7d7b000 	C:\WINDOWS\System32\sechost.dll
0x00007fffa7f00000 - 0x00007fffa802b000 	C:\WINDOWS\System32\RPCRT4.dll
0x00007fffa84a0000 - 0x00007fffa8640000 	C:\WINDOWS\System32\USER32.dll
0x00007fffa73b0000 - 0x00007fffa73d2000 	C:\WINDOWS\System32\win32u.dll
0x00007fffa9c00000 - 0x00007fffa9c2a000 	C:\WINDOWS\System32\GDI32.dll
0x00007fffa7a70000 - 0x00007fffa7b7b000 	C:\WINDOWS\System32\gdi32full.dll
0x00007fffa78f0000 - 0x00007fffa798d000 	C:\WINDOWS\System32\msvcp_win.dll
0x00007fffa73e0000 - 0x00007fffa74e0000 	C:\WINDOWS\System32\ucrtbase.dll
0x00007fff93380000 - 0x00007fff9361a000 	C:\WINDOWS\WinSxS\amd64_microsoft.windows.common-controls_6595b64144ccf1df_6.0.19041.1052_none_60b8f8fd71f5e8cb\COMCTL32.dll
0x00007fffa8110000 - 0x00007fffa8140000 	C:\WINDOWS\System32\IMM32.DLL
0x0000000057490000 - 0x0000000057562000 	C:\Program Files\Java\jdk1.8.0_144\jre\bin\msvcr100.dll
0x0000000055850000 - 0x00000000560ed000 	C:\Program Files\Java\jdk1.8.0_144\jre\bin\server\jvm.dll
0x00007fffa8100000 - 0x00007fffa8108000 	C:\WINDOWS\System32\PSAPI.DLL
0x00007fff87230000 - 0x00007fff87239000 	C:\WINDOWS\SYSTEM32\WSOCK32.dll
0x00007fffa91f0000 - 0x00007fffa925b000 	C:\WINDOWS\System32\WS2_32.dll
0x00007fff975c0000 - 0x00007fff975e7000 	C:\WINDOWS\SYSTEM32\WINMM.dll
0x00007fffa6290000 - 0x00007fffa629a000 	C:\WINDOWS\SYSTEM32\VERSION.dll
0x0000000057480000 - 0x000000005748f000 	C:\Program Files\Java\jdk1.8.0_144\jre\bin\verify.dll
0x0000000057450000 - 0x0000000057479000 	C:\Program Files\Java\jdk1.8.0_144\jre\bin\java.dll
0x0000000057430000 - 0x0000000057446000 	C:\Program Files\Java\jdk1.8.0_144\jre\bin\zip.dll
0x00007fffa9260000 - 0x00007fffa999f000 	C:\WINDOWS\System32\SHELL32.dll
0x00007fffa5ac0000 - 0x00007fffa6250000 	C:\WINDOWS\SYSTEM32\windows.storage.dll
0x00007fffa8140000 - 0x00007fffa8495000 	C:\WINDOWS\System32\combase.dll
0x00007fffa6e20000 - 0x00007fffa6e4c000 	C:\WINDOWS\SYSTEM32\Wldp.dll
0x00007fffa8640000 - 0x00007fffa86ee000 	C:\WINDOWS\System32\SHCORE.dll
0x00007fffa9a30000 - 0x00007fffa9a85000 	C:\WINDOWS\System32\shlwapi.dll
0x00007fffa72f0000 - 0x00007fffa730f000 	C:\WINDOWS\SYSTEM32\profapi.dll
0x0000000057410000 - 0x000000005742a000 	C:\Program Files\Java\jdk1.8.0_144\jre\bin\net.dll
0x00007fffa6b90000 - 0x00007fffa6bfa000 	C:\WINDOWS\system32\mswsock.dll
0x00000000573f0000 - 0x0000000057401000 	C:\Program Files\Java\jdk1.8.0_144\jre\bin\nio.dll
0x00007fffa3140000 - 0x00007fffa315e000 	C:\Users\rlaxo\.gradle\native\25\windows-amd64\native-platform.dll
0x00000000573e0000 - 0x00000000573ed000 	C:\Program Files\Java\jdk1.8.0_144\jre\bin\management.dll
0x00007fffa6d70000 - 0x00007fffa6d88000 	C:\WINDOWS\SYSTEM32\CRYPTSP.dll
0x00007fffa64c0000 - 0x00007fffa64f4000 	C:\WINDOWS\system32\rsaenh.dll
0x00007fffa79e0000 - 0x00007fffa7a07000 	C:\WINDOWS\System32\bcrypt.dll
0x00007fffa7270000 - 0x00007fffa729e000 	C:\WINDOWS\SYSTEM32\USERENV.dll
0x00007fffa7860000 - 0x00007fffa78e3000 	C:\WINDOWS\System32\bcryptprimitives.dll
0x00007fffa6d60000 - 0x00007fffa6d6c000 	C:\WINDOWS\SYSTEM32\CRYPTBASE.dll
0x00007fffa6830000 - 0x00007fffa686b000 	C:\WINDOWS\SYSTEM32\IPHLPAPI.DLL
0x00007fffa8040000 - 0x00007fffa8048000 	C:\WINDOWS\System32\NSI.dll
0x00007fff9e7a0000 - 0x00007fff9e7b7000 	C:\WINDOWS\SYSTEM32\dhcpcsvc6.DLL
0x00007fff9eda0000 - 0x00007fff9edbd000 	C:\WINDOWS\SYSTEM32\dhcpcsvc.DLL
0x00007fffa6870000 - 0x00007fffa693c000 	C:\WINDOWS\SYSTEM32\DNSAPI.dll

VM Arguments:
jvm_args: -XX:+HeapDumpOnOutOfMemoryError -Xmx1024m -Dfile.encoding=x-windows-949 -Duser.country=KR -Duser.language=ko -Duser.variant 
java_command: org.gradle.launcher.daemon.bootstrap.GradleDaemon 4.10.2
java_class_path (initial): C:\Users\rlaxo\.gradle\wrapper\dists\gradle-4.10.2-bin\cghg6c4gf4vkiutgsab8yrnwv\gradle-4.10.2\lib\gradle-launcher-4.10.2.jar
Launcher Type: SUN_STANDARD

Environment Variables:
JAVA_HOME=C:\Program Files\Java\jdk1.8.0_144
PATH=C:\ProgramData\Oracle\Java\javapath;C:\Program Files (x86)\Intel\iCLS Client\;C:\Program Files\Intel\iCLS Client\;C:\WINDOWS\system32;C:\WINDOWS;C:\WINDOWS\System32\Wbem;C:\WINDOWS\System32\WindowsPowerShell\v1.0\;C:\Program Files (x86)\Intel\Intel(R) Management Engine Components\DAL;C:\Program Files\Intel\Intel(R) Management Engine Components\DAL;C:\Program Files (x86)\Intel\Intel(R) Management Engine Components\IPT;C:\Program Files\Intel\Intel(R) Management Engine Components\IPT;C:\Program Files\Intel\WiFi\bin\;C:\Program Files\Common Files\Intel\WirelessCommon\;C:\Program Files\Java\jdk1.8.0_144\bin;C:\Program Files\dotnet\;C:\WINDOWS\system32;C:\WINDOWS;C:\WINDOWS\System32\Wbem;C:\WINDOWS\System32\WindowsPowerShell\v1.0\;C:\WINDOWS\System32\OpenSSH\;C:\Program Files\Microsoft SQL Server\Client SDK\ODBC\130\Tools\Binn\;C:\Program Files (x86)\Microsoft SQL Server\140\Tools\Binn\;C:\Program Files\Microsoft SQL Server\140\Tools\Binn\;C:\Program Files\Microsoft SQL Server\140\DTS\Binn\;C:\opencv\build\x64\vc15\bin;C:\Program Files\Microsoft SQL Server\130\Tools\Binn\;C:\Program Files\MySQL\MySQL Server 8.0\bin;C:\Program Files (x86)\Pulse Secure\VC142.CRT\X64\;C:\Program Files (x86)\Pulse Secure\VC142.CRT\X86\;C:\Program Files\Git\cmd\;C:\Program Files\Git\bin\;C:\Program Files\MySQL\MySQL Shell 8.0\bin\;C:\Users\rlaxo\AppData\Local\Microsoft\WindowsApps;C:\Program Files\Intel\WiFi\bin\;C:\Program Files\Common Files\Intel\WirelessCommon\;C:\Modeltech_pe_edu_10.4a\win32pe_edu;C:\Program Files\Bandizip\;C:\Users\rlaxo\Desktop\ffmpeg-4.1.3-win64-static\bin;
USERNAME=rlaxo
OS=Windows_NT
PROCESSOR_IDENTIFIER=Intel64 Family 6 Model 78 Stepping 3, GenuineIntel



---------------  S Y S T E M  ---------------

OS: Windows 10.0 , 64 bit Build 19041 (10.0.19041.1023)

CPU:total 4 (initial active 4) (2 cores per cpu, 2 threads per core) family 6 model 78 stepping 3, cmov, cx8, fxsr, mmx, sse, sse2, sse3, ssse3, sse4.1, sse4.2, popcnt, avx, avx2, aes, clmul, erms, 3dnowpref, lzcnt, ht, tsc, tscinvbit, bmi1, bmi2, adx

Memory: 4k page, physical 8305924k(522168k free), swap 8305924k(17956k free)

vm_info: Java HotSpot(TM) 64-Bit Server VM (25.144-b01) for windows-amd64 JRE (1.8.0_144-b01), built on Jul 21 2017 21:57:33 by "java_re" with MS VC++ 10.0 (VS2010)

time: Tue Jun 29 23:20:37 2021
elapsed time: 8 seconds (0d 0h 0m 8s)

