#
# There is insufficient memory for the Java Runtime Environment to continue.
# Native memory allocation (malloc) failed to allocate 2169776 bytes for Chunk::new
# Possible reasons:
#   The system is out of physical RAM or swap space
#   In 32 bit mode, the process size limit was hit
# Possible solutions:
#   Reduce memory load on the system
#   Increase physical memory or swap space
#   Check if swap backing store is full
#   Use 64 bit Java on a 64 bit OS
#   Decrease Java heap size (-Xmx/-Xms)
#   Decrease number of Java threads
#   Decrease Java thread stack sizes (-Xss)
#   Set larger code cache with -XX:ReservedCodeCacheSize=
# This output file may be truncated or incomplete.
#
#  Out of Memory Error (allocation.cpp:390), pid=15840, tid=0x0000000000004654
#
# JRE version: Java(TM) SE Runtime Environment (8.0_144-b01) (build 1.8.0_144-b01)
# Java VM: Java HotSpot(TM) 64-Bit Server VM (25.144-b01 mixed mode windows-amd64 compressed oops)
# Failed to write core dump. Minidumps are not enabled by default on client versions of Windows
#

---------------  T H R E A D  ---------------

Current thread (0x00000000170bd800):  JavaThread "C2 CompilerThread1" daemon [_thread_in_native, id=18004, stack(0x00000000177b0000,0x00000000178b0000)]

Stack: [0x00000000177b0000,0x00000000178b0000]
[error occurred during error reporting (printing stack bounds), id 0xc0000005]

Native frames: (J=compiled Java code, j=interpreted, Vv=VM code, C=native code)


Current CompileTask:
C2:  11768 1371       4       java.net.URLClassLoader$1::run (5 bytes)


---------------  P R O C E S S  ---------------

Java Threads: ( => current thread )
  0x0000000018d27800 JavaThread "Cache worker for file hash cache (C:\Users\rlaxo\IdeaProjects\firstPjt\.gradle\4.10.2\fileHashes)" [_thread_blocked, id=18496, stack(0x000000001c500000,0x000000001c600000)]
  0x0000000018d29000 JavaThread "File lock request listener" [_thread_in_native, id=10836, stack(0x000000001c400000,0x000000001c500000)]
  0x0000000018d22000 JavaThread "Cache worker for file hash cache (C:\Users\rlaxo\.gradle\caches\4.10.2\fileHashes)" [_thread_blocked, id=1736, stack(0x000000001c300000,0x000000001c400000)]
  0x0000000018e4f800 JavaThread "Stdin handler" [_thread_blocked, id=8604, stack(0x000000001a060000,0x000000001a160000)]
  0x0000000018e4e800 JavaThread "Asynchronous log dispatcher for DefaultDaemonConnection: socket connection from /127.0.0.1:14514 to /127.0.0.1:14515" [_thread_blocked, id=12892, stack(0x0000000019f60000,0x000000001a060000)]
  0x0000000018419800 JavaThread "Daemon worker" [_thread_in_native, id=18988, stack(0x0000000019e60000,0x0000000019f60000)]
  0x0000000018418800 JavaThread "Cancel handler" [_thread_blocked, id=13712, stack(0x0000000019d60000,0x0000000019e60000)]
  0x00000000173c7000 JavaThread "Handler for socket connection from /127.0.0.1:14514 to /127.0.0.1:14515" [_thread_in_native, id=1148, stack(0x0000000019a60000,0x0000000019b60000)]
  0x0000000017f4a800 JavaThread "Daemon" [_thread_blocked, id=1056, stack(0x0000000019960000,0x0000000019a60000)]
  0x0000000017f39000 JavaThread "Daemon periodic checks" [_thread_blocked, id=8352, stack(0x0000000019860000,0x0000000019960000)]
  0x0000000017f38000 JavaThread "Incoming local TCP Connector on port 14514" [_thread_in_native, id=6172, stack(0x0000000019680000,0x0000000019780000)]
  0x00000000185f5800 JavaThread "Daemon health stats" [_thread_blocked, id=17004, stack(0x0000000019380000,0x0000000019480000)]
  0x000000001713a800 JavaThread "Service Thread" daemon [_thread_blocked, id=14240, stack(0x00000000179b0000,0x0000000017ab0000)]
  0x00000000170c2000 JavaThread "C1 CompilerThread2" daemon [_thread_blocked, id=3948, stack(0x00000000178b0000,0x00000000179b0000)]
=>0x00000000170bd800 JavaThread "C2 CompilerThread1" daemon [_thread_in_native, id=18004, stack(0x00000000177b0000,0x00000000178b0000)]
  0x0000000015dbe800 JavaThread "C2 CompilerThread0" daemon [_thread_in_native, id=8932, stack(0x00000000176b0000,0x00000000177b0000)]
  0x00000000170b8800 JavaThread "Attach Listener" daemon [_thread_blocked, id=4112, stack(0x00000000175b0000,0x00000000176b0000)]
  0x0000000015d70800 JavaThread "Signal Dispatcher" daemon [_thread_blocked, id=12864, stack(0x00000000174b0000,0x00000000175b0000)]
  0x00000000035bc000 JavaThread "Finalizer" daemon [_thread_blocked, id=3852, stack(0x0000000016fb0000,0x00000000170b0000)]
  0x00000000035b3000 JavaThread "Reference Handler" daemon [_thread_blocked, id=6824, stack(0x0000000016eb0000,0x0000000016fb0000)]
  0x000000000368e000 JavaThread "main" [_thread_blocked, id=17472, stack(0x0000000003030000,0x0000000003130000)]

Other Threads:
  0x0000000015d27800 VMThread [stack: 0x0000000016db0000,0x0000000016eb0000] [id=12004]
  0x0000000017182800 WatcherThread [stack: 0x0000000017ab0000,0x0000000017bb0000] [id=15012]

VM state:not at safepoint (normal execution)

VM Mutex/Monitor currently owned by a thread: None

Heap:
 PSYoungGen      total 38400K, used 28324K [0x00000000eab00000, 0x00000000ed580000, 0x0000000100000000)
  eden space 33280K, 69% used [0x00000000eab00000,0x00000000ec1aed88,0x00000000ecb80000)
  from space 5120K, 99% used [0x00000000ecb80000,0x00000000ed07a650,0x00000000ed080000)
  to   space 5120K, 0% used [0x00000000ed080000,0x00000000ed080000,0x00000000ed580000)
 ParOldGen       total 87552K, used 2379K [0x00000000c0000000, 0x00000000c5580000, 0x00000000eab00000)
  object space 87552K, 2% used [0x00000000c0000000,0x00000000c0252f60,0x00000000c5580000)
 Metaspace       used 15868K, capacity 16218K, committed 16384K, reserved 1062912K
  class space    used 2318K, capacity 2481K, committed 2560K, reserved 1048576K

Card table byte_map: [0x0000000012a50000,0x0000000012c60000] byte_map_base: 0x0000000012450000

Marking Bits: (ParMarkBitMap*) 0x00000000523dd850
 Begin Bits: [0x00000000131c0000, 0x00000000141c0000)
 End Bits:   [0x00000000141c0000, 0x00000000151c0000)

Polling page: 0x0000000001820000

CodeCache: size=245760Kb used=5179Kb max_used=5179Kb free=240580Kb
 bounds [0x0000000003690000, 0x0000000003bb0000, 0x0000000012690000]
 total_blobs=1890 nmethods=1509 adapters=294
 compilation: enabled

Compilation events (10 events):
Event: 11.734 Thread 0x00000000170c2000 1512       3       sun.misc.ProxyGenerator::code_aload (11 bytes)
Event: 11.734 Thread 0x00000000170c2000 nmethod 1512 0x0000000003b9e950 code [0x0000000003b9eac0, 0x0000000003b9ec68]
Event: 11.735 Thread 0x00000000170c2000 1513       3       java.io.ByteArrayOutputStream::<init> (43 bytes)
Event: 11.736 Thread 0x00000000170c2000 nmethod 1513 0x0000000003b9ed10 code [0x0000000003b9ef00, 0x0000000003b9f878]
Event: 11.736 Thread 0x00000000170c2000 1514       3       java.io.ByteArrayOutputStream::<init> (7 bytes)
Event: 11.736 Thread 0x00000000170c2000 nmethod 1514 0x0000000003b9fc90 code [0x0000000003b9fe00, 0x0000000003b9ff88]
Event: 11.739 Thread 0x00000000170c2000 1515       1       sun.misc.ProxyGenerator::access$800 (5 bytes)
Event: 11.740 Thread 0x00000000170c2000 nmethod 1515 0x0000000003ba0010 code [0x0000000003ba0160, 0x0000000003ba0250]
Event: 11.752 Thread 0x00000000170c2000 1516       3       java.util.ArrayList::isEmpty (13 bytes)
Event: 11.753 Thread 0x00000000170c2000 nmethod 1516 0x0000000003ba02d0 code [0x0000000003ba0420, 0x0000000003ba05d0]

GC Heap History (6 events):
Event: 1.906 GC heap before
{Heap before GC invocations=1 (full 0):
 PSYoungGen      total 38400K, used 33280K [0x00000000eab00000, 0x00000000ed580000, 0x0000000100000000)
  eden space 33280K, 100% used [0x00000000eab00000,0x00000000ecb80000,0x00000000ecb80000)
  from space 5120K, 0% used [0x00000000ed080000,0x00000000ed080000,0x00000000ed580000)
  to   space 5120K, 0% used [0x00000000ecb80000,0x00000000ecb80000,0x00000000ed080000)
 ParOldGen       total 87552K, used 0K [0x00000000c0000000, 0x00000000c5580000, 0x00000000eab00000)
  object space 87552K, 0% used [0x00000000c0000000,0x00000000c0000000,0x00000000c5580000)
 Metaspace       used 6851K, capacity 7002K, committed 7168K, reserved 1056768K
  class space    used 856K, capacity 911K, committed 1024K, reserved 1048576K
Event: 1.916 GC heap after
Heap after GC invocations=1 (full 0):
 PSYoungGen      total 38400K, used 4383K [0x00000000eab00000, 0x00000000ed580000, 0x0000000100000000)
  eden space 33280K, 0% used [0x00000000eab00000,0x00000000eab00000,0x00000000ecb80000)
  from space 5120K, 85% used [0x00000000ecb80000,0x00000000ecfc7e50,0x00000000ed080000)
  to   space 5120K, 0% used [0x00000000ed080000,0x00000000ed080000,0x00000000ed580000)
 ParOldGen       total 87552K, used 8K [0x00000000c0000000, 0x00000000c5580000, 0x00000000eab00000)
  object space 87552K, 0% used [0x00000000c0000000,0x00000000c0002000,0x00000000c5580000)
 Metaspace       used 6851K, capacity 7002K, committed 7168K, reserved 1056768K
  class space    used 856K, capacity 911K, committed 1024K, reserved 1048576K
}
Event: 2.822 GC heap before
{Heap before GC invocations=2 (full 0):
 PSYoungGen      total 38400K, used 37663K [0x00000000eab00000, 0x00000000ed580000, 0x0000000100000000)
  eden space 33280K, 100% used [0x00000000eab00000,0x00000000ecb80000,0x00000000ecb80000)
  from space 5120K, 85% used [0x00000000ecb80000,0x00000000ecfc7e50,0x00000000ed080000)
  to   space 5120K, 0% used [0x00000000ed080000,0x00000000ed080000,0x00000000ed580000)
 ParOldGen       total 87552K, used 8K [0x00000000c0000000, 0x00000000c5580000, 0x00000000eab00000)
  object space 87552K, 0% used [0x00000000c0000000,0x00000000c0002000,0x00000000c5580000)
 Metaspace       used 9302K, capacity 9576K, committed 9856K, reserved 1058816K
  class space    used 1279K, capacity 1360K, committed 1408K, reserved 1048576K
Event: 2.829 GC heap after
Heap after GC invocations=2 (full 0):
 PSYoungGen      total 38400K, used 5098K [0x00000000eab00000, 0x00000000ed580000, 0x0000000100000000)
  eden space 33280K, 0% used [0x00000000eab00000,0x00000000eab00000,0x00000000ecb80000)
  from space 5120K, 99% used [0x00000000ed080000,0x00000000ed57aba8,0x00000000ed580000)
  to   space 5120K, 0% used [0x00000000ecb80000,0x00000000ecb80000,0x00000000ed080000)
 ParOldGen       total 87552K, used 64K [0x00000000c0000000, 0x00000000c5580000, 0x00000000eab00000)
  object space 87552K, 0% used [0x00000000c0000000,0x00000000c0010000,0x00000000c5580000)
 Metaspace       used 9302K, capacity 9576K, committed 9856K, reserved 1058816K
  class space    used 1279K, capacity 1360K, committed 1408K, reserved 1048576K
}
Event: 10.858 GC heap before
{Heap before GC invocations=3 (full 0):
 PSYoungGen      total 38400K, used 38378K [0x00000000eab00000, 0x00000000ed580000, 0x0000000100000000)
  eden space 33280K, 100% used [0x00000000eab00000,0x00000000ecb80000,0x00000000ecb80000)
  from space 5120K, 99% used [0x00000000ed080000,0x00000000ed57aba8,0x00000000ed580000)
  to   space 5120K, 0% used [0x00000000ecb80000,0x00000000ecb80000,0x00000000ed080000)
 ParOldGen       total 87552K, used 64K [0x00000000c0000000, 0x00000000c5580000, 0x00000000eab00000)
  object space 87552K, 0% used [0x00000000c0000000,0x00000000c0010000,0x00000000c5580000)
 Metaspace       used 13694K, capacity 14026K, committed 14208K, reserved 1060864K
  class space    used 1966K, capacity 2087K, committed 2176K, reserved 1048576K
Event: 10.873 GC heap after
Heap after GC invocations=3 (full 0):
 PSYoungGen      total 38400K, used 5097K [0x00000000eab00000, 0x00000000ed580000, 0x0000000100000000)
  eden space 33280K, 0% used [0x00000000eab00000,0x00000000eab00000,0x00000000ecb80000)
  from space 5120K, 99% used [0x00000000ecb80000,0x00000000ed07a650,0x00000000ed080000)
  to   space 5120K, 0% used [0x00000000ed080000,0x00000000ed080000,0x00000000ed580000)
 ParOldGen       total 87552K, used 2379K [0x00000000c0000000, 0x00000000c5580000, 0x00000000eab00000)
  object space 87552K, 2% used [0x00000000c0000000,0x00000000c0252f60,0x00000000c5580000)
 Metaspace       used 13694K, capacity 14026K, committed 14208K, reserved 1060864K
  class space    used 1966K, capacity 2087K, committed 2176K, reserved 1048576K
}

Deoptimization events (10 events):
Event: 10.323 Thread 0x0000000018419800 Uncommon trap: reason=bimorphic action=maybe_recompile pc=0x00000000039291b4 method=java.util.HashMap.putVal(ILjava/lang/Object;Ljava/lang/Object;ZZ)Ljava/lang/Object; @ 253
Event: 10.323 Thread 0x0000000018419800 Uncommon trap: reason=bimorphic action=maybe_recompile pc=0x00000000039291b4 method=java.util.HashMap.putVal(ILjava/lang/Object;Ljava/lang/Object;ZZ)Ljava/lang/Object; @ 253
Event: 10.323 Thread 0x0000000018419800 Uncommon trap: reason=bimorphic action=maybe_recompile pc=0x00000000039291b4 method=java.util.HashMap.putVal(ILjava/lang/Object;Ljava/lang/Object;ZZ)Ljava/lang/Object; @ 253
Event: 10.323 Thread 0x0000000018419800 Uncommon trap: reason=bimorphic action=maybe_recompile pc=0x0000000003924688 method=java.util.HashMap.putVal(ILjava/lang/Object;Ljava/lang/Object;ZZ)Ljava/lang/Object; @ 253
Event: 11.001 Thread 0x0000000018419800 Uncommon trap: reason=class_check action=maybe_recompile pc=0x000000000395dbd8 method=java.util.regex.Matcher.match(II)Z @ 86
Event: 11.043 Thread 0x0000000018419800 Uncommon trap: reason=class_check action=maybe_recompile pc=0x000000000395dbd8 method=java.util.regex.Matcher.match(II)Z @ 86
Event: 11.044 Thread 0x0000000018419800 Uncommon trap: reason=class_check action=maybe_recompile pc=0x000000000395dbd8 method=java.util.regex.Matcher.match(II)Z @ 86
Event: 11.044 Thread 0x0000000018419800 Uncommon trap: reason=class_check action=maybe_recompile pc=0x00000000039225dc method=java.util.regex.Matcher.match(II)Z @ 86
Event: 11.074 Thread 0x0000000018419800 Uncommon trap: reason=unstable_if action=reinterpret pc=0x0000000003afbe00 method=java.util.WeakHashMap.expungeStaleEntries()V @ 9
Event: 11.334 Thread 0x0000000018419800 Uncommon trap: reason=unstable_if action=reinterpret pc=0x0000000003ad9ff4 method=java.lang.String.lastIndexOf([CII[CIII)I @ 66

Internal exceptions (10 events):
Event: 2.730 Thread 0x000000000368e000 Exception <a 'java/lang/NoSuchFieldError': method resolution failed> (0x00000000ec7ea5e8) thrown at [C:\re\workspace\8-2-build-windows-amd64-cygwin\jdk8u144\9417\hotspot\src\share\vm\prims\methodHandles.cpp, line 1146]
Event: 2.733 Thread 0x000000000368e000 Exception <a 'java/lang/NoSuchFieldError': method resolution failed> (0x00000000ec7f8328) thrown at [C:\re\workspace\8-2-build-windows-amd64-cygwin\jdk8u144\9417\hotspot\src\share\vm\prims\methodHandles.cpp, line 1146]
Event: 10.131 Thread 0x000000000368e000 Exception <a 'java/io/IOException'> (0x00000000eaf90a38) thrown at [C:\re\workspace\8-2-build-windows-amd64-cygwin\jdk8u144\9417\hotspot\src\share\vm\prims\jni.cpp, line 709]
Event: 10.240 Thread 0x00000000173c7000 Exception <a 'java/lang/NoSuchMethodError': <clinit>> (0x00000000eb19d550) thrown at [C:\re\workspace\8-2-build-windows-amd64-cygwin\jdk8u144\9417\hotspot\src\share\vm\prims\jni.cpp, line 1613]
Event: 10.241 Thread 0x00000000173c7000 Exception <a 'java/lang/NoSuchMethodError': <clinit>> (0x00000000eb1a7150) thrown at [C:\re\workspace\8-2-build-windows-amd64-cygwin\jdk8u144\9417\hotspot\src\share\vm\prims\jni.cpp, line 1613]
Event: 10.243 Thread 0x00000000173c7000 Exception <a 'java/lang/NoSuchMethodError': <clinit>> (0x00000000eb1b1da0) thrown at [C:\re\workspace\8-2-build-windows-amd64-cygwin\jdk8u144\9417\hotspot\src\share\vm\prims\jni.cpp, line 1613]
Event: 10.253 Thread 0x00000000173c7000 Exception <a 'java/lang/NoSuchMethodError': <clinit>> (0x00000000eb2039f8) thrown at [C:\re\workspace\8-2-build-windows-amd64-cygwin\jdk8u144\9417\hotspot\src\share\vm\prims\jni.cpp, line 1613]
Event: 10.267 Thread 0x00000000173c7000 Exception <a 'java/lang/NoSuchMethodError': <clinit>> (0x00000000eb23b420) thrown at [C:\re\workspace\8-2-build-windows-amd64-cygwin\jdk8u144\9417\hotspot\src\share\vm\prims\jni.cpp, line 1613]
Event: 10.276 Thread 0x00000000173c7000 Exception <a 'java/lang/NoSuchMethodError': <clinit>> (0x00000000eb271500) thrown at [C:\re\workspace\8-2-build-windows-amd64-cygwin\jdk8u144\9417\hotspot\src\share\vm\prims\jni.cpp, line 1613]
Event: 10.276 Thread 0x00000000173c7000 Exception <a 'java/lang/NoSuchMethodError': <clinit>> (0x00000000eb27c870) thrown at [C:\re\workspace\8-2-build-windows-amd64-cygwin\jdk8u144\9417\hotspot\src\share\vm\prims\jni.cpp, line 1613]

Events (10 events):
Event: 11.754 loading class com/google/common/collect/LinkedHashMultimap$ValueSet
Event: 11.754 loading class com/google/common/collect/LinkedHashMultimap$ValueSet done
Event: 11.756 loading class com/google/common/collect/AbstractMapBasedMultimap$WrappedSet
Event: 11.756 loading class com/google/common/collect/AbstractMapBasedMultimap$WrappedSet done
Event: 11.757 loading class java/util/ConcurrentModificationException
Event: 11.757 loading class java/util/ConcurrentModificationException done
Event: 11.758 loading class com/google/common/collect/AbstractMapBasedMultimap$WrappedCollection$WrappedIterator
Event: 11.758 loading class com/google/common/collect/AbstractMapBasedMultimap$WrappedCollection$WrappedIterator done
Event: 11.759 loading class com/google/common/collect/LinkedHashMultimap$ValueSet$1
Event: 11.759 loading class com/google/common/collect/LinkedHashMultimap$ValueSet$1 done


Dynamic libraries:
0x00007ff7b0f50000 - 0x00007ff7b0f87000 	C:\Program Files\Java\jdk1.8.0_144\bin\java.exe
0x00007ff9ec3d0000 - 0x00007ff9ec5c5000 	C:\WINDOWS\SYSTEM32\ntdll.dll
0x00007ff9eacf0000 - 0x00007ff9eadad000 	C:\WINDOWS\System32\KERNEL32.DLL
0x00007ff9e9eb0000 - 0x00007ff9ea178000 	C:\WINDOWS\System32\KERNELBASE.dll
0x00007ff9ea440000 - 0x00007ff9ea4ec000 	C:\WINDOWS\System32\ADVAPI32.dll
0x00007ff9eb4c0000 - 0x00007ff9eb55e000 	C:\WINDOWS\System32\msvcrt.dll
0x00007ff9eadb0000 - 0x00007ff9eae4b000 	C:\WINDOWS\System32\sechost.dll
0x00007ff9eb100000 - 0x00007ff9eb22b000 	C:\WINDOWS\System32\RPCRT4.dll
0x00007ff9eba50000 - 0x00007ff9ebbf0000 	C:\WINDOWS\System32\USER32.dll
0x00007ff9e9c20000 - 0x00007ff9e9c42000 	C:\WINDOWS\System32\win32u.dll
0x00007ff9eb580000 - 0x00007ff9eb5aa000 	C:\WINDOWS\System32\GDI32.dll
0x00007ff9e9b10000 - 0x00007ff9e9c1b000 	C:\WINDOWS\System32\gdi32full.dll
0x00007ff9ea370000 - 0x00007ff9ea40d000 	C:\WINDOWS\System32\msvcp_win.dll
0x00007ff9ea270000 - 0x00007ff9ea370000 	C:\WINDOWS\System32\ucrtbase.dll
0x00007ff9d4ff0000 - 0x00007ff9d528a000 	C:\WINDOWS\WinSxS\amd64_microsoft.windows.common-controls_6595b64144ccf1df_6.0.19041.1052_none_60b8f8fd71f5e8cb\COMCTL32.dll
0x00007ff9eb5b0000 - 0x00007ff9eb5e0000 	C:\WINDOWS\System32\IMM32.DLL
0x0000000052460000 - 0x0000000052532000 	C:\Program Files\Java\jdk1.8.0_144\jre\bin\msvcr100.dll
0x0000000051bc0000 - 0x000000005245d000 	C:\Program Files\Java\jdk1.8.0_144\jre\bin\server\jvm.dll
0x00007ff9ec370000 - 0x00007ff9ec378000 	C:\WINDOWS\System32\PSAPI.DLL
0x00007ff9c5a70000 - 0x00007ff9c5a79000 	C:\WINDOWS\SYSTEM32\WSOCK32.dll
0x00007ff9eb450000 - 0x00007ff9eb4bb000 	C:\WINDOWS\System32\WS2_32.dll
0x00007ff9d9670000 - 0x00007ff9d9697000 	C:\WINDOWS\SYSTEM32\WINMM.dll
0x00007ff9e89f0000 - 0x00007ff9e89fa000 	C:\WINDOWS\SYSTEM32\VERSION.dll
0x0000000051bb0000 - 0x0000000051bbf000 	C:\Program Files\Java\jdk1.8.0_144\jre\bin\verify.dll
0x0000000051b80000 - 0x0000000051ba9000 	C:\Program Files\Java\jdk1.8.0_144\jre\bin\java.dll
0x0000000051b60000 - 0x0000000051b76000 	C:\Program Files\Java\jdk1.8.0_144\jre\bin\zip.dll
0x00007ff9ea4f0000 - 0x00007ff9eac2f000 	C:\WINDOWS\System32\SHELL32.dll
0x00007ff9e8220000 - 0x00007ff9e89b0000 	C:\WINDOWS\SYSTEM32\windows.storage.dll
0x00007ff9ebce0000 - 0x00007ff9ec035000 	C:\WINDOWS\System32\combase.dll
0x00007ff9e9580000 - 0x00007ff9e95ac000 	C:\WINDOWS\SYSTEM32\Wldp.dll
0x00007ff9eb050000 - 0x00007ff9eb0fe000 	C:\WINDOWS\System32\SHCORE.dll
0x00007ff9eb370000 - 0x00007ff9eb3c5000 	C:\WINDOWS\System32\shlwapi.dll
0x00007ff9e9a50000 - 0x00007ff9e9a6f000 	C:\WINDOWS\SYSTEM32\profapi.dll
0x0000000051b40000 - 0x0000000051b5a000 	C:\Program Files\Java\jdk1.8.0_144\jre\bin\net.dll
0x00007ff9e92f0000 - 0x00007ff9e935a000 	C:\WINDOWS\system32\mswsock.dll
0x0000000051b20000 - 0x0000000051b31000 	C:\Program Files\Java\jdk1.8.0_144\jre\bin\nio.dll
0x00007ff9e34a0000 - 0x00007ff9e34be000 	C:\Users\rlaxo\.gradle\native\25\windows-amd64\native-platform.dll
0x0000000051b10000 - 0x0000000051b1d000 	C:\Program Files\Java\jdk1.8.0_144\jre\bin\management.dll
0x00007ff9e94c0000 - 0x00007ff9e94d8000 	C:\WINDOWS\SYSTEM32\CRYPTSP.dll
0x00007ff9e8c20000 - 0x00007ff9e8c54000 	C:\WINDOWS\system32\rsaenh.dll
0x00007ff9ea410000 - 0x00007ff9ea437000 	C:\WINDOWS\System32\bcrypt.dll
0x00007ff9e99d0000 - 0x00007ff9e99fe000 	C:\WINDOWS\SYSTEM32\USERENV.dll
0x00007ff9ea1e0000 - 0x00007ff9ea263000 	C:\WINDOWS\System32\bcryptprimitives.dll
0x00007ff9e94e0000 - 0x00007ff9e94ec000 	C:\WINDOWS\SYSTEM32\CRYPTBASE.dll
0x00007ff9e8f90000 - 0x00007ff9e8fcb000 	C:\WINDOWS\SYSTEM32\IPHLPAPI.DLL
0x00007ff9ec380000 - 0x00007ff9ec388000 	C:\WINDOWS\System32\NSI.dll
0x00007ff9e0370000 - 0x00007ff9e0387000 	C:\WINDOWS\SYSTEM32\dhcpcsvc6.DLL
0x00007ff9e15f0000 - 0x00007ff9e160d000 	C:\WINDOWS\SYSTEM32\dhcpcsvc.DLL
0x00007ff9e8fe0000 - 0x00007ff9e90ac000 	C:\WINDOWS\SYSTEM32\DNSAPI.dll

VM Arguments:
jvm_args: -XX:+HeapDumpOnOutOfMemoryError -Xmx1024m -Dfile.encoding=x-windows-949 -Duser.country=KR -Duser.language=ko -Duser.variant 
java_command: org.gradle.launcher.daemon.bootstrap.GradleDaemon 4.10.2
java_class_path (initial): C:\Users\rlaxo\.gradle\wrapper\dists\gradle-4.10.2-bin\cghg6c4gf4vkiutgsab8yrnwv\gradle-4.10.2\lib\gradle-launcher-4.10.2.jar
Launcher Type: SUN_STANDARD

Environment Variables:
JAVA_HOME=C:\Program Files\Java\jdk1.8.0_144
PATH=C:\ProgramData\Oracle\Java\javapath;C:\Program Files (x86)\Intel\iCLS Client\;C:\Program Files\Intel\iCLS Client\;C:\WINDOWS\system32;C:\WINDOWS;C:\WINDOWS\System32\Wbem;C:\WINDOWS\System32\WindowsPowerShell\v1.0\;C:\Program Files (x86)\Intel\Intel(R) Management Engine Components\DAL;C:\Program Files\Intel\Intel(R) Management Engine Components\DAL;C:\Program Files (x86)\Intel\Intel(R) Management Engine Components\IPT;C:\Program Files\Intel\Intel(R) Management Engine Components\IPT;C:\Program Files\Intel\WiFi\bin\;C:\Program Files\Common Files\Intel\WirelessCommon\;C:\Program Files\Java\jdk1.8.0_144\bin;C:\Program Files\dotnet\;C:\WINDOWS\system32;C:\WINDOWS;C:\WINDOWS\System32\Wbem;C:\WINDOWS\System32\WindowsPowerShell\v1.0\;C:\WINDOWS\System32\OpenSSH\;C:\Program Files\Microsoft SQL Server\Client SDK\ODBC\130\Tools\Binn\;C:\Program Files (x86)\Microsoft SQL Server\140\Tools\Binn\;C:\Program Files\Microsoft SQL Server\140\Tools\Binn\;C:\Program Files\Microsoft SQL Server\140\DTS\Binn\;C:\opencv\build\x64\vc15\bin;C:\Program Files\Microsoft SQL Server\130\Tools\Binn\;C:\Program Files\MySQL\MySQL Server 8.0\bin;C:\Program Files (x86)\Pulse Secure\VC142.CRT\X64\;C:\Program Files (x86)\Pulse Secure\VC142.CRT\X86\;C:\Program Files\Git\cmd\;C:\Program Files\Git\bin\;C:\Program Files\MySQL\MySQL Shell 8.0\bin\;C:\Users\rlaxo\AppData\Local\Microsoft\WindowsApps;C:\Program Files\Intel\WiFi\bin\;C:\Program Files\Common Files\Intel\WirelessCommon\;C:\Modeltech_pe_edu_10.4a\win32pe_edu;C:\Program Files\Bandizip\;C:\Users\rlaxo\Desktop\ffmpeg-4.1.3-win64-static\bin;
USERNAME=rlaxo
OS=Windows_NT
PROCESSOR_IDENTIFIER=Intel64 Family 6 Model 78 Stepping 3, GenuineIntel



---------------  S Y S T E M  ---------------

OS: Windows 10.0 , 64 bit Build 19041 (10.0.19041.1023)

CPU:total 4 (initial active 4) (2 cores per cpu, 2 threads per core) family 6 model 78 stepping 3, cmov, cx8, fxsr, mmx, sse, sse2, sse3, ssse3, sse4.1, sse4.2, popcnt, avx, avx2, aes, clmul, erms, 3dnowpref, lzcnt, ht, tsc, tscinvbit, bmi1, bmi2, adx

Memory: 4k page, physical 8305924k(827172k free), swap 8305924k(5484k free)

vm_info: Java HotSpot(TM) 64-Bit Server VM (25.144-b01) for windows-amd64 JRE (1.8.0_144-b01), built on Jul 21 2017 21:57:33 by "java_re" with MS VC++ 10.0 (VS2010)

time: Sun Jul 04 18:56:59 2021
elapsed time: 11 seconds (0d 0h 0m 11s)

