#
# There is insufficient memory for the Java Runtime Environment to continue.
# Native memory allocation (malloc) failed to allocate 32744 bytes for ChunkPool::allocate
# Possible reasons:
#   The system is out of physical RAM or swap space
#   In 32 bit mode, the process size limit was hit
# Possible solutions:
#   Reduce memory load on the system
#   Increase physical memory or swap space
#   Check if swap backing store is full
#   Use 64 bit Java on a 64 bit OS
#   Decrease Java heap size (-Xmx/-Xms)
#   Decrease number of Java threads
#   Decrease Java thread stack sizes (-Xss)
#   Set larger code cache with -XX:ReservedCodeCacheSize=
# This output file may be truncated or incomplete.
#
#  Out of Memory Error (allocation.cpp:273), pid=5828, tid=0x00000000000007e4
#
# JRE version: Java(TM) SE Runtime Environment (8.0_144-b01) (build 1.8.0_144-b01)
# Java VM: Java HotSpot(TM) 64-Bit Server VM (25.144-b01 mixed mode windows-amd64 compressed oops)
# Failed to write core dump. Minidumps are not enabled by default on client versions of Windows
#

---------------  T H R E A D  ---------------

Current thread (0x0000000013dfc800):  JavaThread "C2 CompilerThread0" daemon [_thread_in_native, id=2020, stack(0x0000000015790000,0x0000000015890000)]

Stack: [0x0000000015790000,0x0000000015890000]
[error occurred during error reporting (printing stack bounds), id 0xc0000005]

Native frames: (J=compiled Java code, j=interpreted, Vv=VM code, C=native code)


Current CompileTask:
C2:  50084 4081       4       org.gradle.internal.service.DefaultServiceRegistry$OwnServices::getService (309 bytes)


---------------  P R O C E S S  ---------------

Java Threads: ( => current thread )
  0x0000000016bf0800 JavaThread "Cache worker for file hash cache (C:\Users\rlaxo\IdeaProjects\firstPjt\.gradle\6.8\fileHashes)" [_thread_blocked, id=21028, stack(0x000000001beb0000,0x000000001bfb0000)]
  0x0000000016bf1000 JavaThread "Daemon client event forwarder" [_thread_blocked, id=20924, stack(0x0000000019410000,0x0000000019510000)]
  0x0000000016bef000 JavaThread "Stdin handler" [_thread_blocked, id=11100, stack(0x0000000019310000,0x0000000019410000)]
  0x0000000016bec000 JavaThread "Asynchronous log dispatcher for DefaultDaemonConnection: socket connection from /127.0.0.1:4839 to /127.0.0.1:7127" [_thread_blocked, id=20744, stack(0x0000000019210000,0x0000000019310000)]
  0x0000000016beb000 JavaThread "Cancel handler" [_thread_blocked, id=18476, stack(0x0000000019010000,0x0000000019110000)]
  0x0000000016be3000 JavaThread "Handler for socket connection from /127.0.0.1:4839 to /127.0.0.1:7127" [_thread_in_native, id=18564, stack(0x0000000018f10000,0x0000000019010000)]
  0x0000000016bef800 JavaThread "Cache worker for file content cache (C:\Users\rlaxo\.gradle\caches\6.8\fileContent)" [_thread_blocked, id=19092, stack(0x000000001eae0000,0x000000001ebe0000)]
  0x0000000016bea800 JavaThread "Cache worker for execution history cache (C:\Users\rlaxo\.gradle\caches\6.8\executionHistory)" [_thread_blocked, id=20988, stack(0x000000001e5e0000,0x000000001e6e0000)]
  0x0000000016be6000 JavaThread "jar transforms Thread 15" [_thread_blocked, id=18100, stack(0x000000001dde0000,0x000000001dee0000)]
  0x0000000016be5000 JavaThread "jar transforms Thread 14" [_thread_blocked, id=17988, stack(0x000000001dce0000,0x000000001dde0000)]
  0x0000000016be9800 JavaThread "jar transforms Thread 13" [_thread_blocked, id=9268, stack(0x000000001dbe0000,0x000000001dce0000)]
  0x0000000016be6800 JavaThread "jar transforms Thread 12" [_thread_blocked, id=6184, stack(0x000000001dae0000,0x000000001dbe0000)]
  0x0000000016be7800 JavaThread "jar transforms Thread 11" [_thread_blocked, id=14760, stack(0x000000001d9e0000,0x000000001dae0000)]
  0x0000000016be8000 JavaThread "jar transforms Thread 10" [_thread_blocked, id=14240, stack(0x000000001d8e0000,0x000000001d9e0000)]
  0x0000000016be3800 JavaThread "jar transforms Thread 9" [_thread_blocked, id=14436, stack(0x000000001d7e0000,0x000000001d8e0000)]
  0x0000000016be9000 JavaThread "jar transforms Thread 8" [_thread_blocked, id=14264, stack(0x000000001d6e0000,0x000000001d7e0000)]
  0x0000000016be4800 JavaThread "jar transforms Thread 7" [_thread_blocked, id=14256, stack(0x000000001d5e0000,0x000000001d6e0000)]
  0x0000000017c49800 JavaThread "jar transforms Thread 6" [_thread_blocked, id=14260, stack(0x000000001c4b0000,0x000000001c5b0000)]
  0x0000000017c45800 JavaThread "jar transforms Thread 5" [_thread_blocked, id=20920, stack(0x000000001c3b0000,0x000000001c4b0000)]
  0x0000000017c45000 JavaThread "jar transforms Thread 4" [_thread_blocked, id=19576, stack(0x000000001c2b0000,0x000000001c3b0000)]
  0x0000000017c48000 JavaThread "jar transforms Thread 3" [_thread_blocked, id=7844, stack(0x000000001c1b0000,0x000000001c2b0000)]
  0x0000000017c4a000 JavaThread "jar transforms Thread 2" [_thread_blocked, id=14072, stack(0x000000001c0b0000,0x000000001c1b0000)]
  0x0000000017c47000 JavaThread "jar transforms" [_thread_blocked, id=20556, stack(0x000000001bfb0000,0x000000001c0b0000)]
  0x0000000017c4b800 JavaThread "Cache worker for journal cache (C:\Users\rlaxo\.gradle\caches\journal-1)" [_thread_blocked, id=18380, stack(0x000000001abe0000,0x000000001ace0000)]
  0x0000000017c4b000 JavaThread "File lock request listener" [_thread_in_native, id=19840, stack(0x0000000019910000,0x0000000019a10000)]
  0x0000000017c46800 JavaThread "Cache worker for file hash cache (C:\Users\rlaxo\.gradle\caches\6.8\fileHashes)" [_thread_blocked, id=10388, stack(0x0000000019710000,0x0000000019810000)]
  0x00000000161ee800 JavaThread "Daemon worker" [_thread_blocked, id=14636, stack(0x0000000019110000,0x0000000019210000)]
  0x0000000016d5d000 JavaThread "Daemon" [_thread_blocked, id=13264, stack(0x0000000018e10000,0x0000000018f10000)]
  0x00000000170c9800 JavaThread "Daemon periodic checks" [_thread_blocked, id=16852, stack(0x0000000018b10000,0x0000000018c10000)]
  0x0000000016cfd000 JavaThread "Incoming local TCP Connector on port 4839" [_thread_in_native, id=14176, stack(0x0000000018930000,0x0000000018a30000)]
  0x00000000175a4000 JavaThread "Daemon health stats" [_thread_blocked, id=8696, stack(0x0000000018430000,0x0000000018530000)]
  0x00000000151f8000 JavaThread "Service Thread" daemon [_thread_blocked, id=8492, stack(0x0000000015a90000,0x0000000015b90000)]
  0x00000000151f6000 JavaThread "C1 CompilerThread2" daemon [_thread_blocked, id=7668, stack(0x0000000015990000,0x0000000015a90000)]
  0x0000000015199000 JavaThread "C2 CompilerThread1" daemon [_thread_blocked, id=9684, stack(0x0000000015890000,0x0000000015990000)]
=>0x0000000013dfc800 JavaThread "C2 CompilerThread0" daemon [_thread_in_native, id=2020, stack(0x0000000015790000,0x0000000015890000)]
  0x0000000013dfa000 JavaThread "Attach Listener" daemon [_thread_blocked, id=5516, stack(0x0000000015690000,0x0000000015790000)]
  0x0000000013db0000 JavaThread "Signal Dispatcher" daemon [_thread_blocked, id=4856, stack(0x0000000015590000,0x0000000015690000)]
  0x0000000013d89800 JavaThread "Finalizer" daemon [_thread_blocked, id=6648, stack(0x0000000015000000,0x0000000015100000)]
  0x0000000002971000 JavaThread "Reference Handler" daemon [_thread_blocked, id=12920, stack(0x0000000014f00000,0x0000000015000000)]
  0x00000000023be000 JavaThread "main" [_thread_blocked, id=5760, stack(0x0000000002780000,0x0000000002880000)]

Other Threads:
  0x0000000013d67800 VMThread [stack: 0x0000000014e00000,0x0000000014f00000] [id=2172]
  0x0000000015217000 WatcherThread [stack: 0x0000000015b90000,0x0000000015c90000] [id=15184]

VM state:at safepoint (normal execution)

VM Mutex/Monitor currently owned by a thread:  ([mutex/lock_event])
[0x00000000023bcbb0] Threads_lock - owner thread: 0x0000000013d67800

Heap:
 PSYoungGen      total 159744K, used 33309K [0x00000000f5580000, 0x0000000100000000, 0x0000000100000000)
  eden space 146944K, 14% used [0x00000000f5580000,0x00000000f6ab5a58,0x00000000fe500000)
  from space 12800K, 90% used [0x00000000ff280000,0x00000000ffdd1a78,0x00000000fff00000)
  to   space 13824K, 0% used [0x00000000fe500000,0x00000000fe500000,0x00000000ff280000)
 ParOldGen       total 175104K, used 14409K [0x00000000e0000000, 0x00000000eab00000, 0x00000000f5580000)
  object space 175104K, 8% used [0x00000000e0000000,0x00000000e0e124d8,0x00000000eab00000)
 Metaspace       used 42509K, capacity 44406K, committed 44632K, reserved 1087488K
  class space    used 5780K, capacity 6177K, committed 6232K, reserved 1048576K

Card table byte_map: [0x0000000011d40000,0x0000000011e50000] byte_map_base: 0x0000000011640000

Marking Bits: (ParMarkBitMap*) 0x0000000073c7d850
 Begin Bits: [0x0000000012300000, 0x0000000012b00000)
 End Bits:   [0x0000000012b00000, 0x0000000013300000)

Polling page: 0x0000000000a70000

CodeCache: size=245760Kb used=14247Kb max_used=14400Kb free=231512Kb
 bounds [0x0000000002980000, 0x00000000037b0000, 0x0000000011980000]
 total_blobs=4443 nmethods=3711 adapters=644
 compilation: enabled

Compilation events (10 events):
Event: 50.048 Thread 0x00000000151f6000 4080       3       org.gradle.internal.event.AbstractBroadcastDispatch::<init> (10 bytes)
Event: 50.049 Thread 0x00000000151f6000 nmethod 4080 0x0000000002b2f310 code [0x0000000002b2f460, 0x0000000002b2f630]
Event: 50.049 Thread 0x0000000013dfc800 4081       4       org.gradle.internal.service.DefaultServiceRegistry$OwnServices::getService (309 bytes)
Event: 50.050 Thread 0x00000000151f6000 4082   !   3       org.gradle.internal.event.DefaultListenerManager$EventBroadcast$ListenerDispatch::dispatch (55 bytes)
Event: 50.051 Thread 0x00000000151f6000 nmethod 4082 0x0000000002f59f90 code [0x0000000002f5a180, 0x0000000002f5a8a8]
Event: 50.051 Thread 0x00000000151f6000 4083       3       com.google.common.cache.LocalCache::usesWriteQueue (5 bytes)
Event: 50.051 Thread 0x00000000151f6000 nmethod 4083 0x0000000002c80bd0 code [0x0000000002c80d40, 0x0000000002c80f70]
Event: 50.074 Thread 0x00000000151f6000 4084       3       org.gradle.internal.service.DefaultServiceRegistry::find (28 bytes)
Event: 50.075 Thread 0x00000000151f6000 nmethod 4084 0x0000000002c6ec50 code [0x0000000002c6ee00, 0x0000000002c6f1a8]
Event: 50.075 Thread 0x00000000151f6000 4085       3       org.gradle.internal.service.DefaultServiceRegistry::get (44 bytes)

GC Heap History (10 events):
Event: 13.025 GC heap before
{Heap before GC invocations=6 (full 1):
 PSYoungGen      total 76288K, used 65536K [0x00000000f5580000, 0x00000000fea80000, 0x0000000100000000)
  eden space 65536K, 100% used [0x00000000f5580000,0x00000000f9580000,0x00000000f9580000)
  from space 10752K, 0% used [0x00000000fa000000,0x00000000fa000000,0x00000000faa80000)
  to   space 10752K, 0% used [0x00000000f9580000,0x00000000f9580000,0x00000000fa000000)
 ParOldGen       total 175104K, used 8220K [0x00000000e0000000, 0x00000000eab00000, 0x00000000f5580000)
  object space 175104K, 4% used [0x00000000e0000000,0x00000000e08072c8,0x00000000eab00000)
 Metaspace       used 24397K, capacity 25522K, committed 25728K, reserved 1071104K
  class space    used 3679K, capacity 3951K, committed 3968K, reserved 1048576K
Event: 13.031 GC heap after
Heap after GC invocations=6 (full 1):
 PSYoungGen      total 76288K, used 5178K [0x00000000f5580000, 0x00000000fdc00000, 0x0000000100000000)
  eden space 65536K, 0% used [0x00000000f5580000,0x00000000f5580000,0x00000000f9580000)
  from space 10752K, 48% used [0x00000000f9580000,0x00000000f9a8e998,0x00000000fa000000)
  to   space 13312K, 0% used [0x00000000fcf00000,0x00000000fcf00000,0x00000000fdc00000)
 ParOldGen       total 175104K, used 8228K [0x00000000e0000000, 0x00000000eab00000, 0x00000000f5580000)
  object space 175104K, 4% used [0x00000000e0000000,0x00000000e08092c8,0x00000000eab00000)
 Metaspace       used 24397K, capacity 25522K, committed 25728K, reserved 1071104K
  class space    used 3679K, capacity 3951K, committed 3968K, reserved 1048576K
}
Event: 15.092 GC heap before
{Heap before GC invocations=7 (full 1):
 PSYoungGen      total 76288K, used 70714K [0x00000000f5580000, 0x00000000fdc00000, 0x0000000100000000)
  eden space 65536K, 100% used [0x00000000f5580000,0x00000000f9580000,0x00000000f9580000)
  from space 10752K, 48% used [0x00000000f9580000,0x00000000f9a8e998,0x00000000fa000000)
  to   space 13312K, 0% used [0x00000000fcf00000,0x00000000fcf00000,0x00000000fdc00000)
 ParOldGen       total 175104K, used 8228K [0x00000000e0000000, 0x00000000eab00000, 0x00000000f5580000)
  object space 175104K, 4% used [0x00000000e0000000,0x00000000e08092c8,0x00000000eab00000)
 Metaspace       used 32662K, capacity 33918K, committed 34176K, reserved 1079296K
  class space    used 4627K, capacity 4911K, committed 4992K, reserved 1048576K
Event: 15.170 GC heap after
Heap after GC invocations=7 (full 1):
 PSYoungGen      total 124416K, used 9897K [0x00000000f5580000, 0x00000000fe100000, 0x0000000100000000)
  eden space 111104K, 0% used [0x00000000f5580000,0x00000000f5580000,0x00000000fc200000)
  from space 13312K, 74% used [0x00000000fcf00000,0x00000000fd8aa7d8,0x00000000fdc00000)
  to   space 13312K, 0% used [0x00000000fc200000,0x00000000fc200000,0x00000000fcf00000)
 ParOldGen       total 175104K, used 8228K [0x00000000e0000000, 0x00000000eab00000, 0x00000000f5580000)
  object space 175104K, 4% used [0x00000000e0000000,0x00000000e08092c8,0x00000000eab00000)
 Metaspace       used 32662K, capacity 33918K, committed 34176K, reserved 1079296K
  class space    used 4627K, capacity 4911K, committed 4992K, reserved 1048576K
}
Event: 16.041 GC heap before
{Heap before GC invocations=8 (full 1):
 PSYoungGen      total 124416K, used 31538K [0x00000000f5580000, 0x00000000fe100000, 0x0000000100000000)
  eden space 111104K, 19% used [0x00000000f5580000,0x00000000f6aa2420,0x00000000fc200000)
  from space 13312K, 74% used [0x00000000fcf00000,0x00000000fd8aa7d8,0x00000000fdc00000)
  to   space 13312K, 0% used [0x00000000fc200000,0x00000000fc200000,0x00000000fcf00000)
 ParOldGen       total 175104K, used 8228K [0x00000000e0000000, 0x00000000eab00000, 0x00000000f5580000)
  object space 175104K, 4% used [0x00000000e0000000,0x00000000e08092c8,0x00000000eab00000)
 Metaspace       used 33980K, capacity 35320K, committed 35416K, reserved 1079296K
  class space    used 4827K, capacity 5152K, committed 5208K, reserved 1048576K
Event: 16.061 GC heap after
Heap after GC invocations=8 (full 1):
 PSYoungGen      total 124416K, used 7287K [0x00000000f5580000, 0x00000000fff00000, 0x0000000100000000)
  eden space 111104K, 0% used [0x00000000f5580000,0x00000000f5580000,0x00000000fc200000)
  from space 13312K, 54% used [0x00000000fc200000,0x00000000fc91ddf0,0x00000000fcf00000)
  to   space 12800K, 0% used [0x00000000ff280000,0x00000000ff280000,0x00000000fff00000)
 ParOldGen       total 175104K, used 8236K [0x00000000e0000000, 0x00000000eab00000, 0x00000000f5580000)
  object space 175104K, 4% used [0x00000000e0000000,0x00000000e080b2c8,0x00000000eab00000)
 Metaspace       used 33980K, capacity 35320K, committed 35416K, reserved 1079296K
  class space    used 4827K, capacity 5152K, committed 5208K, reserved 1048576K
}
Event: 16.061 GC heap before
{Heap before GC invocations=9 (full 2):
 PSYoungGen      total 124416K, used 7287K [0x00000000f5580000, 0x00000000fff00000, 0x0000000100000000)
  eden space 111104K, 0% used [0x00000000f5580000,0x00000000f5580000,0x00000000fc200000)
  from space 13312K, 54% used [0x00000000fc200000,0x00000000fc91ddf0,0x00000000fcf00000)
  to   space 12800K, 0% used [0x00000000ff280000,0x00000000ff280000,0x00000000fff00000)
 ParOldGen       total 175104K, used 8236K [0x00000000e0000000, 0x00000000eab00000, 0x00000000f5580000)
  object space 175104K, 4% used [0x00000000e0000000,0x00000000e080b2c8,0x00000000eab00000)
 Metaspace       used 33980K, capacity 35320K, committed 35416K, reserved 1079296K
  class space    used 4827K, capacity 5152K, committed 5208K, reserved 1048576K
Event: 16.147 GC heap after
Heap after GC invocations=9 (full 2):
 PSYoungGen      total 124416K, used 0K [0x00000000f5580000, 0x00000000fff00000, 0x0000000100000000)
  eden space 111104K, 0% used [0x00000000f5580000,0x00000000f5580000,0x00000000fc200000)
  from space 13312K, 0% used [0x00000000fc200000,0x00000000fc200000,0x00000000fcf00000)
  to   space 12800K, 0% used [0x00000000ff280000,0x00000000ff280000,0x00000000fff00000)
 ParOldGen       total 175104K, used 14401K [0x00000000e0000000, 0x00000000eab00000, 0x00000000f5580000)
  object space 175104K, 8% used [0x00000000e0000000,0x00000000e0e104d8,0x00000000eab00000)
 Metaspace       used 33980K, capacity 35320K, committed 35416K, reserved 1079296K
  class space    used 4827K, capacity 5152K, committed 5208K, reserved 1048576K
}
Event: 19.181 GC heap before
{Heap before GC invocations=10 (full 2):
 PSYoungGen      total 124416K, used 111104K [0x00000000f5580000, 0x00000000fff00000, 0x0000000100000000)
  eden space 111104K, 100% used [0x00000000f5580000,0x00000000fc200000,0x00000000fc200000)
  from space 13312K, 0% used [0x00000000fc200000,0x00000000fc200000,0x00000000fcf00000)
  to   space 12800K, 0% used [0x00000000ff280000,0x00000000ff280000,0x00000000fff00000)
 ParOldGen       total 175104K, used 14401K [0x00000000e0000000, 0x00000000eab00000, 0x00000000f5580000)
  object space 175104K, 8% used [0x00000000e0000000,0x00000000e0e104d8,0x00000000eab00000)
 Metaspace       used 41371K, capacity 43156K, committed 43480K, reserved 1087488K
  class space    used 5664K, capacity 6034K, committed 6104K, reserved 1048576K
Event: 19.199 GC heap after
Heap after GC invocations=10 (full 2):
 PSYoungGen      total 159744K, used 11590K [0x00000000f5580000, 0x0000000100000000, 0x0000000100000000)
  eden space 146944K, 0% used [0x00000000f5580000,0x00000000f5580000,0x00000000fe500000)
  from space 12800K, 90% used [0x00000000ff280000,0x00000000ffdd1a78,0x00000000fff00000)
  to   space 13824K, 0% used [0x00000000fe500000,0x00000000fe500000,0x00000000ff280000)
 ParOldGen       total 175104K, used 14409K [0x00000000e0000000, 0x00000000eab00000, 0x00000000f5580000)
  object space 175104K, 8% used [0x00000000e0000000,0x00000000e0e124d8,0x00000000eab00000)
 Metaspace       used 41371K, capacity 43156K, committed 43480K, reserved 1087488K
  class space    used 5664K, capacity 6034K, committed 6104K, reserved 1048576K
}

Deoptimization events (10 events):
Event: 19.015 Thread 0x00000000161ee800 Uncommon trap: reason=bimorphic action=maybe_recompile pc=0x0000000003087644 method=java.util.WeakHashMap.eq(Ljava/lang/Object;Ljava/lang/Object;)Z @ 7
Event: 19.117 Thread 0x00000000161ee800 Uncommon trap: reason=unstable_if action=reinterpret pc=0x00000000033506e4 method=java.util.HashMap.getNode(ILjava/lang/Object;)Ljava/util/HashMap$Node; @ 53
Event: 19.117 Thread 0x00000000161ee800 Uncommon trap: reason=unstable_if action=reinterpret pc=0x0000000003546db8 method=java.util.HashMap.putVal(ILjava/lang/Object;Ljava/lang/Object;ZZ)Ljava/lang/Object; @ 85
Event: 19.124 Thread 0x00000000161ee800 Uncommon trap: reason=unstable_if action=reinterpret pc=0x0000000002b3d0f8 method=org.gradle.internal.reflect.PropertyAccessorType.isGetGetterName(Ljava/lang/String;)Z @ 14
Event: 19.253 Thread 0x00000000161ee800 Uncommon trap: reason=class_check action=maybe_recompile pc=0x00000000034daa00 method=java.lang.Throwable.<init>(Ljava/lang/String;Ljava/lang/Throwable;)V @ 24
Event: 19.264 Thread 0x00000000161ee800 Uncommon trap: reason=class_check action=maybe_recompile pc=0x00000000034daa00 method=java.lang.Throwable.<init>(Ljava/lang/String;Ljava/lang/Throwable;)V @ 24
Event: 19.791 Thread 0x00000000161ee800 Uncommon trap: reason=class_check action=maybe_recompile pc=0x0000000002afb268 method=java.lang.String.equals(Ljava/lang/Object;)Z @ 8
Event: 19.791 Thread 0x00000000161ee800 Uncommon trap: reason=class_check action=maybe_recompile pc=0x0000000002afb268 method=java.lang.String.equals(Ljava/lang/Object;)Z @ 8
Event: 19.791 Thread 0x00000000161ee800 Uncommon trap: reason=class_check action=maybe_recompile pc=0x0000000002afb268 method=java.lang.String.equals(Ljava/lang/Object;)Z @ 8
Event: 19.792 Thread 0x00000000161ee800 Uncommon trap: reason=class_check action=maybe_recompile pc=0x0000000002afb268 method=java.lang.String.equals(Ljava/lang/Object;)Z @ 8

Internal exceptions (10 events):
Event: 19.010 Thread 0x00000000161ee800 Exception <a 'java/lang/ClassNotFoundException': java/util/ArrayListBeanInfo> (0x00000000fb8bf340) thrown at [C:\re\workspace\8-2-build-windows-amd64-cygwin\jdk8u144\9417\hotspot\src\share\vm\classfile\systemDictionary.cpp, line 210]
Event: 19.011 Thread 0x00000000161ee800 Exception <a 'java/lang/ClassNotFoundException': java/util/AbstractListBeanInfo> (0x00000000fb8ca6c0) thrown at [C:\re\workspace\8-2-build-windows-amd64-cygwin\jdk8u144\9417\hotspot\src\share\vm\classfile\systemDictionary.cpp, line 210]
Event: 19.011 Thread 0x00000000161ee800 Exception <a 'java/lang/ClassNotFoundException': java/util/AbstractCollectionBeanInfo> (0x00000000fb8d6d60) thrown at [C:\re\workspace\8-2-build-windows-amd64-cygwin\jdk8u144\9417\hotspot\src\share\vm\classfile\systemDictionary.cpp, line 210]
Event: 19.012 Thread 0x00000000161ee800 Exception <a 'java/lang/ClassNotFoundException': java/util/AbstractCollectionCustomizer> (0x00000000fb8e3768) thrown at [C:\re\workspace\8-2-build-windows-amd64-cygwin\jdk8u144\9417\hotspot\src\share\vm\classfile\systemDictionary.cpp, line 210]
Event: 19.013 Thread 0x00000000161ee800 Exception <a 'java/lang/ClassNotFoundException': java/util/AbstractListCustomizer> (0x00000000fb8f9c58) thrown at [C:\re\workspace\8-2-build-windows-amd64-cygwin\jdk8u144\9417\hotspot\src\share\vm\classfile\systemDictionary.cpp, line 210]
Event: 19.015 Thread 0x00000000161ee800 Exception <a 'java/lang/ClassNotFoundException': java/util/ArrayListCustomizer> (0x00000000fb912540) thrown at [C:\re\workspace\8-2-build-windows-amd64-cygwin\jdk8u144\9417\hotspot\src\share\vm\classfile\systemDictionary.cpp, line 210]
Event: 19.022 Thread 0x00000000161ee800 Exception <a 'java/lang/ClassNotFoundException': java/util/CollectionBeanInfo> (0x00000000fb999ad8) thrown at [C:\re\workspace\8-2-build-windows-amd64-cygwin\jdk8u144\9417\hotspot\src\share\vm\classfile\systemDictionary.cpp, line 210]
Event: 19.023 Thread 0x00000000161ee800 Exception <a 'java/lang/ClassNotFoundException': java/util/CollectionCustomizer> (0x00000000fb9a4fd0) thrown at [C:\re\workspace\8-2-build-windows-amd64-cygwin\jdk8u144\9417\hotspot\src\share\vm\classfile\systemDictionary.cpp, line 210]
Event: 20.207 Thread 0x0000000016d5d000 Exception <a 'java/lang/NoSuchMethodError': <clinit>> (0x00000000f66304d0) thrown at [C:\re\workspace\8-2-build-windows-amd64-cygwin\jdk8u144\9417\hotspot\src\share\vm\prims\jni.cpp, line 1613]
Event: 20.208 Thread 0x0000000016d5d000 Exception <a 'java/lang/NoSuchMethodError': <clinit>> (0x00000000f663bcd0) thrown at [C:\re\workspace\8-2-build-windows-amd64-cygwin\jdk8u144\9417\hotspot\src\share\vm\prims\jni.cpp, line 1613]

Events (10 events):
Event: 49.947 Thread 0x0000000016beb000 Thread added: 0x0000000016beb000
Event: 49.955 Thread 0x00000000151f6000 flushing nmethod 0x0000000002f90dd0
Event: 49.958 Thread 0x00000000151f6000 flushing nmethod 0x00000000030cdf50
Event: 49.958 Thread 0x00000000151f6000 flushing nmethod 0x00000000030d4350
Event: 49.958 Thread 0x00000000151f6000 flushing nmethod 0x00000000030d5090
Event: 49.958 Thread 0x00000000151f6000 flushing nmethod 0x00000000030d6650
Event: 50.019 Thread 0x0000000016bec000 Thread added: 0x0000000016bec000
Event: 50.021 Thread 0x0000000016bef000 Thread added: 0x0000000016bef000
Event: 50.023 Thread 0x0000000016bf1000 Thread added: 0x0000000016bf1000
Event: 50.055 Thread 0x0000000016bf0800 Thread added: 0x0000000016bf0800


Dynamic libraries:
0x00007ff710bb0000 - 0x00007ff710be7000 	C:\Program Files\Java\jdk1.8.0_144\bin\java.exe
0x00007ffab0590000 - 0x00007ffab0785000 	C:\WINDOWS\SYSTEM32\ntdll.dll
0x00007ffaaecd0000 - 0x00007ffaaed8d000 	C:\WINDOWS\System32\KERNEL32.DLL
0x00007ffaadd80000 - 0x00007ffaae048000 	C:\WINDOWS\System32\KERNELBASE.dll
0x00007ffaae730000 - 0x00007ffaae7dc000 	C:\WINDOWS\System32\ADVAPI32.dll
0x00007ffaaeae0000 - 0x00007ffaaeb7e000 	C:\WINDOWS\System32\msvcrt.dll
0x00007ffaaf660000 - 0x00007ffaaf6fb000 	C:\WINDOWS\System32\sechost.dll
0x00007ffaaeba0000 - 0x00007ffaaeccb000 	C:\WINDOWS\System32\RPCRT4.dll
0x00007ffaae870000 - 0x00007ffaaea10000 	C:\WINDOWS\System32\USER32.dll
0x00007ffaae1b0000 - 0x00007ffaae1d2000 	C:\WINDOWS\System32\win32u.dll
0x00007ffaae840000 - 0x00007ffaae86a000 	C:\WINDOWS\System32\GDI32.dll
0x00007ffaae1e0000 - 0x00007ffaae2eb000 	C:\WINDOWS\System32\gdi32full.dll
0x00007ffaae380000 - 0x00007ffaae41d000 	C:\WINDOWS\System32\msvcp_win.dll
0x00007ffaae500000 - 0x00007ffaae600000 	C:\WINDOWS\System32\ucrtbase.dll
0x00007ffa999c0000 - 0x00007ffa99c5a000 	C:\WINDOWS\WinSxS\amd64_microsoft.windows.common-controls_6595b64144ccf1df_6.0.19041.1052_none_60b8f8fd71f5e8cb\COMCTL32.dll
0x00007ffaaee70000 - 0x00007ffaaeea0000 	C:\WINDOWS\System32\IMM32.DLL
0x0000000073d00000 - 0x0000000073dd2000 	C:\Program Files\Java\jdk1.8.0_144\jre\bin\msvcr100.dll
0x0000000073460000 - 0x0000000073cfd000 	C:\Program Files\Java\jdk1.8.0_144\jre\bin\server\jvm.dll
0x00007ffaaeb90000 - 0x00007ffaaeb98000 	C:\WINDOWS\System32\PSAPI.DLL
0x00007ffa87be0000 - 0x00007ffa87be9000 	C:\WINDOWS\SYSTEM32\WSOCK32.dll
0x00007ffaafd80000 - 0x00007ffaafdeb000 	C:\WINDOWS\System32\WS2_32.dll
0x00007ffa9def0000 - 0x00007ffa9df17000 	C:\WINDOWS\SYSTEM32\WINMM.dll
0x00007ffaacb50000 - 0x00007ffaacb5a000 	C:\WINDOWS\SYSTEM32\VERSION.dll
0x0000000073450000 - 0x000000007345f000 	C:\Program Files\Java\jdk1.8.0_144\jre\bin\verify.dll
0x0000000073420000 - 0x0000000073449000 	C:\Program Files\Java\jdk1.8.0_144\jre\bin\java.dll
0x0000000073400000 - 0x0000000073416000 	C:\Program Files\Java\jdk1.8.0_144\jre\bin\zip.dll
0x00007ffaafe10000 - 0x00007ffab054f000 	C:\WINDOWS\System32\SHELL32.dll
0x00007ffaac380000 - 0x00007ffaacb10000 	C:\WINDOWS\SYSTEM32\windows.storage.dll
0x00007ffaaf700000 - 0x00007ffaafa55000 	C:\WINDOWS\System32\combase.dll
0x00007ffaad670000 - 0x00007ffaad69c000 	C:\WINDOWS\SYSTEM32\Wldp.dll
0x00007ffaaef90000 - 0x00007ffaaf03e000 	C:\WINDOWS\System32\SHCORE.dll
0x00007ffaafa60000 - 0x00007ffaafab5000 	C:\WINDOWS\System32\shlwapi.dll
0x00007ffaadc10000 - 0x00007ffaadc2f000 	C:\WINDOWS\SYSTEM32\profapi.dll
0x00000000733e0000 - 0x00000000733fa000 	C:\Program Files\Java\jdk1.8.0_144\jre\bin\net.dll
0x00007ffaad3e0000 - 0x00007ffaad44a000 	C:\WINDOWS\system32\mswsock.dll
0x00000000733c0000 - 0x00000000733d1000 	C:\Program Files\Java\jdk1.8.0_144\jre\bin\nio.dll
0x00007ffa85290000 - 0x00007ffa852b7000 	C:\Users\rlaxo\.gradle\native\fdc75f09e3144964f2cf3f50f0aa648679c211496f362492102eb8c894070792\windows-amd64\native-platform.dll
0x00007ffa81160000 - 0x00007ffa812f6000 	C:\Users\rlaxo\.gradle\native\12488b8bf47d2d4c9fbf2f6322a914ad602e24e48041cd04a747c6da556b65c4\windows-amd64\native-platform-file-events.dll
0x00000000733b0000 - 0x00000000733bd000 	C:\Program Files\Java\jdk1.8.0_144\jre\bin\management.dll
0x00007ffaad5c0000 - 0x00007ffaad5d8000 	C:\WINDOWS\SYSTEM32\CRYPTSP.dll
0x00007ffaacd80000 - 0x00007ffaacdb4000 	C:\WINDOWS\system32\rsaenh.dll
0x00007ffaae350000 - 0x00007ffaae377000 	C:\WINDOWS\System32\bcrypt.dll
0x00007ffaadbd0000 - 0x00007ffaadbfe000 	C:\WINDOWS\SYSTEM32\USERENV.dll
0x00007ffaae420000 - 0x00007ffaae4a3000 	C:\WINDOWS\System32\bcryptprimitives.dll
0x00007ffaad5b0000 - 0x00007ffaad5bc000 	C:\WINDOWS\SYSTEM32\CRYPTBASE.dll
0x00007ffaad0d0000 - 0x00007ffaad10b000 	C:\WINDOWS\SYSTEM32\IPHLPAPI.DLL
0x00007ffaaeb80000 - 0x00007ffaaeb88000 	C:\WINDOWS\System32\NSI.dll
0x00007ffa9ece0000 - 0x00007ffa9ecf7000 	C:\WINDOWS\SYSTEM32\dhcpcsvc6.DLL
0x00007ffaa34b0000 - 0x00007ffaa34cd000 	C:\WINDOWS\SYSTEM32\dhcpcsvc.DLL
0x00007ffaad110000 - 0x00007ffaad1dc000 	C:\WINDOWS\SYSTEM32\DNSAPI.dll
0x00007ffaa3fe0000 - 0x00007ffaa3feb000 	C:\WINDOWS\SYSTEM32\WINNSI.DLL

VM Arguments:
jvm_args: -XX:MaxMetaspaceSize=256m -XX:+HeapDumpOnOutOfMemoryError -Xms256m -Xmx512m -Dfile.encoding=x-windows-949 -Duser.country=KR -Duser.language=ko -Duser.variant 
java_command: org.gradle.launcher.daemon.bootstrap.GradleDaemon 6.8
java_class_path (initial): C:\Users\rlaxo\.gradle\wrapper\dists\gradle-6.8-bin\1jblhjyydfkclfzx1agp92nyl\gradle-6.8\lib\gradle-launcher-6.8.jar
Launcher Type: SUN_STANDARD

Environment Variables:
JAVA_HOME=C:\Program Files\Java\jdk1.8.0_144
PATH=C:\ProgramData\Oracle\Java\javapath;C:\Program Files (x86)\Intel\iCLS Client\;C:\Program Files\Intel\iCLS Client\;C:\WINDOWS\system32;C:\WINDOWS;C:\WINDOWS\System32\Wbem;C:\WINDOWS\System32\WindowsPowerShell\v1.0\;C:\Program Files (x86)\Intel\Intel(R) Management Engine Components\DAL;C:\Program Files\Intel\Intel(R) Management Engine Components\DAL;C:\Program Files (x86)\Intel\Intel(R) Management Engine Components\IPT;C:\Program Files\Intel\Intel(R) Management Engine Components\IPT;C:\Program Files\Intel\WiFi\bin\;C:\Program Files\Common Files\Intel\WirelessCommon\;C:\Program Files\Java\jdk1.8.0_144\bin;C:\Program Files\dotnet\;C:\WINDOWS\system32;C:\WINDOWS;C:\WINDOWS\System32\Wbem;C:\WINDOWS\System32\WindowsPowerShell\v1.0\;C:\WINDOWS\System32\OpenSSH\;C:\Program Files\Microsoft SQL Server\Client SDK\ODBC\130\Tools\Binn\;C:\Program Files (x86)\Microsoft SQL Server\140\Tools\Binn\;C:\Program Files\Microsoft SQL Server\140\Tools\Binn\;C:\Program Files\Microsoft SQL Server\140\DTS\Binn\;C:\opencv\build\x64\vc15\bin;C:\Program Files\Microsoft SQL Server\130\Tools\Binn\;C:\Program Files\MySQL\MySQL Server 8.0\bin;C:\Program Files (x86)\Pulse Secure\VC142.CRT\X64\;C:\Program Files (x86)\Pulse Secure\VC142.CRT\X86\;C:\Program Files\MySQL\MySQL Shell 8.0\bin\;C:\Users\rlaxo\AppData\Local\Microsoft\WindowsApps;C:\Program Files\Intel\WiFi\bin\;C:\Program Files\Common Files\Intel\WirelessCommon\;C:\Modeltech_pe_edu_10.4a\win32pe_edu;C:\Program Files\Bandizip\;C:\Users\rlaxo\Desktop\ffmpeg-4.1.3-win64-static\bin;
USERNAME=rlaxo
OS=Windows_NT
PROCESSOR_IDENTIFIER=Intel64 Family 6 Model 78 Stepping 3, GenuineIntel



---------------  S Y S T E M  ---------------

OS: Windows 10.0 , 64 bit Build 19041 (10.0.19041.1023)

CPU:total 4 (initial active 4) (2 cores per cpu, 2 threads per core) family 6 model 78 stepping 3, cmov, cx8, fxsr, mmx, sse, sse2, sse3, ssse3, sse4.1, sse4.2, popcnt, avx, avx2, aes, clmul, erms, 3dnowpref, lzcnt, ht, tsc, tscinvbit, bmi1, bmi2, adx

Memory: 4k page, physical 8305924k(812308k free), swap 8305924k(3040k free)

vm_info: Java HotSpot(TM) 64-Bit Server VM (25.144-b01) for windows-amd64 JRE (1.8.0_144-b01), built on Jul 21 2017 21:57:33 by "java_re" with MS VC++ 10.0 (VS2010)

time: Mon Jun 28 22:58:52 2021
elapsed time: 50 seconds (0d 0h 0m 50s)

