#
# There is insufficient memory for the Java Runtime Environment to continue.
# Native memory allocation (malloc) failed to allocate 32744 bytes for ChunkPool::allocate
# Possible reasons:
#   The system is out of physical RAM or swap space
#   In 32 bit mode, the process size limit was hit
# Possible solutions:
#   Reduce memory load on the system
#   Increase physical memory or swap space
#   Check if swap backing store is full
#   Use 64 bit Java on a 64 bit OS
#   Decrease Java heap size (-Xmx/-Xms)
#   Decrease number of Java threads
#   Decrease Java thread stack sizes (-Xss)
#   Set larger code cache with -XX:ReservedCodeCacheSize=
# This output file may be truncated or incomplete.
#
#  Out of Memory Error (allocation.cpp:273), pid=17684, tid=0x0000000000001f5c
#
# JRE version: Java(TM) SE Runtime Environment (8.0_144-b01) (build 1.8.0_144-b01)
# Java VM: Java HotSpot(TM) 64-Bit Server VM (25.144-b01 mixed mode windows-amd64 compressed oops)
# Failed to write core dump. Minidumps are not enabled by default on client versions of Windows
#

---------------  T H R E A D  ---------------

Current thread (0x0000000017e2c800):  JavaThread "Daemon worker" [_thread_in_vm, id=8028, stack(0x0000000019960000,0x0000000019a60000)]

Stack: [0x0000000019960000,0x0000000019a60000]
[error occurred during error reporting (printing stack bounds), id 0xc0000005]

Native frames: (J=compiled Java code, j=interpreted, Vv=VM code, C=native code)

Java frames: (J=compiled Java code, j=interpreted, Vv=VM code)
J 782  java.lang.ClassLoader.defineClass1(Ljava/lang/String;[BIILjava/security/ProtectionDomain;Ljava/lang/String;)Ljava/lang/Class; (0 bytes) @ 0x000000000349fc5f [0x000000000349fbc0+0x9f]
J 564 C1 java.lang.ClassLoader.defineClass(Ljava/lang/String;[BIILjava/security/ProtectionDomain;)Ljava/lang/Class; (43 bytes) @ 0x00000000033d3a24 [0x00000000033d3440+0x5e4]
J 459 C1 java.net.URLClassLoader.defineClass(Ljava/lang/String;Lsun/misc/Resource;)Ljava/lang/Class; (142 bytes) @ 0x000000000337c0a4 [0x000000000337a540+0x1b64]
J 352 C1 java.net.URLClassLoader$1.run()Ljava/lang/Class; (63 bytes) @ 0x0000000003328894 [0x00000000033285e0+0x2b4]
J 329 C1 java.net.URLClassLoader$1.run()Ljava/lang/Object; (5 bytes) @ 0x000000000331a70c [0x000000000331a680+0x8c]
v  ~StubRoutines::call_stub
J 247  java.security.AccessController.doPrivileged(Ljava/security/PrivilegedExceptionAction;Ljava/security/AccessControlContext;)Ljava/lang/Object; (0 bytes) @ 0x00000000032ef9a6 [0x00000000032ef940+0x66]
J 1364 C2 java.net.URLClassLoader.findClass(Ljava/lang/String;)Ljava/lang/Class; (47 bytes) @ 0x00000000036199b0 [0x0000000003619920+0x90]
J 1339 C2 java.lang.ClassLoader.loadClass(Ljava/lang/String;Z)Ljava/lang/Class; (122 bytes) @ 0x000000000360b8a0 [0x000000000360a880+0x1020]
J 323 C1 java.lang.ClassLoader.loadClass(Ljava/lang/String;)Ljava/lang/Class; (7 bytes) @ 0x0000000003318f0c [0x0000000003318e00+0x10c]
v  ~StubRoutines::call_stub
j  org.gradle.internal.service.scopes.BuildSessionScopeServices.createScriptSourceHasher(Lorg/gradle/internal/hash/FileHasher;Lorg/gradle/internal/hash/ContentHasherFactory;)Lorg/gradle/groovy/scripts/internal/ScriptSourceHasher;+0
v  ~StubRoutines::call_stub
j  sun.reflect.NativeMethodAccessorImpl.invoke0(Ljava/lang/reflect/Method;Ljava/lang/Object;[Ljava/lang/Object;)Ljava/lang/Object;+0
j  sun.reflect.NativeMethodAccessorImpl.invoke(Ljava/lang/Object;[Ljava/lang/Object;)Ljava/lang/Object;+100
J 1109 C1 sun.reflect.DelegatingMethodAccessorImpl.invoke(Ljava/lang/Object;[Ljava/lang/Object;)Ljava/lang/Object; (10 bytes) @ 0x0000000003570b04 [0x0000000003570a00+0x104]
J 1108 C1 java.lang.reflect.Method.invoke(Ljava/lang/Object;[Ljava/lang/Object;)Ljava/lang/Object; (62 bytes) @ 0x000000000357052c [0x0000000003570140+0x3ec]
j  org.gradle.internal.reflect.JavaMethod.invoke(Ljava/lang/Object;[Ljava/lang/Object;)Ljava/lang/Object;+6
j  org.gradle.internal.service.ReflectionBasedServiceMethod.invoke(Ljava/lang/Object;[Ljava/lang/Object;)Ljava/lang/Object;+6
j  org.gradle.internal.service.DefaultServiceRegistry$FactoryMethodService.invokeMethod([Ljava/lang/Object;)Ljava/lang/Object;+9
j  org.gradle.internal.service.DefaultServiceRegistry$FactoryService.create()Ljava/lang/Object;+7
j  org.gradle.internal.service.DefaultServiceRegistry$ManagedObjectServiceProvider.getInstance()Ljava/lang/Object;+24
j  org.gradle.internal.service.DefaultServiceRegistry$SingletonService.get()Ljava/lang/Object;+1
j  org.gradle.internal.service.DefaultServiceRegistry$FactoryService.assembleParameters()[Ljava/lang/Object;+44
j  org.gradle.internal.service.DefaultServiceRegistry$FactoryService.create()Ljava/lang/Object;+1
j  org.gradle.internal.service.DefaultServiceRegistry$ManagedObjectServiceProvider.getInstance()Ljava/lang/Object;+24
j  org.gradle.internal.service.DefaultServiceRegistry$SingletonService.get()Ljava/lang/Object;+1
j  org.gradle.internal.service.DefaultServiceRegistry$FactoryService.assembleParameters()[Ljava/lang/Object;+44
j  org.gradle.internal.service.DefaultServiceRegistry$FactoryService.create()Ljava/lang/Object;+1
j  org.gradle.internal.service.DefaultServiceRegistry$ManagedObjectServiceProvider.getInstance()Ljava/lang/Object;+24
j  org.gradle.internal.service.DefaultServiceRegistry$SingletonService.get()Ljava/lang/Object;+1
j  org.gradle.internal.service.DefaultServiceRegistry.find(Ljava/lang/reflect/Type;)Ljava/lang/Object;+22
j  org.gradle.internal.service.DefaultServiceRegistry.get(Ljava/lang/reflect/Type;)Ljava/lang/Object;+2
j  org.gradle.internal.service.DefaultServiceRegistry.get(Ljava/lang/Class;)Ljava/lang/Object;+3
j  org.gradle.internal.service.scopes.BuildScopeServices.defaultScriptPluginFactory()Lorg/gradle/configuration/DefaultScriptPluginFactory;+8
j  org.gradle.internal.service.scopes.BuildScopeServices.createScriptPluginFactory(Lorg/gradle/api/internal/InstantiatorFactory;Lorg/gradle/internal/operations/BuildOperationExecutor;Lorg/gradle/configuration/internal/UserCodeApplicationContext;)Lorg/gradle/configuration/ScriptPluginFactory;+1
v  ~StubRoutines::call_stub
j  sun.reflect.NativeMethodAccessorImpl.invoke0(Ljava/lang/reflect/Method;Ljava/lang/Object;[Ljava/lang/Object;)Ljava/lang/Object;+0
j  sun.reflect.NativeMethodAccessorImpl.invoke(Ljava/lang/Object;[Ljava/lang/Object;)Ljava/lang/Object;+100
J 1109 C1 sun.reflect.DelegatingMethodAccessorImpl.invoke(Ljava/lang/Object;[Ljava/lang/Object;)Ljava/lang/Object; (10 bytes) @ 0x0000000003570b04 [0x0000000003570a00+0x104]
J 1108 C1 java.lang.reflect.Method.invoke(Ljava/lang/Object;[Ljava/lang/Object;)Ljava/lang/Object; (62 bytes) @ 0x000000000357052c [0x0000000003570140+0x3ec]
j  org.gradle.internal.reflect.JavaMethod.invoke(Ljava/lang/Object;[Ljava/lang/Object;)Ljava/lang/Object;+6
j  org.gradle.internal.service.ReflectionBasedServiceMethod.invoke(Ljava/lang/Object;[Ljava/lang/Object;)Ljava/lang/Object;+6
j  org.gradle.internal.service.DefaultServiceRegistry$FactoryMethodService.invokeMethod([Ljava/lang/Object;)Ljava/lang/Object;+9
j  org.gradle.internal.service.DefaultServiceRegistry$FactoryService.create()Ljava/lang/Object;+7
j  org.gradle.internal.service.DefaultServiceRegistry$ManagedObjectServiceProvider.getInstance()Ljava/lang/Object;+24
j  org.gradle.internal.service.DefaultServiceRegistry$SingletonService.get()Ljava/lang/Object;+1
j  org.gradle.internal.service.DefaultServiceRegistry$FactoryService.assembleParameters()[Ljava/lang/Object;+44
j  org.gradle.internal.service.DefaultServiceRegistry$FactoryService.create()Ljava/lang/Object;+1
j  org.gradle.internal.service.DefaultServiceRegistry$ManagedObjectServiceProvider.getInstance()Ljava/lang/Object;+24
j  org.gradle.internal.service.DefaultServiceRegistry$SingletonService.get()Ljava/lang/Object;+1
j  org.gradle.internal.service.DefaultServiceRegistry$FactoryService.assembleParameters()[Ljava/lang/Object;+44
j  org.gradle.internal.service.DefaultServiceRegistry$FactoryService.create()Ljava/lang/Object;+1
j  org.gradle.internal.service.DefaultServiceRegistry$ManagedObjectServiceProvider.getInstance()Ljava/lang/Object;+24
j  org.gradle.internal.service.DefaultServiceRegistry$SingletonService.get()Ljava/lang/Object;+1
j  org.gradle.internal.service.DefaultServiceRegistry.find(Ljava/lang/reflect/Type;)Ljava/lang/Object;+22
j  org.gradle.internal.service.DefaultServiceRegistry.get(Ljava/lang/reflect/Type;)Ljava/lang/Object;+2
j  org.gradle.internal.service.DefaultServiceRegistry.get(Ljava/lang/Class;)Ljava/lang/Object;+3
j  org.gradle.initialization.DefaultGradleLauncherFactory.doNewInstance(Lorg/gradle/api/internal/BuildDefinition;Lorg/gradle/internal/build/BuildState;Lorg/gradle/initialization/GradleLauncher;Lorg/gradle/initialization/BuildCancellationToken;Lorg/gradle/initialization/BuildRequestMetaData;Lorg/gradle/initialization/BuildEventConsumer;Lorg/gradle/internal/service/scopes/BuildTreeScopeServices;Ljava/util/List;)Lorg/gradle/initialization/DefaultGradleLauncher;+394
j  org.gradle.initialization.DefaultGradleLauncherFactory.newInstance(Lorg/gradle/api/internal/BuildDefinition;Lorg/gradle/internal/build/RootBuildState;Lorg/gradle/initialization/BuildRequestContext;Lorg/gradle/internal/service/ServiceRegistry;)Lorg/gradle/initialization/GradleLauncher;+72
j  org.gradle.composite.internal.DefaultRootBuildState.<init>(Lorg/gradle/api/internal/BuildDefinition;Lorg/gradle/initialization/BuildRequestContext;Lorg/gradle/initialization/GradleLauncherFactory;Lorg/gradle/internal/event/ListenerManager;Lorg/gradle/internal/service/ServiceRegistry;)V+17
j  org.gradle.composite.internal.DefaultIncludedBuildRegistry.addRootBuild(Lorg/gradle/api/internal/BuildDefinition;Lorg/gradle/initialization/BuildRequestContext;)Lorg/gradle/internal/build/RootBuildState;+36
j  org.gradle.launcher.exec.InProcessBuildActionExecuter.execute(Lorg/gradle/internal/invocation/BuildAction;Lorg/gradle/initialization/BuildRequestContext;Lorg/gradle/launcher/exec/BuildActionParameters;Lorg/gradle/internal/service/ServiceRegistry;)Ljava/lang/Object;+50
j  org.gradle.launcher.exec.InProcessBuildActionExecuter.execute(Lorg/gradle/internal/invocation/BuildAction;Lorg/gradle/initialization/BuildRequestContext;Ljava/lang/Object;Lorg/gradle/internal/service/ServiceRegistry;)Ljava/lang/Object;+9
j  org.gradle.launcher.exec.BuildTreeScopeBuildActionExecuter.execute(Lorg/gradle/internal/invocation/BuildAction;Lorg/gradle/initialization/BuildRequestContext;Lorg/gradle/launcher/exec/BuildActionParameters;Lorg/gradle/internal/service/ServiceRegistry;)Ljava/lang/Object;+38
j  org.gradle.launcher.exec.BuildTreeScopeBuildActionExecuter.execute(Lorg/gradle/internal/invocation/BuildAction;Lorg/gradle/initialization/BuildRequestContext;Ljava/lang/Object;Lorg/gradle/internal/service/ServiceRegistry;)Ljava/lang/Object;+9
j  org.gradle.tooling.internal.provider.ContinuousBuildActionExecuter.execute(Lorg/gradle/internal/invocation/BuildAction;Lorg/gradle/initialization/BuildRequestContext;Lorg/gradle/launcher/exec/BuildActionParameters;Lorg/gradle/internal/service/ServiceRegistry;)Ljava/lang/Object;+63
j  org.gradle.tooling.internal.provider.ContinuousBuildActionExecuter.execute(Lorg/gradle/internal/invocation/BuildAction;Lorg/gradle/initialization/BuildRequestContext;Ljava/lang/Object;Lorg/gradle/internal/service/ServiceRegistry;)Ljava/lang/Object;+9
j  org.gradle.tooling.internal.provider.ServicesSetupBuildActionExecuter.execute(Lorg/gradle/internal/invocation/BuildAction;Lorg/gradle/initialization/BuildRequestContext;Lorg/gradle/launcher/exec/BuildActionParameters;Lorg/gradle/internal/service/ServiceRegistry;)Ljava/lang/Object;+107
j  org.gradle.tooling.internal.provider.ServicesSetupBuildActionExecuter.execute(Lorg/gradle/internal/invocation/BuildAction;Lorg/gradle/initialization/BuildRequestContext;Ljava/lang/Object;Lorg/gradle/internal/service/ServiceRegistry;)Ljava/lang/Object;+9
j  org.gradle.tooling.internal.provider.GradleThreadBuildActionExecuter.execute(Lorg/gradle/internal/invocation/BuildAction;Lorg/gradle/initialization/BuildRequestContext;Lorg/gradle/launcher/exec/BuildActionParameters;Lorg/gradle/internal/service/ServiceRegistry;)Ljava/lang/Object;+12
j  org.gradle.tooling.internal.provider.GradleThreadBuildActionExecuter.execute(Lorg/gradle/internal/invocation/BuildAction;Lorg/gradle/initialization/BuildRequestContext;Ljava/lang/Object;Lorg/gradle/internal/service/ServiceRegistry;)Ljava/lang/Object;+9
j  org.gradle.tooling.internal.provider.ParallelismConfigurationBuildActionExecuter.execute(Lorg/gradle/internal/invocation/BuildAction;Lorg/gradle/initialization/BuildRequestContext;Lorg/gradle/launcher/exec/BuildActionParameters;Lorg/gradle/internal/service/ServiceRegistry;)Ljava/lang/Object;+43
j  org.gradle.tooling.internal.provider.ParallelismConfigurationBuildActionExecuter.execute(Lorg/gradle/internal/invocation/BuildAction;Lorg/gradle/initialization/BuildRequestContext;Ljava/lang/Object;Lorg/gradle/internal/service/ServiceRegistry;)Ljava/lang/Object;+9
j  org.gradle.tooling.internal.provider.StartParamsValidatingActionExecuter.execute(Lorg/gradle/internal/invocation/BuildAction;Lorg/gradle/initialization/BuildRequestContext;Lorg/gradle/launcher/exec/BuildActionParameters;Lorg/gradle/internal/service/ServiceRegistry;)Ljava/lang/Object;+177
j  org.gradle.tooling.internal.provider.StartParamsValidatingActionExecuter.execute(Lorg/gradle/internal/invocation/BuildAction;Lorg/gradle/initialization/BuildRequestContext;Ljava/lang/Object;Lorg/gradle/internal/service/ServiceRegistry;)Ljava/lang/Object;+9
j  org.gradle.tooling.internal.provider.SessionFailureReportingActionExecuter.execute(Lorg/gradle/internal/invocation/BuildAction;Lorg/gradle/initialization/BuildRequestContext;Lorg/gradle/launcher/exec/BuildActionParameters;Lorg/gradle/internal/service/ServiceRegistry;)Ljava/lang/Object;+9
j  org.gradle.tooling.internal.provider.SessionFailureReportingActionExecuter.execute(Lorg/gradle/internal/invocation/BuildAction;Lorg/gradle/initialization/BuildRequestContext;Ljava/lang/Object;Lorg/gradle/internal/service/ServiceRegistry;)Ljava/lang/Object;+9
j  org.gradle.tooling.internal.provider.SetupLoggingActionExecuter.execute(Lorg/gradle/internal/invocation/BuildAction;Lorg/gradle/initialization/BuildRequestContext;Lorg/gradle/launcher/exec/BuildActionParameters;Lorg/gradle/internal/service/ServiceRegistry;)Ljava/lang/Object;+52
j  org.gradle.tooling.internal.provider.SetupLoggingActionExecuter.execute(Lorg/gradle/internal/invocation/BuildAction;Lorg/gradle/initialization/BuildRequestContext;Ljava/lang/Object;Lorg/gradle/internal/service/ServiceRegistry;)Ljava/lang/Object;+9
j  org.gradle.launcher.daemon.server.exec.ExecuteBuild.doBuild(Lorg/gradle/launcher/daemon/server/api/DaemonCommandExecution;Lorg/gradle/launcher/daemon/protocol/Build;)V+114
j  org.gradle.launcher.daemon.server.exec.BuildCommandOnly.execute(Lorg/gradle/launcher/daemon/server/api/DaemonCommandExecution;)V+49
j  org.gradle.launcher.daemon.server.api.DaemonCommandExecution.proceed()Z+28
j  org.gradle.launcher.daemon.server.exec.WatchForDisconnection.execute(Lorg/gradle/launcher/daemon/server/api/DaemonCommandExecution;)V+19
j  org.gradle.launcher.daemon.server.api.DaemonCommandExecution.proceed()Z+28
j  org.gradle.launcher.daemon.server.exec.ResetDeprecationLogger.execute(Lorg/gradle/launcher/daemon/server/api/DaemonCommandExecution;)V+4
j  org.gradle.launcher.daemon.server.api.DaemonCommandExecution.proceed()Z+28
j  org.gradle.launcher.daemon.server.exec.RequestStopIfSingleUsedDaemon.execute(Lorg/gradle/launcher/daemon/server/api/DaemonCommandExecution;)V+33
j  org.gradle.launcher.daemon.server.api.DaemonCommandExecution.proceed()Z+28
j  org.gradle.launcher.daemon.server.exec.ForwardClientInput$2.call()Ljava/lang/Void;+4
j  org.gradle.launcher.daemon.server.exec.ForwardClientInput$2.call()Ljava/lang/Object;+1
j  org.gradle.util.Swapper.swap(Ljava/lang/Object;Ljava/util/concurrent/Callable;)Ljava/lang/Object;+21
j  org.gradle.launcher.daemon.server.exec.ForwardClientInput.execute(Lorg/gradle/launcher/daemon/server/api/DaemonCommandExecution;)V+63
j  org.gradle.launcher.daemon.server.api.DaemonCommandExecution.proceed()Z+28
j  org.gradle.launcher.daemon.server.exec.LogAndCheckHealth.execute(Lorg/gradle/launcher/daemon/server/api/DaemonCommandExecution;)V+28
j  org.gradle.launcher.daemon.server.api.DaemonCommandExecution.proceed()Z+28
j  org.gradle.launcher.daemon.server.exec.LogToClient.doBuild(Lorg/gradle/launcher/daemon/server/api/DaemonCommandExecution;Lorg/gradle/launcher/daemon/protocol/Build;)V+87
j  org.gradle.launcher.daemon.server.exec.BuildCommandOnly.execute(Lorg/gradle/launcher/daemon/server/api/DaemonCommandExecution;)V+49
j  org.gradle.launcher.daemon.server.api.DaemonCommandExecution.proceed()Z+28
j  org.gradle.launcher.daemon.server.exec.EstablishBuildEnvironment.doBuild(Lorg/gradle/launcher/daemon/server/api/DaemonCommandExecution;Lorg/gradle/launcher/daemon/protocol/Build;)V+365
j  org.gradle.launcher.daemon.server.exec.BuildCommandOnly.execute(Lorg/gradle/launcher/daemon/server/api/DaemonCommandExecution;)V+49
j  org.gradle.launcher.daemon.server.api.DaemonCommandExecution.proceed()Z+28
j  org.gradle.launcher.daemon.server.exec.StartBuildOrRespondWithBusy$1.run()V+44
j  org.gradle.launcher.daemon.server.DaemonStateCoordinator$1.run()V+4
j  org.gradle.internal.concurrent.ExecutorPolicy$CatchAndRecordFailures.onExecute(Ljava/lang/Runnable;)V+1
j  org.gradle.internal.concurrent.ManagedExecutorImpl$1.run()V+25
j  java.util.concurrent.ThreadPoolExecutor.runWorker(Ljava/util/concurrent/ThreadPoolExecutor$Worker;)V+95
j  java.util.concurrent.ThreadPoolExecutor$Worker.run()V+5
j  org.gradle.internal.concurrent.ThreadFactoryImpl$ManagedThreadRunnable.run()V+7
j  java.lang.Thread.run()V+11
v  ~StubRoutines::call_stub

---------------  P R O C E S S  ---------------

Java Threads: ( => current thread )
  0x0000000017b5e000 JavaThread "Cache worker for file hash cache (C:\Users\rlaxo\IdeaProjects\firstPjt\.gradle\4.10.2\fileHashes)" [_thread_blocked, id=7376, stack(0x000000001bf00000,0x000000001c000000)]
  0x0000000017b60000 JavaThread "File lock request listener" [_thread_in_native, id=11104, stack(0x000000001c070000,0x000000001c170000)]
  0x0000000017b62800 JavaThread "Cache worker for file hash cache (C:\Users\rlaxo\.gradle\caches\4.10.2\fileHashes)" [_thread_blocked, id=17848, stack(0x000000001be00000,0x000000001bf00000)]
  0x0000000017ca6000 JavaThread "Stdin handler" [_thread_blocked, id=12748, stack(0x0000000019b60000,0x0000000019c60000)]
  0x0000000017dfb000 JavaThread "Asynchronous log dispatcher for DefaultDaemonConnection: socket connection from /127.0.0.1:14534 to /127.0.0.1:14535" [_thread_blocked, id=15384, stack(0x0000000019a60000,0x0000000019b60000)]
=>0x0000000017e2c800 JavaThread "Daemon worker" [_thread_in_vm, id=8028, stack(0x0000000019960000,0x0000000019a60000)]
  0x0000000016ca2000 JavaThread "Cancel handler" [_thread_blocked, id=13352, stack(0x0000000019860000,0x0000000019960000)]
  0x0000000016bba000 JavaThread "Handler for socket connection from /127.0.0.1:14534 to /127.0.0.1:14535" [_thread_in_native, id=14544, stack(0x0000000019560000,0x0000000019660000)]
  0x0000000016ce4000 JavaThread "Daemon" [_thread_blocked, id=12996, stack(0x0000000019460000,0x0000000019560000)]
  0x0000000018688800 JavaThread "Daemon periodic checks" [_thread_blocked, id=11796, stack(0x0000000019360000,0x0000000019460000)]
  0x0000000018687000 JavaThread "Incoming local TCP Connector on port 14534" [_thread_in_native, id=14776, stack(0x0000000019180000,0x0000000019280000)]
  0x00000000185ac000 JavaThread "Daemon health stats" [_thread_blocked, id=6548, stack(0x0000000018e60000,0x0000000018f60000)]
  0x0000000016bf4000 JavaThread "Service Thread" daemon [_thread_blocked, id=17044, stack(0x0000000017490000,0x0000000017590000)]
  0x0000000016bf0000 JavaThread "C1 CompilerThread2" daemon [_thread_blocked, id=14552, stack(0x0000000017390000,0x0000000017490000)]
  0x0000000016b9b000 JavaThread "C2 CompilerThread1" daemon [_thread_in_native, id=3452, stack(0x0000000017290000,0x0000000017390000)]
  0x0000000016b99000 JavaThread "C2 CompilerThread0" daemon [_thread_in_native, id=1996, stack(0x0000000017190000,0x0000000017290000)]
  0x000000001588c800 JavaThread "Attach Listener" daemon [_thread_blocked, id=18308, stack(0x0000000017090000,0x0000000017190000)]
  0x000000001583e800 JavaThread "Signal Dispatcher" daemon [_thread_blocked, id=4856, stack(0x0000000016f90000,0x0000000017090000)]
  0x0000000002d2a000 JavaThread "Finalizer" daemon [_thread_blocked, id=15640, stack(0x0000000016a90000,0x0000000016b90000)]
  0x0000000002d21000 JavaThread "Reference Handler" daemon [_thread_blocked, id=16952, stack(0x0000000016990000,0x0000000016a90000)]
  0x0000000002d4e000 JavaThread "main" [_thread_blocked, id=15628, stack(0x0000000001370000,0x0000000001470000)]

Other Threads:
  0x00000000157f8000 VMThread [stack: 0x0000000016890000,0x0000000016990000] [id=18568]
  0x0000000016c4f800 WatcherThread [stack: 0x0000000017590000,0x0000000017690000] [id=17432]

VM state:not at safepoint (normal execution)

VM Mutex/Monitor currently owned by a thread: None

Heap:
 PSYoungGen      total 38400K, used 23475K [0x00000000eab00000, 0x00000000ed580000, 0x0000000100000000)
  eden space 33280K, 55% used [0x00000000eab00000,0x00000000ebcf2c48,0x00000000ecb80000)
  from space 5120K, 99% used [0x00000000ecb80000,0x00000000ed07a2d0,0x00000000ed080000)
  to   space 5120K, 0% used [0x00000000ed080000,0x00000000ed080000,0x00000000ed580000)
 ParOldGen       total 87552K, used 2397K [0x00000000c0000000, 0x00000000c5580000, 0x00000000eab00000)
  object space 87552K, 2% used [0x00000000c0000000,0x00000000c0257760,0x00000000c5580000)
 Metaspace       used 15334K, capacity 15706K, committed 16000K, reserved 1062912K
  class space    used 2220K, capacity 2353K, committed 2432K, reserved 1048576K

Card table byte_map: [0x0000000012520000,0x0000000012730000] byte_map_base: 0x0000000011f20000

Marking Bits: (ParMarkBitMap*) 0x00000000523dd850
 Begin Bits: [0x0000000012c90000, 0x0000000013c90000)
 End Bits:   [0x0000000013c90000, 0x0000000014c90000)

Polling page: 0x0000000000e60000

CodeCache: size=245760Kb used=5208Kb max_used=5208Kb free=240551Kb
 bounds [0x0000000003160000, 0x0000000003680000, 0x0000000012160000]
 total_blobs=1863 nmethods=1485 adapters=291
 compilation: enabled

Compilation events (10 events):
Event: 12.621 Thread 0x0000000016bf0000 1481       3       com.google.common.base.Splitter$SplittingIterator::<init> (39 bytes)
Event: 12.622 Thread 0x0000000016bf0000 nmethod 1481 0x000000000366c950 code [0x000000000366cac0, 0x000000000366cd70]
Event: 12.622 Thread 0x0000000016bf0000 1482       3       com.google.common.base.AbstractIterator::<init> (12 bytes)
Event: 12.622 Thread 0x0000000016bf0000 nmethod 1482 0x000000000366ce90 code [0x000000000366d000, 0x000000000366d1d0]
Event: 12.622 Thread 0x0000000016bf0000 1490       1       com.google.common.collect.RegularImmutableMap$NonTerminalMapEntry::getNextInKeyBucket (5 bytes)
Event: 12.622 Thread 0x0000000016bf0000 nmethod 1490 0x000000000366d290 code [0x000000000366d3e0, 0x000000000366d4f0]
Event: 12.677 Thread 0x0000000016bf0000 1491       1       java.lang.ThreadLocal::getMap (5 bytes)
Event: 12.677 Thread 0x0000000016bf0000 nmethod 1491 0x000000000366d550 code [0x000000000366d6a0, 0x000000000366d7b0]
Event: 12.687 Thread 0x0000000016bf0000 1492   !   3       java.io.WinNTFileSystem::resolve (362 bytes)
Event: 12.695 Thread 0x0000000016bf0000 nmethod 1492 0x000000000366d850 code [0x000000000366e0c0, 0x0000000003673c78]

GC Heap History (6 events):
Event: 2.448 GC heap before
{Heap before GC invocations=1 (full 0):
 PSYoungGen      total 38400K, used 33280K [0x00000000eab00000, 0x00000000ed580000, 0x0000000100000000)
  eden space 33280K, 100% used [0x00000000eab00000,0x00000000ecb80000,0x00000000ecb80000)
  from space 5120K, 0% used [0x00000000ed080000,0x00000000ed080000,0x00000000ed580000)
  to   space 5120K, 0% used [0x00000000ecb80000,0x00000000ecb80000,0x00000000ed080000)
 ParOldGen       total 87552K, used 0K [0x00000000c0000000, 0x00000000c5580000, 0x00000000eab00000)
  object space 87552K, 0% used [0x00000000c0000000,0x00000000c0000000,0x00000000c5580000)
 Metaspace       used 6860K, capacity 7066K, committed 7424K, reserved 1056768K
  class space    used 856K, capacity 911K, committed 1024K, reserved 1048576K
Event: 2.454 GC heap after
Heap after GC invocations=1 (full 0):
 PSYoungGen      total 38400K, used 4415K [0x00000000eab00000, 0x00000000ed580000, 0x0000000100000000)
  eden space 33280K, 0% used [0x00000000eab00000,0x00000000eab00000,0x00000000ecb80000)
  from space 5120K, 86% used [0x00000000ecb80000,0x00000000ecfcffd8,0x00000000ed080000)
  to   space 5120K, 0% used [0x00000000ed080000,0x00000000ed080000,0x00000000ed580000)
 ParOldGen       total 87552K, used 8K [0x00000000c0000000, 0x00000000c5580000, 0x00000000eab00000)
  object space 87552K, 0% used [0x00000000c0000000,0x00000000c0002000,0x00000000c5580000)
 Metaspace       used 6860K, capacity 7066K, committed 7424K, reserved 1056768K
  class space    used 856K, capacity 911K, committed 1024K, reserved 1048576K
}
Event: 3.583 GC heap before
{Heap before GC invocations=2 (full 0):
 PSYoungGen      total 38400K, used 37695K [0x00000000eab00000, 0x00000000ed580000, 0x0000000100000000)
  eden space 33280K, 100% used [0x00000000eab00000,0x00000000ecb80000,0x00000000ecb80000)
  from space 5120K, 86% used [0x00000000ecb80000,0x00000000ecfcffd8,0x00000000ed080000)
  to   space 5120K, 0% used [0x00000000ed080000,0x00000000ed080000,0x00000000ed580000)
 ParOldGen       total 87552K, used 8K [0x00000000c0000000, 0x00000000c5580000, 0x00000000eab00000)
  object space 87552K, 0% used [0x00000000c0000000,0x00000000c0002000,0x00000000c5580000)
 Metaspace       used 9327K, capacity 9640K, committed 9856K, reserved 1058816K
  class space    used 1279K, capacity 1360K, committed 1408K, reserved 1048576K
Event: 3.593 GC heap after
Heap after GC invocations=2 (full 0):
 PSYoungGen      total 38400K, used 5114K [0x00000000eab00000, 0x00000000ed580000, 0x0000000100000000)
  eden space 33280K, 0% used [0x00000000eab00000,0x00000000eab00000,0x00000000ecb80000)
  from space 5120K, 99% used [0x00000000ed080000,0x00000000ed57ebb8,0x00000000ed580000)
  to   space 5120K, 0% used [0x00000000ecb80000,0x00000000ecb80000,0x00000000ed080000)
 ParOldGen       total 87552K, used 64K [0x00000000c0000000, 0x00000000c5580000, 0x00000000eab00000)
  object space 87552K, 0% used [0x00000000c0000000,0x00000000c0010000,0x00000000c5580000)
 Metaspace       used 9327K, capacity 9640K, committed 9856K, reserved 1058816K
  class space    used 1279K, capacity 1360K, committed 1408K, reserved 1048576K
}
Event: 11.970 GC heap before
{Heap before GC invocations=3 (full 0):
 PSYoungGen      total 38400K, used 38394K [0x00000000eab00000, 0x00000000ed580000, 0x0000000100000000)
  eden space 33280K, 100% used [0x00000000eab00000,0x00000000ecb80000,0x00000000ecb80000)
  from space 5120K, 99% used [0x00000000ed080000,0x00000000ed57ebb8,0x00000000ed580000)
  to   space 5120K, 0% used [0x00000000ecb80000,0x00000000ecb80000,0x00000000ed080000)
 ParOldGen       total 87552K, used 64K [0x00000000c0000000, 0x00000000c5580000, 0x00000000eab00000)
  object space 87552K, 0% used [0x00000000c0000000,0x00000000c0010000,0x00000000c5580000)
 Metaspace       used 13728K, capacity 14090K, committed 14208K, reserved 1060864K
  class space    used 1967K, capacity 2087K, committed 2176K, reserved 1048576K
Event: 11.983 GC heap after
Heap after GC invocations=3 (full 0):
 PSYoungGen      total 38400K, used 5096K [0x00000000eab00000, 0x00000000ed580000, 0x0000000100000000)
  eden space 33280K, 0% used [0x00000000eab00000,0x00000000eab00000,0x00000000ecb80000)
  from space 5120K, 99% used [0x00000000ecb80000,0x00000000ed07a2d0,0x00000000ed080000)
  to   space 5120K, 0% used [0x00000000ed080000,0x00000000ed080000,0x00000000ed580000)
 ParOldGen       total 87552K, used 2397K [0x00000000c0000000, 0x00000000c5580000, 0x00000000eab00000)
  object space 87552K, 2% used [0x00000000c0000000,0x00000000c0257760,0x00000000c5580000)
 Metaspace       used 13728K, capacity 14090K, committed 14208K, reserved 1060864K
  class space    used 1967K, capacity 2087K, committed 2176K, reserved 1048576K
}

Deoptimization events (10 events):
Event: 11.503 Thread 0x0000000017e2c800 Uncommon trap: reason=bimorphic action=maybe_recompile pc=0x00000000033eede8 method=java.util.HashMap.putVal(ILjava/lang/Object;Ljava/lang/Object;ZZ)Ljava/lang/Object; @ 253
Event: 11.503 Thread 0x0000000017e2c800 Uncommon trap: reason=bimorphic action=maybe_recompile pc=0x00000000033eede8 method=java.util.HashMap.putVal(ILjava/lang/Object;Ljava/lang/Object;ZZ)Ljava/lang/Object; @ 253
Event: 11.504 Thread 0x0000000017e2c800 Uncommon trap: reason=bimorphic action=maybe_recompile pc=0x00000000033eede8 method=java.util.HashMap.putVal(ILjava/lang/Object;Ljava/lang/Object;ZZ)Ljava/lang/Object; @ 253
Event: 11.504 Thread 0x0000000017e2c800 Uncommon trap: reason=bimorphic action=maybe_recompile pc=0x00000000033eede8 method=java.util.HashMap.putVal(ILjava/lang/Object;Ljava/lang/Object;ZZ)Ljava/lang/Object; @ 253
Event: 11.504 Thread 0x0000000017e2c800 Uncommon trap: reason=bimorphic action=maybe_recompile pc=0x00000000033ea2b4 method=java.util.HashMap.putVal(ILjava/lang/Object;Ljava/lang/Object;ZZ)Ljava/lang/Object; @ 253
Event: 12.127 Thread 0x0000000017e2c800 Uncommon trap: reason=class_check action=maybe_recompile pc=0x000000000342d884 method=java.util.regex.Matcher.match(II)Z @ 86
Event: 12.210 Thread 0x0000000017e2c800 Uncommon trap: reason=class_check action=maybe_recompile pc=0x000000000342d884 method=java.util.regex.Matcher.match(II)Z @ 86
Event: 12.211 Thread 0x0000000017e2c800 Uncommon trap: reason=class_check action=maybe_recompile pc=0x000000000342d884 method=java.util.regex.Matcher.match(II)Z @ 86
Event: 12.211 Thread 0x0000000017e2c800 Uncommon trap: reason=class_check action=maybe_recompile pc=0x00000000033f2d60 method=java.util.regex.Matcher.match(II)Z @ 86
Event: 12.510 Thread 0x0000000017e2c800 Uncommon trap: reason=unstable_if action=reinterpret pc=0x00000000035c4cb4 method=java.lang.String.lastIndexOf([CII[CIII)I @ 66

Internal exceptions (10 events):
Event: 3.451 Thread 0x0000000002d4e000 Exception <a 'java/lang/NoSuchFieldError': method resolution failed> (0x00000000ec7eaab8) thrown at [C:\re\workspace\8-2-build-windows-amd64-cygwin\jdk8u144\9417\hotspot\src\share\vm\prims\methodHandles.cpp, line 1146]
Event: 3.453 Thread 0x0000000002d4e000 Exception <a 'java/lang/NoSuchFieldError': method resolution failed> (0x00000000ec7f87d8) thrown at [C:\re\workspace\8-2-build-windows-amd64-cygwin\jdk8u144\9417\hotspot\src\share\vm\prims\methodHandles.cpp, line 1146]
Event: 11.285 Thread 0x0000000002d4e000 Exception <a 'java/io/IOException'> (0x00000000eaf92860) thrown at [C:\re\workspace\8-2-build-windows-amd64-cygwin\jdk8u144\9417\hotspot\src\share\vm\prims\jni.cpp, line 709]
Event: 11.392 Thread 0x0000000016bba000 Exception <a 'java/lang/NoSuchMethodError': <clinit>> (0x00000000eb198460) thrown at [C:\re\workspace\8-2-build-windows-amd64-cygwin\jdk8u144\9417\hotspot\src\share\vm\prims\jni.cpp, line 1613]
Event: 11.394 Thread 0x0000000016bba000 Exception <a 'java/lang/NoSuchMethodError': <clinit>> (0x00000000eb1a2060) thrown at [C:\re\workspace\8-2-build-windows-amd64-cygwin\jdk8u144\9417\hotspot\src\share\vm\prims\jni.cpp, line 1613]
Event: 11.396 Thread 0x0000000016bba000 Exception <a 'java/lang/NoSuchMethodError': <clinit>> (0x00000000eb1accb0) thrown at [C:\re\workspace\8-2-build-windows-amd64-cygwin\jdk8u144\9417\hotspot\src\share\vm\prims\jni.cpp, line 1613]
Event: 11.409 Thread 0x0000000016bba000 Exception <a 'java/lang/NoSuchMethodError': <clinit>> (0x00000000eb1fe908) thrown at [C:\re\workspace\8-2-build-windows-amd64-cygwin\jdk8u144\9417\hotspot\src\share\vm\prims\jni.cpp, line 1613]
Event: 11.435 Thread 0x0000000016bba000 Exception <a 'java/lang/NoSuchMethodError': <clinit>> (0x00000000eb236330) thrown at [C:\re\workspace\8-2-build-windows-amd64-cygwin\jdk8u144\9417\hotspot\src\share\vm\prims\jni.cpp, line 1613]
Event: 11.444 Thread 0x0000000016bba000 Exception <a 'java/lang/NoSuchMethodError': <clinit>> (0x00000000eb26c410) thrown at [C:\re\workspace\8-2-build-windows-amd64-cygwin\jdk8u144\9417\hotspot\src\share\vm\prims\jni.cpp, line 1613]
Event: 11.446 Thread 0x0000000016bba000 Exception <a 'java/lang/NoSuchMethodError': <clinit>> (0x00000000eb277780) thrown at [C:\re\workspace\8-2-build-windows-amd64-cygwin\jdk8u144\9417\hotspot\src\share\vm\prims\jni.cpp, line 1613]

Events (10 events):
Event: 12.676 loading class org/apache/commons/io/FilenameUtils done
Event: 12.680 loading class org/gradle/groovy/scripts/TextResourceScriptSource
Event: 12.680 loading class org/gradle/groovy/scripts/TextResourceScriptSource done
Event: 12.681 loading class org/gradle/api/Task
Event: 12.681 loading class org/gradle/api/Task done
Event: 12.687 Thread 0x0000000017b5e000 Thread added: 0x0000000017b5e000
Event: 12.720 loading class org/gradle/api/internal/changedetection/state/SplitFileHasher
Event: 12.720 loading class org/gradle/api/internal/changedetection/state/SplitFileHasher done
Event: 12.727 loading class org/gradle/groovy/scripts/internal/DefaultScriptSourceHasher
Event: 12.727 loading class org/gradle/groovy/scripts/internal/DefaultScriptSourceHasher done


Dynamic libraries:
0x00007ff7b0f50000 - 0x00007ff7b0f87000 	C:\Program Files\Java\jdk1.8.0_144\bin\java.exe
0x00007ff9ec3d0000 - 0x00007ff9ec5c5000 	C:\WINDOWS\SYSTEM32\ntdll.dll
0x00007ff9eacf0000 - 0x00007ff9eadad000 	C:\WINDOWS\System32\KERNEL32.DLL
0x00007ff9e9eb0000 - 0x00007ff9ea178000 	C:\WINDOWS\System32\KERNELBASE.dll
0x00007ff9ea440000 - 0x00007ff9ea4ec000 	C:\WINDOWS\System32\ADVAPI32.dll
0x00007ff9eb4c0000 - 0x00007ff9eb55e000 	C:\WINDOWS\System32\msvcrt.dll
0x00007ff9eadb0000 - 0x00007ff9eae4b000 	C:\WINDOWS\System32\sechost.dll
0x00007ff9eb100000 - 0x00007ff9eb22b000 	C:\WINDOWS\System32\RPCRT4.dll
0x00007ff9eba50000 - 0x00007ff9ebbf0000 	C:\WINDOWS\System32\USER32.dll
0x00007ff9e9c20000 - 0x00007ff9e9c42000 	C:\WINDOWS\System32\win32u.dll
0x00007ff9eb580000 - 0x00007ff9eb5aa000 	C:\WINDOWS\System32\GDI32.dll
0x00007ff9e9b10000 - 0x00007ff9e9c1b000 	C:\WINDOWS\System32\gdi32full.dll
0x00007ff9ea370000 - 0x00007ff9ea40d000 	C:\WINDOWS\System32\msvcp_win.dll
0x00007ff9ea270000 - 0x00007ff9ea370000 	C:\WINDOWS\System32\ucrtbase.dll
0x00007ff9d4ff0000 - 0x00007ff9d528a000 	C:\WINDOWS\WinSxS\amd64_microsoft.windows.common-controls_6595b64144ccf1df_6.0.19041.1052_none_60b8f8fd71f5e8cb\COMCTL32.dll
0x00007ff9eb5b0000 - 0x00007ff9eb5e0000 	C:\WINDOWS\System32\IMM32.DLL
0x0000000052460000 - 0x0000000052532000 	C:\Program Files\Java\jdk1.8.0_144\jre\bin\msvcr100.dll
0x0000000051bc0000 - 0x000000005245d000 	C:\Program Files\Java\jdk1.8.0_144\jre\bin\server\jvm.dll
0x00007ff9ec370000 - 0x00007ff9ec378000 	C:\WINDOWS\System32\PSAPI.DLL
0x00007ff9d9670000 - 0x00007ff9d9697000 	C:\WINDOWS\SYSTEM32\WINMM.dll
0x00007ff9c5a70000 - 0x00007ff9c5a79000 	C:\WINDOWS\SYSTEM32\WSOCK32.dll
0x00007ff9e89f0000 - 0x00007ff9e89fa000 	C:\WINDOWS\SYSTEM32\VERSION.dll
0x00007ff9eb450000 - 0x00007ff9eb4bb000 	C:\WINDOWS\System32\WS2_32.dll
0x0000000051bb0000 - 0x0000000051bbf000 	C:\Program Files\Java\jdk1.8.0_144\jre\bin\verify.dll
0x0000000051b80000 - 0x0000000051ba9000 	C:\Program Files\Java\jdk1.8.0_144\jre\bin\java.dll
0x0000000051b60000 - 0x0000000051b76000 	C:\Program Files\Java\jdk1.8.0_144\jre\bin\zip.dll
0x00007ff9ea4f0000 - 0x00007ff9eac2f000 	C:\WINDOWS\System32\SHELL32.dll
0x00007ff9e8220000 - 0x00007ff9e89b0000 	C:\WINDOWS\SYSTEM32\windows.storage.dll
0x00007ff9ebce0000 - 0x00007ff9ec035000 	C:\WINDOWS\System32\combase.dll
0x00007ff9e9580000 - 0x00007ff9e95ac000 	C:\WINDOWS\SYSTEM32\Wldp.dll
0x00007ff9eb050000 - 0x00007ff9eb0fe000 	C:\WINDOWS\System32\SHCORE.dll
0x00007ff9eb370000 - 0x00007ff9eb3c5000 	C:\WINDOWS\System32\shlwapi.dll
0x00007ff9e9a50000 - 0x00007ff9e9a6f000 	C:\WINDOWS\SYSTEM32\profapi.dll
0x0000000051b40000 - 0x0000000051b5a000 	C:\Program Files\Java\jdk1.8.0_144\jre\bin\net.dll
0x00007ff9e92f0000 - 0x00007ff9e935a000 	C:\WINDOWS\system32\mswsock.dll
0x0000000051b20000 - 0x0000000051b31000 	C:\Program Files\Java\jdk1.8.0_144\jre\bin\nio.dll
0x00007ff9e34a0000 - 0x00007ff9e34be000 	C:\Users\rlaxo\.gradle\native\25\windows-amd64\native-platform.dll
0x0000000051b10000 - 0x0000000051b1d000 	C:\Program Files\Java\jdk1.8.0_144\jre\bin\management.dll
0x00007ff9e94c0000 - 0x00007ff9e94d8000 	C:\WINDOWS\SYSTEM32\CRYPTSP.dll
0x00007ff9e8c20000 - 0x00007ff9e8c54000 	C:\WINDOWS\system32\rsaenh.dll
0x00007ff9ea410000 - 0x00007ff9ea437000 	C:\WINDOWS\System32\bcrypt.dll
0x00007ff9e99d0000 - 0x00007ff9e99fe000 	C:\WINDOWS\SYSTEM32\USERENV.dll
0x00007ff9ea1e0000 - 0x00007ff9ea263000 	C:\WINDOWS\System32\bcryptprimitives.dll
0x00007ff9e94e0000 - 0x00007ff9e94ec000 	C:\WINDOWS\SYSTEM32\CRYPTBASE.dll
0x00007ff9e8f90000 - 0x00007ff9e8fcb000 	C:\WINDOWS\SYSTEM32\IPHLPAPI.DLL
0x00007ff9ec380000 - 0x00007ff9ec388000 	C:\WINDOWS\System32\NSI.dll
0x00007ff9e0370000 - 0x00007ff9e0387000 	C:\WINDOWS\SYSTEM32\dhcpcsvc6.DLL
0x00007ff9e15f0000 - 0x00007ff9e160d000 	C:\WINDOWS\SYSTEM32\dhcpcsvc.DLL
0x00007ff9e8fe0000 - 0x00007ff9e90ac000 	C:\WINDOWS\SYSTEM32\DNSAPI.dll

VM Arguments:
jvm_args: -XX:+HeapDumpOnOutOfMemoryError -Xmx1024m -Dfile.encoding=x-windows-949 -Duser.country=KR -Duser.language=ko -Duser.variant 
java_command: org.gradle.launcher.daemon.bootstrap.GradleDaemon 4.10.2
java_class_path (initial): C:\Users\rlaxo\.gradle\wrapper\dists\gradle-4.10.2-bin\cghg6c4gf4vkiutgsab8yrnwv\gradle-4.10.2\lib\gradle-launcher-4.10.2.jar
Launcher Type: SUN_STANDARD

Environment Variables:
JAVA_HOME=C:\Program Files\Java\jdk1.8.0_144
PATH=C:\ProgramData\Oracle\Java\javapath;C:\Program Files (x86)\Intel\iCLS Client\;C:\Program Files\Intel\iCLS Client\;C:\WINDOWS\system32;C:\WINDOWS;C:\WINDOWS\System32\Wbem;C:\WINDOWS\System32\WindowsPowerShell\v1.0\;C:\Program Files (x86)\Intel\Intel(R) Management Engine Components\DAL;C:\Program Files\Intel\Intel(R) Management Engine Components\DAL;C:\Program Files (x86)\Intel\Intel(R) Management Engine Components\IPT;C:\Program Files\Intel\Intel(R) Management Engine Components\IPT;C:\Program Files\Intel\WiFi\bin\;C:\Program Files\Common Files\Intel\WirelessCommon\;C:\Program Files\Java\jdk1.8.0_144\bin;C:\Program Files\dotnet\;C:\WINDOWS\system32;C:\WINDOWS;C:\WINDOWS\System32\Wbem;C:\WINDOWS\System32\WindowsPowerShell\v1.0\;C:\WINDOWS\System32\OpenSSH\;C:\Program Files\Microsoft SQL Server\Client SDK\ODBC\130\Tools\Binn\;C:\Program Files (x86)\Microsoft SQL Server\140\Tools\Binn\;C:\Program Files\Microsoft SQL Server\140\Tools\Binn\;C:\Program Files\Microsoft SQL Server\140\DTS\Binn\;C:\opencv\build\x64\vc15\bin;C:\Program Files\Microsoft SQL Server\130\Tools\Binn\;C:\Program Files\MySQL\MySQL Server 8.0\bin;C:\Program Files (x86)\Pulse Secure\VC142.CRT\X64\;C:\Program Files (x86)\Pulse Secure\VC142.CRT\X86\;C:\Program Files\Git\cmd\;C:\Program Files\Git\bin\;C:\Program Files\MySQL\MySQL Shell 8.0\bin\;C:\Users\rlaxo\AppData\Local\Microsoft\WindowsApps;C:\Program Files\Intel\WiFi\bin\;C:\Program Files\Common Files\Intel\WirelessCommon\;C:\Modeltech_pe_edu_10.4a\win32pe_edu;C:\Program Files\Bandizip\;C:\Users\rlaxo\Desktop\ffmpeg-4.1.3-win64-static\bin;
USERNAME=rlaxo
OS=Windows_NT
PROCESSOR_IDENTIFIER=Intel64 Family 6 Model 78 Stepping 3, GenuineIntel



---------------  S Y S T E M  ---------------

OS: Windows 10.0 , 64 bit Build 19041 (10.0.19041.1023)

CPU:total 4 (initial active 4) (2 cores per cpu, 2 threads per core) family 6 model 78 stepping 3, cmov, cx8, fxsr, mmx, sse, sse2, sse3, ssse3, sse4.1, sse4.2, popcnt, avx, avx2, aes, clmul, erms, 3dnowpref, lzcnt, ht, tsc, tscinvbit, bmi1, bmi2, adx

Memory: 4k page, physical 8305924k(837104k free), swap 8305924k(6152k free)

vm_info: Java HotSpot(TM) 64-Bit Server VM (25.144-b01) for windows-amd64 JRE (1.8.0_144-b01), built on Jul 21 2017 21:57:33 by "java_re" with MS VC++ 10.0 (VS2010)

time: Sun Jul 04 18:58:41 2021
elapsed time: 12 seconds (0d 0h 0m 12s)

