#
# There is insufficient memory for the Java Runtime Environment to continue.
# Native memory allocation (malloc) failed to allocate 32744 bytes for ChunkPool::allocate
# Possible reasons:
#   The system is out of physical RAM or swap space
#   In 32 bit mode, the process size limit was hit
# Possible solutions:
#   Reduce memory load on the system
#   Increase physical memory or swap space
#   Check if swap backing store is full
#   Use 64 bit Java on a 64 bit OS
#   Decrease Java heap size (-Xmx/-Xms)
#   Decrease number of Java threads
#   Decrease Java thread stack sizes (-Xss)
#   Set larger code cache with -XX:ReservedCodeCacheSize=
# This output file may be truncated or incomplete.
#
#  Out of Memory Error (allocation.cpp:273), pid=13552, tid=0x00000000000028f8
#
# JRE version: Java(TM) SE Runtime Environment (8.0_144-b01) (build 1.8.0_144-b01)
# Java VM: Java HotSpot(TM) 64-Bit Server VM (25.144-b01 mixed mode windows-amd64 compressed oops)
# Failed to write core dump. Minidumps are not enabled by default on client versions of Windows
#

---------------  T H R E A D  ---------------

Current thread (0x000000000290e800):  JavaThread "main" [_thread_in_vm, id=10488, stack(0x0000000002910000,0x0000000002a10000)]

Stack: [0x0000000002910000,0x0000000002a10000]
[error occurred during error reporting (printing stack bounds), id 0xc0000005]

Native frames: (J=compiled Java code, j=interpreted, Vv=VM code, C=native code)

Java frames: (J=compiled Java code, j=interpreted, Vv=VM code)
j  org.apache.catalina.startup.Tomcat.createDefaultRealm()Lorg/apache/catalina/Realm;+0
j  org.apache.catalina.startup.Tomcat.getEngine()Lorg/apache/catalina/Engine;+56
j  org.apache.catalina.startup.Tomcat.getHost()Lorg/apache/catalina/Host;+1
j  org.springframework.boot.web.embedded.tomcat.TomcatServletWebServerFactory.getWebServer([Lorg/springframework/boot/web/servlet/ServletContextInitializer;)Lorg/springframework/boot/web/server/WebServer;+74
j  org.springframework.boot.web.servlet.context.ServletWebServerApplicationContext.createWebServer()V+36
j  org.springframework.boot.web.servlet.context.ServletWebServerApplicationContext.onRefresh()V+5
j  org.springframework.context.support.AbstractApplicationContext.refresh()V+45
j  org.springframework.boot.web.servlet.context.ServletWebServerApplicationContext.refresh()V+1
j  org.springframework.boot.SpringApplication.refresh(Lorg/springframework/context/ApplicationContext;)V+10
j  org.springframework.boot.SpringApplication.refreshContext(Lorg/springframework/context/ConfigurableApplicationContext;)V+2
j  org.springframework.boot.SpringApplication.run([Ljava/lang/String;)Lorg/springframework/context/ConfigurableApplicationContext;+118
j  org.springframework.boot.SpringApplication.run([Ljava/lang/Class;[Ljava/lang/String;)Lorg/springframework/context/ConfigurableApplicationContext;+9
j  org.springframework.boot.SpringApplication.run(Ljava/lang/Class;[Ljava/lang/String;)Lorg/springframework/context/ConfigurableApplicationContext;+9
j  com.jojoldu.book.springboot.Application.main([Ljava/lang/String;)V+3
v  ~StubRoutines::call_stub

---------------  P R O C E S S  ---------------

Java Threads: ( => current thread )
  0x0000000017a5e800 JavaThread "Service Thread" daemon [_thread_blocked, id=14688, stack(0x00000000196f0000,0x00000000197f0000)]
  0x0000000017a33800 JavaThread "C1 CompilerThread2" daemon [_thread_blocked, id=14836, stack(0x00000000195f0000,0x00000000196f0000)]
  0x0000000017a2f000 JavaThread "C2 CompilerThread1" daemon [_thread_in_native, id=6140, stack(0x00000000194f0000,0x00000000195f0000)]
  0x0000000017a29800 JavaThread "C2 CompilerThread0" daemon [_thread_blocked, id=15568, stack(0x00000000193f0000,0x00000000194f0000)]
  0x0000000018e32800 JavaThread "Attach Listener" daemon [_thread_blocked, id=9300, stack(0x00000000192f0000,0x00000000193f0000)]
  0x0000000017a16000 JavaThread "Signal Dispatcher" daemon [_thread_blocked, id=15064, stack(0x00000000191f0000,0x00000000192f0000)]
  0x0000000002e8b000 JavaThread "Finalizer" daemon [_thread_blocked, id=15800, stack(0x0000000018c60000,0x0000000018d60000)]
  0x0000000002e88000 JavaThread "Reference Handler" daemon [_thread_blocked, id=5828, stack(0x0000000018b60000,0x0000000018c60000)]
=>0x000000000290e800 JavaThread "main" [_thread_in_vm, id=10488, stack(0x0000000002910000,0x0000000002a10000)]

Other Threads:
  0x00000000179c7800 VMThread [stack: 0x0000000018a60000,0x0000000018b60000] [id=15992]
  0x0000000018edc800 WatcherThread [stack: 0x00000000197f0000,0x00000000198f0000] [id=15136]

VM state:not at safepoint (normal execution)

VM Mutex/Monitor currently owned by a thread: None

Heap:
 PSYoungGen      total 71680K, used 57580K [0x00000000d5c00000, 0x00000000da700000, 0x0000000100000000)
  eden space 66560K, 78% used [0x00000000d5c00000,0x00000000d8f3c9f8,0x00000000d9d00000)
  from space 5120K, 99% used [0x00000000da200000,0x00000000da6fe680,0x00000000da700000)
  to   space 5120K, 0% used [0x00000000d9d00000,0x00000000d9d00000,0x00000000da200000)
 ParOldGen       total 49152K, used 8621K [0x0000000081400000, 0x0000000084400000, 0x00000000d5c00000)
  object space 49152K, 17% used [0x0000000081400000,0x0000000081c6b700,0x0000000084400000)
 Metaspace       used 31025K, capacity 32456K, committed 32560K, reserved 1077248K
  class space    used 4016K, capacity 4296K, committed 4400K, reserved 1048576K

Card table byte_map: [0x0000000012250000,0x0000000012650000] byte_map_base: 0x0000000011e46000

Marking Bits: (ParMarkBitMap*) 0x000000005674d850
 Begin Bits: [0x0000000012d00000, 0x0000000014cb0000)
 End Bits:   [0x0000000014cb0000, 0x0000000016c60000)

Polling page: 0x00000000028c0000

CodeCache: size=245760Kb used=11523Kb max_used=11525Kb free=234236Kb
 bounds [0x0000000002e90000, 0x00000000039e0000, 0x0000000011e90000]
 total_blobs=3585 nmethods=3180 adapters=317
 compilation: enabled

Compilation events (10 events):
Event: 15.585 Thread 0x0000000017a29800 nmethod 3178 0x00000000039d6b50 code [0x00000000039d6ce0, 0x00000000039d7418]
Event: 15.592 Thread 0x0000000017a33800 3180       3       org.apache.tomcat.util.buf.CharsetCache::addToCache (65 bytes)
Event: 15.593 Thread 0x0000000017a33800 nmethod 3180 0x00000000039d5e10 code [0x00000000039d6000, 0x00000000039d6848]
Event: 15.593 Thread 0x0000000017a33800 3181       3       java.nio.charset.Charset::aliases (64 bytes)
Event: 15.594 Thread 0x0000000017a33800 nmethod 3181 0x00000000039d4c90 code [0x00000000039d4ea0, 0x00000000039d5878]
Event: 15.595 Thread 0x0000000017a2f000 3182   !   4       org.apache.tomcat.util.IntrospectionUtils::setProperty (736 bytes)
Event: 15.621 Thread 0x0000000017a33800 3183       1       java.util.ResourceBundle$CacheKey::getLocale (5 bytes)
Event: 15.621 Thread 0x0000000017a33800 nmethod 3183 0x00000000039cc310 code [0x00000000039cc460, 0x00000000039cc570]
Event: 15.624 Thread 0x0000000017a33800 3184       3       java.lang.StringBuilder::<init> (6 bytes)
Event: 15.624 Thread 0x0000000017a33800 nmethod 3184 0x00000000039d4750 code [0x00000000039d48c0, 0x00000000039d4b70]

GC Heap History (10 events):
Event: 3.029 GC heap before
{Heap before GC invocations=3 (full 0):
 PSYoungGen      total 38400K, used 38399K [0x00000000d5c00000, 0x00000000da700000, 0x0000000100000000)
  eden space 33280K, 100% used [0x00000000d5c00000,0x00000000d7c80000,0x00000000d7c80000)
  from space 5120K, 99% used [0x00000000d8180000,0x00000000d867fde0,0x00000000d8680000)
  to   space 5120K, 0% used [0x00000000d7c80000,0x00000000d7c80000,0x00000000d8180000)
 ParOldGen       total 87552K, used 1157K [0x0000000081400000, 0x0000000086980000, 0x00000000d5c00000)
  object space 87552K, 1% used [0x0000000081400000,0x00000000815214a8,0x0000000086980000)
 Metaspace       used 18216K, capacity 18694K, committed 18944K, reserved 1064960K
  class space    used 2336K, capacity 2461K, committed 2560K, reserved 1048576K
Event: 3.082 GC heap after
Heap after GC invocations=3 (full 0):
 PSYoungGen      total 38400K, used 5107K [0x00000000d5c00000, 0x00000000da700000, 0x0000000100000000)
  eden space 33280K, 0% used [0x00000000d5c00000,0x00000000d5c00000,0x00000000d7c80000)
  from space 5120K, 99% used [0x00000000d7c80000,0x00000000d817cf38,0x00000000d8180000)
  to   space 5120K, 0% used [0x00000000da200000,0x00000000da200000,0x00000000da700000)
 ParOldGen       total 87552K, used 4028K [0x0000000081400000, 0x0000000086980000, 0x00000000d5c00000)
  object space 87552K, 4% used [0x0000000081400000,0x00000000817ef0e8,0x0000000086980000)
 Metaspace       used 18216K, capacity 18694K, committed 18944K, reserved 1064960K
  class space    used 2336K, capacity 2461K, committed 2560K, reserved 1048576K
}
Event: 3.535 GC heap before
{Heap before GC invocations=4 (full 0):
 PSYoungGen      total 38400K, used 38379K [0x00000000d5c00000, 0x00000000da700000, 0x0000000100000000)
  eden space 33280K, 99% used [0x00000000d5c00000,0x00000000d7c7e078,0x00000000d7c80000)
  from space 5120K, 99% used [0x00000000d7c80000,0x00000000d817cf38,0x00000000d8180000)
  to   space 5120K, 0% used [0x00000000da200000,0x00000000da200000,0x00000000da700000)
 ParOldGen       total 87552K, used 4028K [0x0000000081400000, 0x0000000086980000, 0x00000000d5c00000)
  object space 87552K, 4% used [0x0000000081400000,0x00000000817ef0e8,0x0000000086980000)
 Metaspace       used 20159K, capacity 20774K, committed 20992K, reserved 1067008K
  class space    used 2594K, capacity 2749K, committed 2816K, reserved 1048576K
Event: 3.547 GC heap after
Heap after GC invocations=4 (full 0):
 PSYoungGen      total 71680K, used 5117K [0x00000000d5c00000, 0x00000000da700000, 0x0000000100000000)
  eden space 66560K, 0% used [0x00000000d5c00000,0x00000000d5c00000,0x00000000d9d00000)
  from space 5120K, 99% used [0x00000000da200000,0x00000000da6ff500,0x00000000da700000)
  to   space 5120K, 0% used [0x00000000d9d00000,0x00000000d9d00000,0x00000000da200000)
 ParOldGen       total 87552K, used 5779K [0x0000000081400000, 0x0000000086980000, 0x00000000d5c00000)
  object space 87552K, 6% used [0x0000000081400000,0x00000000819a4d38,0x0000000086980000)
 Metaspace       used 20159K, capacity 20774K, committed 20992K, reserved 1067008K
  class space    used 2594K, capacity 2749K, committed 2816K, reserved 1048576K
}
Event: 3.610 GC heap before
{Heap before GC invocations=5 (full 0):
 PSYoungGen      total 71680K, used 27139K [0x00000000d5c00000, 0x00000000da700000, 0x0000000100000000)
  eden space 66560K, 33% used [0x00000000d5c00000,0x00000000d71818d8,0x00000000d9d00000)
  from space 5120K, 99% used [0x00000000da200000,0x00000000da6ff500,0x00000000da700000)
  to   space 5120K, 0% used [0x00000000d9d00000,0x00000000d9d00000,0x00000000da200000)
 ParOldGen       total 87552K, used 5779K [0x0000000081400000, 0x0000000086980000, 0x00000000d5c00000)
  object space 87552K, 6% used [0x0000000081400000,0x00000000819a4d38,0x0000000086980000)
 Metaspace       used 20615K, capacity 21182K, committed 21296K, reserved 1067008K
  class space    used 2653K, capacity 2819K, committed 2864K, reserved 1048576K
Event: 3.621 GC heap after
Heap after GC invocations=5 (full 0):
 PSYoungGen      total 71680K, used 5098K [0x00000000d5c00000, 0x00000000da700000, 0x0000000100000000)
  eden space 66560K, 0% used [0x00000000d5c00000,0x00000000d5c00000,0x00000000d9d00000)
  from space 5120K, 99% used [0x00000000d9d00000,0x00000000da1faa38,0x00000000da200000)
  to   space 5120K, 0% used [0x00000000da200000,0x00000000da200000,0x00000000da700000)
 ParOldGen       total 87552K, used 6230K [0x0000000081400000, 0x0000000086980000, 0x00000000d5c00000)
  object space 87552K, 7% used [0x0000000081400000,0x0000000081a15808,0x0000000086980000)
 Metaspace       used 20615K, capacity 21182K, committed 21296K, reserved 1067008K
  class space    used 2653K, capacity 2819K, committed 2864K, reserved 1048576K
}
Event: 3.621 GC heap before
{Heap before GC invocations=6 (full 1):
 PSYoungGen      total 71680K, used 5098K [0x00000000d5c00000, 0x00000000da700000, 0x0000000100000000)
  eden space 66560K, 0% used [0x00000000d5c00000,0x00000000d5c00000,0x00000000d9d00000)
  from space 5120K, 99% used [0x00000000d9d00000,0x00000000da1faa38,0x00000000da200000)
  to   space 5120K, 0% used [0x00000000da200000,0x00000000da200000,0x00000000da700000)
 ParOldGen       total 87552K, used 6230K [0x0000000081400000, 0x0000000086980000, 0x00000000d5c00000)
  object space 87552K, 7% used [0x0000000081400000,0x0000000081a15808,0x0000000086980000)
 Metaspace       used 20615K, capacity 21182K, committed 21296K, reserved 1067008K
  class space    used 2653K, capacity 2819K, committed 2864K, reserved 1048576K
Event: 3.679 GC heap after
Heap after GC invocations=6 (full 1):
 PSYoungGen      total 71680K, used 0K [0x00000000d5c00000, 0x00000000da700000, 0x0000000100000000)
  eden space 66560K, 0% used [0x00000000d5c00000,0x00000000d5c00000,0x00000000d9d00000)
  from space 5120K, 0% used [0x00000000d9d00000,0x00000000d9d00000,0x00000000da200000)
  to   space 5120K, 0% used [0x00000000da200000,0x00000000da200000,0x00000000da700000)
 ParOldGen       total 49152K, used 5485K [0x0000000081400000, 0x0000000084400000, 0x00000000d5c00000)
  object space 49152K, 11% used [0x0000000081400000,0x000000008195b428,0x0000000084400000)
 Metaspace       used 20613K, capacity 21176K, committed 21296K, reserved 1067008K
  class space    used 2652K, capacity 2818K, committed 2864K, reserved 1048576K
}
Event: 6.053 GC heap before
{Heap before GC invocations=7 (full 1):
 PSYoungGen      total 71680K, used 66560K [0x00000000d5c00000, 0x00000000da700000, 0x0000000100000000)
  eden space 66560K, 100% used [0x00000000d5c00000,0x00000000d9d00000,0x00000000d9d00000)
  from space 5120K, 0% used [0x00000000d9d00000,0x00000000d9d00000,0x00000000da200000)
  to   space 5120K, 0% used [0x00000000da200000,0x00000000da200000,0x00000000da700000)
 ParOldGen       total 49152K, used 5485K [0x0000000081400000, 0x0000000084400000, 0x00000000d5c00000)
  object space 49152K, 11% used [0x0000000081400000,0x000000008195b428,0x0000000084400000)
 Metaspace       used 26465K, capacity 27460K, committed 27824K, reserved 1073152K
  class space    used 3435K, capacity 3646K, committed 3760K, reserved 1048576K
Event: 6.074 GC heap after
Heap after GC invocations=7 (full 1):
 PSYoungGen      total 71680K, used 5113K [0x00000000d5c00000, 0x00000000da700000, 0x0000000100000000)
  eden space 66560K, 0% used [0x00000000d5c00000,0x00000000d5c00000,0x00000000d9d00000)
  from space 5120K, 99% used [0x00000000da200000,0x00000000da6fe680,0x00000000da700000)
  to   space 5120K, 0% used [0x00000000d9d00000,0x00000000d9d00000,0x00000000da200000)
 ParOldGen       total 49152K, used 8621K [0x0000000081400000, 0x0000000084400000, 0x00000000d5c00000)
  object space 49152K, 17% used [0x0000000081400000,0x0000000081c6b700,0x0000000084400000)
 Metaspace       used 26465K, capacity 27460K, committed 27824K, reserved 1073152K
  class space    used 3435K, capacity 3646K, committed 3760K, reserved 1048576K
}

Deoptimization events (10 events):
Event: 8.005 Thread 0x000000000290e800 Uncommon trap: reason=unstable_if action=reinterpret pc=0x000000000337a230 method=java.util.concurrent.ConcurrentHashMap.get(Ljava/lang/Object;)Ljava/lang/Object; @ 76
Event: 8.164 Thread 0x000000000290e800 Uncommon trap: reason=null_check action=make_not_entrant pc=0x00000000037295f8 method=org.springframework.beans.factory.support.DefaultListableBeanFactory.getBeanDefinition(Ljava/lang/String;)Lorg/springframework/beans/factory/config/BeanDefinition; @ 10
Event: 8.259 Thread 0x000000000290e800 Uncommon trap: reason=unstable_if action=reinterpret pc=0x00000000038ffe70 method=org.springframework.boot.context.properties.source.ConfigurationPropertyName$Elements.charAt(II)C @ 13
Event: 8.320 Thread 0x000000000290e800 Uncommon trap: reason=bimorphic action=maybe_recompile pc=0x00000000036e9170 method=java.util.stream.ReferencePipeline$2$1.accept(Ljava/lang/Object;)V @ 21
Event: 8.693 Thread 0x000000000290e800 Uncommon trap: reason=unstable_if action=reinterpret pc=0x00000000038c99f4 method=java.util.Properties$LineReader.readLine()I @ 323
Event: 8.800 Thread 0x000000000290e800 Uncommon trap: reason=bimorphic action=maybe_recompile pc=0x00000000036e9170 method=java.util.stream.ReferencePipeline$2$1.accept(Ljava/lang/Object;)V @ 21
Event: 8.830 Thread 0x000000000290e800 Uncommon trap: reason=unstable_if action=reinterpret pc=0x000000000331de50 method=java.util.Properties$LineReader.readLine()I @ 252
Event: 8.830 Thread 0x000000000290e800 Uncommon trap: reason=unstable_if action=reinterpret pc=0x0000000003320598 method=java.util.Properties.loadConvert([CII[C)Ljava/lang/String; @ 57
Event: 8.862 Thread 0x000000000290e800 Uncommon trap: reason=class_check action=maybe_recompile pc=0x00000000038417d4 method=java.util.AbstractList$Itr.hasNext()Z @ 8
Event: 8.862 Thread 0x000000000290e800 Uncommon trap: reason=class_check action=maybe_recompile pc=0x00000000038cc904 method=java.util.AbstractList$Itr.next()Ljava/lang/Object; @ 14

Internal exceptions (10 events):
Event: 7.231 Thread 0x000000000290e800 Exception <a 'java/lang/ClassNotFoundException': org/springframework/transaction/annotation/ProxyTransactionManagementConfiguration$$EnhancerBySpringCGLIB$$e07b12dcCustomizer> (0x00000000d76837a0) thrown at [C:\re\workspace\8-2-build-windows-amd64-cygwin\
Event: 7.233 Thread 0x000000000290e800 Exception <a 'java/lang/ClassNotFoundException': org/springframework/context/annotation/ConfigurationClassEnhancer$EnhancedConfigurationCustomizer> (0x00000000d76a99b8) thrown at [C:\re\workspace\8-2-build-windows-amd64-cygwin\jdk8u144\9417\hotspot\src\sh
Event: 7.234 Thread 0x000000000290e800 Exception <a 'java/lang/ClassNotFoundException': org/springframework/beans/factory/BeanFactoryAwareCustomizer> (0x00000000d76bd160) thrown at [C:\re\workspace\8-2-build-windows-amd64-cygwin\jdk8u144\9417\hotspot\src\share\vm\classfile\systemDictionary.cpp
Event: 7.236 Thread 0x000000000290e800 Exception <a 'java/lang/ClassNotFoundException': org/springframework/beans/factory/AwareCustomizer> (0x00000000d76cf788) thrown at [C:\re\workspace\8-2-build-windows-amd64-cygwin\jdk8u144\9417\hotspot\src\share\vm\classfile\systemDictionary.cpp, line 210]
Event: 7.238 Thread 0x000000000290e800 Exception <a 'java/lang/ClassNotFoundException': org/springframework/context/annotation/ImportAwareCustomizer> (0x00000000d76e2d68) thrown at [C:\re\workspace\8-2-build-windows-amd64-cygwin\jdk8u144\9417\hotspot\src\share\vm\classfile\systemDictionary.cpp
Event: 7.241 Thread 0x000000000290e800 Exception <a 'java/lang/ClassNotFoundException': org/springframework/beans/factory/AwareCustomizer> (0x00000000d76f4de0) thrown at [C:\re\workspace\8-2-build-windows-amd64-cygwin\jdk8u144\9417\hotspot\src\share\vm\classfile\systemDictionary.cpp, line 210]
Event: 7.241 Thread 0x000000000290e800 Implicit null exception at 0x000000000385040c to 0x0000000003850581
Event: 8.164 Thread 0x000000000290e800 Implicit null exception at 0x0000000003729497 to 0x00000000037295ed
Event: 8.259 Thread 0x000000000290e800 Implicit null exception at 0x00000000038ffd04 to 0x00000000038ffe55
Event: 8.449 Thread 0x000000000290e800 Exception <a 'java/lang/NoSuchMethodError': java.lang.Object.lambda$and$0(Ljava/util/function/Predicate;Ljava/lang/Object;)Z> (0x00000000d82220c8) thrown at [C:\re\workspace\8-2-build-windows-amd64-cygwin\jdk8u144\9417\hotspot\src\share\vm\interpreter\lin

Events (10 events):
Event: 15.618 loading class org/apache/catalina/valves/LocalStrings
Event: 15.618 loading class org/apache/catalina/valves/LocalStrings done
Event: 15.621 loading class org/apache/catalina/valves/LocalStrings_ko
Event: 15.621 loading class org/apache/catalina/valves/LocalStrings_ko done
Event: 15.623 loading class org/apache/catalina/valves/LocalStrings_ko_KR
Event: 15.623 loading class org/apache/catalina/valves/LocalStrings_ko_KR done
Event: 15.624 loading class org/apache/catalina/startup/Tomcat$SimpleRealm
Event: 15.624 loading class org/apache/catalina/startup/Tomcat$SimpleRealm done
Event: 15.625 loading class org/apache/catalina/realm/RealmBase
Event: 15.625 loading class org/apache/catalina/realm/RealmBase done


Dynamic libraries:
0x00007ff666800000 - 0x00007ff666837000 	C:\Program Files\Java\jdk1.8.0_144\bin\java.exe
0x00007ffae29d0000 - 0x00007ffae2bc5000 	C:\WINDOWS\SYSTEM32\ntdll.dll
0x00007ffae10b0000 - 0x00007ffae116d000 	C:\WINDOWS\System32\KERNEL32.DLL
0x00007ffae0480000 - 0x00007ffae0748000 	C:\WINDOWS\System32\KERNELBASE.dll
0x00007ffae0d20000 - 0x00007ffae0dcc000 	C:\WINDOWS\System32\ADVAPI32.dll
0x00007ffae0c20000 - 0x00007ffae0cbe000 	C:\WINDOWS\System32\msvcrt.dll
0x00007ffae0fb0000 - 0x00007ffae104b000 	C:\WINDOWS\System32\sechost.dll
0x00007ffae1da0000 - 0x00007ffae1ecb000 	C:\WINDOWS\System32\RPCRT4.dll
0x00007ffae1ed0000 - 0x00007ffae2070000 	C:\WINDOWS\System32\USER32.dll
0x00007ffae03b0000 - 0x00007ffae03d2000 	C:\WINDOWS\System32\win32u.dll
0x00007ffae1d70000 - 0x00007ffae1d9a000 	C:\WINDOWS\System32\GDI32.dll
0x00007ffae0110000 - 0x00007ffae021b000 	C:\WINDOWS\System32\gdi32full.dll
0x00007ffae03e0000 - 0x00007ffae047d000 	C:\WINDOWS\System32\msvcp_win.dll
0x00007ffae0280000 - 0x00007ffae0380000 	C:\WINDOWS\System32\ucrtbase.dll
0x00007ffac9e10000 - 0x00007ffaca0aa000 	C:\WINDOWS\WinSxS\amd64_microsoft.windows.common-controls_6595b64144ccf1df_6.0.19041.1052_none_60b8f8fd71f5e8cb\COMCTL32.dll
0x00007ffae2070000 - 0x00007ffae20a0000 	C:\WINDOWS\System32\IMM32.DLL
0x0000000057b70000 - 0x0000000057c42000 	C:\Program Files\Java\jdk1.8.0_144\jre\bin\msvcr100.dll
0x0000000055f30000 - 0x00000000567cd000 	C:\Program Files\Java\jdk1.8.0_144\jre\bin\server\jvm.dll
0x00007ffae0dd0000 - 0x00007ffae0dd8000 	C:\WINDOWS\System32\PSAPI.DLL
0x00007ffacd9f0000 - 0x00007ffacda17000 	C:\WINDOWS\SYSTEM32\WINMM.dll
0x00007ffadeff0000 - 0x00007ffadeffa000 	C:\WINDOWS\SYSTEM32\VERSION.dll
0x00007ffab82e0000 - 0x00007ffab82e9000 	C:\WINDOWS\SYSTEM32\WSOCK32.dll
0x00007ffae1170000 - 0x00007ffae11db000 	C:\WINDOWS\System32\WS2_32.dll
0x0000000057b60000 - 0x0000000057b6f000 	C:\Program Files\Java\jdk1.8.0_144\jre\bin\verify.dll
0x0000000057b30000 - 0x0000000057b59000 	C:\Program Files\Java\jdk1.8.0_144\jre\bin\java.dll
0x0000000057b10000 - 0x0000000057b26000 	C:\Program Files\Java\jdk1.8.0_144\jre\bin\zip.dll
0x00007ffae2180000 - 0x00007ffae28bf000 	C:\WINDOWS\System32\SHELL32.dll
0x00007ffade820000 - 0x00007ffadefb0000 	C:\WINDOWS\SYSTEM32\windows.storage.dll
0x00007ffae11e0000 - 0x00007ffae1535000 	C:\WINDOWS\System32\combase.dll
0x00007ffadfb80000 - 0x00007ffadfbac000 	C:\WINDOWS\SYSTEM32\Wldp.dll
0x00007ffae28e0000 - 0x00007ffae298e000 	C:\WINDOWS\System32\SHCORE.dll
0x00007ffae1050000 - 0x00007ffae10a5000 	C:\WINDOWS\System32\shlwapi.dll
0x00007ffae0050000 - 0x00007ffae006f000 	C:\WINDOWS\SYSTEM32\profapi.dll
0x0000000057ac0000 - 0x0000000057acd000 	C:\Program Files\Java\jdk1.8.0_144\jre\bin\management.dll
0x0000000057af0000 - 0x0000000057b0a000 	C:\Program Files\Java\jdk1.8.0_144\jre\bin\net.dll
0x00007ffadf8f0000 - 0x00007ffadf95a000 	C:\WINDOWS\system32\mswsock.dll
0x00007ffab4340000 - 0x00007ffab4357000 	C:\WINDOWS\system32\napinsp.dll
0x00007ffab4320000 - 0x00007ffab433b000 	C:\WINDOWS\system32\pnrpnsp.dll
0x00007ffadaf90000 - 0x00007ffadafa5000 	C:\WINDOWS\system32\wshbth.dll
0x00007ffadba90000 - 0x00007ffadbaad000 	C:\WINDOWS\system32\NLAapi.dll
0x00007ffadf590000 - 0x00007ffadf5cb000 	C:\WINDOWS\SYSTEM32\IPHLPAPI.DLL
0x00007ffadf5d0000 - 0x00007ffadf69c000 	C:\WINDOWS\SYSTEM32\DNSAPI.dll
0x00007ffae0c10000 - 0x00007ffae0c18000 	C:\WINDOWS\System32\NSI.dll
0x00007ffab1d70000 - 0x00007ffab1d82000 	C:\WINDOWS\System32\winrnr.dll
0x00007ffad90d0000 - 0x00007ffad90da000 	C:\Windows\System32\rasadhlp.dll
0x00007ffacd760000 - 0x00007ffacd7df000 	C:\WINDOWS\System32\fwpuclnt.dll
0x00007ffae0380000 - 0x00007ffae03a7000 	C:\WINDOWS\System32\bcrypt.dll
0x0000000057ad0000 - 0x0000000057ae1000 	C:\Program Files\Java\jdk1.8.0_144\jre\bin\nio.dll
0x00007ffadfad0000 - 0x00007ffadfae8000 	C:\WINDOWS\SYSTEM32\CRYPTSP.dll
0x00007ffadf220000 - 0x00007ffadf254000 	C:\WINDOWS\system32\rsaenh.dll
0x00007ffae0010000 - 0x00007ffae003e000 	C:\WINDOWS\SYSTEM32\USERENV.dll
0x00007ffae0800000 - 0x00007ffae0883000 	C:\WINDOWS\System32\bcryptprimitives.dll
0x00007ffadfac0000 - 0x00007ffadfacc000 	C:\WINDOWS\SYSTEM32\CRYPTBASE.dll
0x00007ffad5680000 - 0x00007ffad5697000 	C:\WINDOWS\SYSTEM32\dhcpcsvc6.DLL
0x00007ffad5dd0000 - 0x00007ffad5ded000 	C:\WINDOWS\SYSTEM32\dhcpcsvc.DLL

VM Arguments:
jvm_args: -Dfile.encoding=x-windows-949 -Duser.country=KR -Duser.language=ko -Duser.variant 
java_command: com.jojoldu.book.springboot.Application
java_class_path (initial): C:\Users\rlaxo\IdeaProjects\firstPjt\build\classes\java\main;C:\Users\rlaxo\IdeaProjects\firstPjt\build\resources\main;C:\Users\rlaxo\.gradle\caches\modules-2\files-2.1\org.springframework.boot\spring-boot-starter-web\2.1.7.RELEASE\fa43baf40bde3ecdb93ac9c545dd39f82ab29c35\spring-boot-starter-web-2.1.7.RELEASE.jar;C:\Users\rlaxo\.gradle\caches\modules-2\files-2.1\org.projectlombok\lombok\1.18.8\448003bc1b234aac04b58e27d7755c12c3ec4236\lombok-1.18.8.jar;C:\Users\rlaxo\.gradle\caches\modules-2\files-2.1\org.springframework.boot\spring-boot-starter-data-jpa\2.1.7.RELEASE\5e4a5d5442f32f5e12b36674a620ec57b0b66c6e\spring-boot-starter-data-jpa-2.1.7.RELEASE.jar;C:\Users\rlaxo\.gradle\caches\modules-2\files-2.1\com.h2database\h2\1.4.199\7bf08152984ed8859740ae3f97fae6c72771ae45\h2-1.4.199.jar;C:\Users\rlaxo\.gradle\caches\modules-2\files-2.1\org.springframework.boot\spring-boot-starter-mustache\2.1.7.RELEASE\c52b1725d81a61eac91af3196a65c17adef75357\spring-boot-starter-mustache-2.1.7.RELEASE.jar;C:\Users\rlaxo\.gradle\caches\modules-2\files-2.1\org.springframework.boot\spring-boot-starter-json\2.1.7.RELEASE\9c12f046a7c4ae110d89163a491ad0d7cf036e79\spring-boot-starter-json-2.1.7.RELEASE.jar;C:\Users\rlaxo\.gradle\caches\modules-2\files-2.1\org.springframework.boot\spring-boot-starter-aop\2.1.7.RELEASE\4577d056af1f823bb7730c99f43c3268dd697310\spring-boot-starter-aop-2.1.7.RELEASE.jar;C:\Users\rlaxo\.gradle\caches\modules-2\files-2.1\org.springframework.boot\spring-boot-starter-jdbc\2.1.7.RELEASE\3ea97a134b44a886ff529215e7bec04bfd93fa5b\spring-boot-starter-jdbc-2.1.7.RELEASE.jar;C:\Users\rlaxo\.gradle\caches\modules-2\files-2.1\org.springframework.boot\spring-boot-starter\2.1.7.RELEASE\e23f4e9460e0e2220b444e40fc7fd6e95f66e0fe\spring-boot-starter-2.1.7.RELEASE.jar;C:\Users\rlaxo\.gradle\caches\modules-2\files-2.1\org.springframework.boot\spring-boot-starter-tomcat\2.1.7.RELEASE\11f2a86aefefba72a4efe5ff18f4165a4b4e78b\spring-boot-starter-tomcat-2.1.7.RE
Launcher Type: SUN_STANDARD

Environment Variables:
JAVA_HOME=C:\Program Files\Java\jdk1.8.0_144
PATH=C:\ProgramData\Oracle\Java\javapath;C:\Program Files (x86)\Intel\iCLS Client\;C:\Program Files\Intel\iCLS Client\;C:\WINDOWS\system32;C:\WINDOWS;C:\WINDOWS\System32\Wbem;C:\WINDOWS\System32\WindowsPowerShell\v1.0\;C:\Program Files (x86)\Intel\Intel(R) Management Engine Components\DAL;C:\Program Files\Intel\Intel(R) Management Engine Components\DAL;C:\Program Files (x86)\Intel\Intel(R) Management Engine Components\IPT;C:\Program Files\Intel\Intel(R) Management Engine Components\IPT;C:\Program Files\Intel\WiFi\bin\;C:\Program Files\Common Files\Intel\WirelessCommon\;C:\Program Files\Java\jdk1.8.0_144\bin;C:\Program Files\dotnet\;C:\WINDOWS\system32;C:\WINDOWS;C:\WINDOWS\System32\Wbem;C:\WINDOWS\System32\WindowsPowerShell\v1.0\;C:\WINDOWS\System32\OpenSSH\;C:\Program Files\Microsoft SQL Server\Client SDK\ODBC\130\Tools\Binn\;C:\Program Files (x86)\Microsoft SQL Server\140\Tools\Binn\;C:\Program Files\Microsoft SQL Server\140\Tools\Binn\;C:\Program Files\Microsoft SQL Server\140\DTS\Binn\;C:\opencv\build\x64\vc15\bin;C:\Program Files\Microsoft SQL Server\130\Tools\Binn\;C:\Program Files\MySQL\MySQL Server 8.0\bin;C:\Program Files (x86)\Pulse Secure\VC142.CRT\X64\;C:\Program Files (x86)\Pulse Secure\VC142.CRT\X86\;C:\Program Files\Git\cmd\;C:\Program Files\Git\bin\;C:\Program Files\MySQL\MySQL Shell 8.0\bin\;C:\Users\rlaxo\AppData\Local\Microsoft\WindowsApps;C:\Program Files\Intel\WiFi\bin\;C:\Program Files\Common Files\Intel\WirelessCommon\;C:\Modeltech_pe_edu_10.4a\win32pe_edu;C:\Program Files\Bandizip\;C:\Users\rlaxo\Desktop\ffmpeg-4.1.3-win64-static\bin;
USERNAME=rlaxo
OS=Windows_NT
PROCESSOR_IDENTIFIER=Intel64 Family 6 Model 78 Stepping 3, GenuineIntel



---------------  S Y S T E M  ---------------

OS: Windows 10.0 , 64 bit Build 19041 (10.0.19041.1023)

CPU:total 4 (initial active 4) (2 cores per cpu, 2 threads per core) family 6 model 78 stepping 3, cmov, cx8, fxsr, mmx, sse, sse2, sse3, ssse3, sse4.1, sse4.2, popcnt, avx, avx2, aes, clmul, erms, 3dnowpref, lzcnt, ht, tsc, tscinvbit, bmi1, bmi2, adx

Memory: 4k page, physical 8305924k(977052k free), swap 8305924k(1896k free)

vm_info: Java HotSpot(TM) 64-Bit Server VM (25.144-b01) for windows-amd64 JRE (1.8.0_144-b01), built on Jul 21 2017 21:57:33 by "java_re" with MS VC++ 10.0 (VS2010)

time: Mon Jul 05 20:43:24 2021
elapsed time: 15 seconds (0d 0h 0m 15s)

