#
# There is insufficient memory for the Java Runtime Environment to continue.
# Native memory allocation (mmap) failed to map 134217728 bytes for Failed to commit area from 0x0000000081400000 to 0x0000000089400000 of length 134217728.
# Possible reasons:
#   The system is out of physical RAM or swap space
#   The process is running with CompressedOops enabled, and the Java Heap may be blocking the growth of the native heap
# Possible solutions:
#   Reduce memory load on the system
#   Increase physical memory or swap space
#   Check if swap backing store is full
#   Decrease Java heap size (-Xmx/-Xms)
#   Decrease number of Java threads
#   Decrease Java thread stack sizes (-Xss)
#   Set larger code cache with -XX:ReservedCodeCacheSize=
# This output file may be truncated or incomplete.
#
#  Out of Memory Error (./src/hotspot/os/windows/os_windows.cpp:3301), pid=15236, tid=4500
#
# JRE version:  (11.0.11+9) (build )
# Java VM: Dynamic Code Evolution 64-Bit Server VM (11.0.11+9-b1341.57, mixed mode, sharing, tiered, compressed oops, g1 gc, windows-amd64)
# No core dump will be written. Minidumps are not enabled by default on client versions of Windows
#

---------------  S U M M A R Y ------------

Command Line: org.jetbrains.git4idea.http.GitAskPassApp Username for 'https://github.com': 

Host: Intel(R) Core(TM) i5-6200U CPU @ 2.30GHz, 4 cores, 7G,  Windows 10 , 64 bit Build 19041 (10.0.19041.1023)
Time: Sat Jul  3 19:39:23 2021 대한민국 표준시 elapsed time: 0.055610 seconds (0d 0h 0m 0s)

---------------  T H R E A D  ---------------

Current thread (0x000002168791f000):  JavaThread "Unknown thread" [_thread_in_vm, id=4500, stack(0x0000009ebba00000,0x0000009ebbb00000)]

Stack: [0x0000009ebba00000,0x0000009ebbb00000]
Native frames: (J=compiled Java code, j=interpreted, Vv=VM code, C=native code)
V  [jvm.dll+0x5fdd0a]
V  [jvm.dll+0x7822a5]
V  [jvm.dll+0x7838bd]
V  [jvm.dll+0x783f73]
V  [jvm.dll+0x245ed8]
V  [jvm.dll+0x5fb104]
V  [jvm.dll+0x5f0065]
V  [jvm.dll+0x302ecb]
V  [jvm.dll+0x302e3a]
V  [jvm.dll+0x302d12]
V  [jvm.dll+0x307c06]
V  [jvm.dll+0x350aa3]
V  [jvm.dll+0x3511a6]
V  [jvm.dll+0x350ba3]
V  [jvm.dll+0x2dca78]
V  [jvm.dll+0x2ddc27]
V  [jvm.dll+0x760907]
V  [jvm.dll+0x76219c]
V  [jvm.dll+0x35e039]
V  [jvm.dll+0x743e8e]
V  [jvm.dll+0x3c69b3]
V  [jvm.dll+0x3c8db1]
C  [jli.dll+0x5373]
C  [ucrtbase.dll+0x21bb2]
C  [KERNEL32.DLL+0x17034]
C  [ntdll.dll+0x52651]


---------------  P R O C E S S  ---------------

Threads class SMR info:
_java_thread_list=0x00000216857e4700, length=0, elements={
}

Java Threads: ( => current thread )

Other Threads:
  0x0000021687938800 GCTaskThread "GC Thread#0" [stack: 0x0000009ebbb00000,0x0000009ebbc00000] [id=14848]
  0x000002168796a000 ConcurrentGCThread "G1 Main Marker" [stack: 0x0000009ebbc00000,0x0000009ebbd00000] [id=16872]
  0x000002168796c000 ConcurrentGCThread "G1 Conc#0" [stack: 0x0000009ebbd00000,0x0000009ebbe00000] [id=9308]

[error occurred during error reporting (printing all threads), id 0xc0000005, EXCEPTION_ACCESS_VIOLATION (0xc0000005) at pc=0x00007ffb3054d047]

VM state:not at safepoint (not fully initialized)

VM Mutex/Monitor currently owned by a thread:  ([mutex/lock_event])
[0x000002168791c540] Heap_lock - owner thread: 0x000002168791f000

Heap address: 0x0000000081400000, size: 2028 MB, Compressed Oops mode: Non-zero based: 0x0000000081400000
Narrow klass base: 0x0000000000000000, Narrow klass shift: 0

GC Heap History (0 events):
No events

Deoptimization events (0 events):
No events

Classes redefined (0 events):
No events

Internal exceptions (0 events):
No events

Events (1 events):
Event: 0.039 Loaded shared library C:\Users\rlaxo\AppData\Local\JetBrains\Toolbox\apps\IDEA-C\ch-0\211.7442.40\jbr\bin\zip.dll


Dynamic libraries:
0x00007ff638ed0000 - 0x00007ff638eda000 	C:\Users\rlaxo\AppData\Local\JetBrains\Toolbox\apps\IDEA-C\ch-0\211.7442.40\jbr\bin\java.exe
0x00007ffb90310000 - 0x00007ffb90505000 	C:\WINDOWS\SYSTEM32\ntdll.dll
0x00007ffb8f2c0000 - 0x00007ffb8f37d000 	C:\WINDOWS\System32\KERNEL32.DLL
0x00007ffb8de50000 - 0x00007ffb8e118000 	C:\WINDOWS\System32\KERNELBASE.dll
0x00007ffb8dc10000 - 0x00007ffb8dd10000 	C:\WINDOWS\System32\ucrtbase.dll
0x00007ffb75620000 - 0x00007ffb75639000 	C:\Users\rlaxo\AppData\Local\JetBrains\Toolbox\apps\IDEA-C\ch-0\211.7442.40\jbr\bin\jli.dll
0x00007ffb8f9a0000 - 0x00007ffb8fb40000 	C:\WINDOWS\System32\USER32.dll
0x00007ffb8daa0000 - 0x00007ffb8dac2000 	C:\WINDOWS\System32\win32u.dll
0x00007ffb625a0000 - 0x00007ffb625b7000 	C:\Users\rlaxo\AppData\Local\JetBrains\Toolbox\apps\IDEA-C\ch-0\211.7442.40\jbr\bin\VCRUNTIME140.dll
0x00007ffb90280000 - 0x00007ffb902aa000 	C:\WINDOWS\System32\GDI32.dll
0x00007ffb8dd40000 - 0x00007ffb8de4b000 	C:\WINDOWS\System32\gdi32full.dll
0x00007ffb8e2e0000 - 0x00007ffb8e37d000 	C:\WINDOWS\System32\msvcp_win.dll
0x00007ffb765d0000 - 0x00007ffb7686a000 	C:\WINDOWS\WinSxS\amd64_microsoft.windows.common-controls_6595b64144ccf1df_6.0.19041.1052_none_60b8f8fd71f5e8cb\COMCTL32.dll
0x00007ffb8e8f0000 - 0x00007ffb8e98e000 	C:\WINDOWS\System32\msvcrt.dll
0x00007ffb8f290000 - 0x00007ffb8f2c0000 	C:\WINDOWS\System32\IMM32.DLL
0x00007ffb462c0000 - 0x00007ffb4635d000 	C:\Users\rlaxo\AppData\Local\JetBrains\Toolbox\apps\IDEA-C\ch-0\211.7442.40\jbr\bin\msvcp140.dll
0x00007ffb30260000 - 0x00007ffb30db3000 	C:\Users\rlaxo\AppData\Local\JetBrains\Toolbox\apps\IDEA-C\ch-0\211.7442.40\jbr\bin\server\jvm.dll
0x00007ffb8e650000 - 0x00007ffb8e6fc000 	C:\WINDOWS\System32\ADVAPI32.dll
0x00007ffb8ea40000 - 0x00007ffb8eadb000 	C:\WINDOWS\System32\sechost.dll
0x00007ffb8e3f0000 - 0x00007ffb8e51b000 	C:\WINDOWS\System32\RPCRT4.dll
0x00007ffb8efe0000 - 0x00007ffb8efe8000 	C:\WINDOWS\System32\PSAPI.DLL
0x00007ffb73210000 - 0x00007ffb73219000 	C:\WINDOWS\SYSTEM32\WSOCK32.dll
0x00007ffb8eff0000 - 0x00007ffb8f05b000 	C:\WINDOWS\System32\WS2_32.dll
0x00007ffb7ae70000 - 0x00007ffb7ae97000 	C:\WINDOWS\SYSTEM32\WINMM.dll
0x00007ffb8c8d0000 - 0x00007ffb8c8da000 	C:\WINDOWS\SYSTEM32\VERSION.dll
0x00007ffb8c890000 - 0x00007ffb8c8a2000 	C:\WINDOWS\SYSTEM32\kernel.appcore.dll
0x00007ffb46460000 - 0x00007ffb46471000 	C:\Users\rlaxo\AppData\Local\JetBrains\Toolbox\apps\IDEA-C\ch-0\211.7442.40\jbr\bin\verify.dll
0x00007ffb7ce50000 - 0x00007ffb7d034000 	C:\WINDOWS\SYSTEM32\DBGHELP.DLL
0x00007ffb75e50000 - 0x00007ffb75e7c000 	C:\WINDOWS\SYSTEM32\dbgcore.DLL
0x00007ffb8db80000 - 0x00007ffb8dc03000 	C:\WINDOWS\System32\bcryptPrimitives.dll
0x00007ffb46430000 - 0x00007ffb46459000 	C:\Users\rlaxo\AppData\Local\JetBrains\Toolbox\apps\IDEA-C\ch-0\211.7442.40\jbr\bin\java.dll
0x00007ffb51f60000 - 0x00007ffb51f6b000 	C:\Users\rlaxo\AppData\Local\JetBrains\Toolbox\apps\IDEA-C\ch-0\211.7442.40\jbr\bin\jimage.dll
0x00007ffb46410000 - 0x00007ffb46428000 	C:\Users\rlaxo\AppData\Local\JetBrains\Toolbox\apps\IDEA-C\ch-0\211.7442.40\jbr\bin\zip.dll

dbghelp: loaded successfully - version: 4.0.5 - missing functions: none
symbol engine: initialized successfully - sym options: 0x614 - pdb path: .;C:\Users\rlaxo\AppData\Local\JetBrains\Toolbox\apps\IDEA-C\ch-0\211.7442.40\jbr\bin;C:\WINDOWS\SYSTEM32;C:\WINDOWS\WinSxS\amd64_microsoft.windows.common-controls_6595b64144ccf1df_6.0.19041.1052_none_60b8f8fd71f5e8cb;C:\Users\rlaxo\AppData\Local\JetBrains\Toolbox\apps\IDEA-C\ch-0\211.7442.40\jbr\bin\server

VM Arguments:
java_command: org.jetbrains.git4idea.http.GitAskPassApp Username for 'https://github.com': 
java_class_path (initial): C:/Users/rlaxo/AppData/Local/JetBrains/Toolbox/apps/IDEA-C/ch-0/211.7442.40/plugins/git4idea/lib/git4idea-rt.jar;C:/Users/rlaxo/AppData/Local/JetBrains/Toolbox/apps/IDEA-C/ch-0/211.7442.40/lib/xmlrpc-2.0.1.jar;C:/Users/rlaxo/AppData/Local/JetBrains/Toolbox/apps/IDEA-C/ch-0/211.7442.40/lib/commons-codec-1.15.jar
Launcher Type: SUN_STANDARD

[Global flags]
     intx CICompilerCount                          = 3                                         {product} {ergonomic}
     uint ConcGCThreads                            = 1                                         {product} {ergonomic}
     uint G1ConcRefinementThreads                  = 4                                         {product} {ergonomic}
   size_t G1HeapRegionSize                         = 1048576                                   {product} {ergonomic}
    uintx GCDrainStackTargetSize                   = 64                                        {product} {ergonomic}
   size_t InitialHeapSize                          = 134217728                                 {product} {ergonomic}
   size_t MarkStackSize                            = 4194304                                   {product} {ergonomic}
   size_t MaxHeapSize                              = 2126512128                                {product} {ergonomic}
   size_t MinHeapDeltaBytes                        = 1048576                                   {product} {ergonomic}
    uintx NonNMethodCodeHeapSize                   = 5830732                                {pd product} {ergonomic}
    uintx NonProfiledCodeHeapSize                  = 122913754                              {pd product} {ergonomic}
    uintx ProfiledCodeHeapSize                     = 122913754                              {pd product} {ergonomic}
    uintx ReservedCodeCacheSize                    = 251658240                              {pd product} {ergonomic}
     bool SegmentedCodeCache                       = true                                      {product} {ergonomic}
     bool UseCompressedClassPointers               = true                                 {lp64_product} {ergonomic}
     bool UseCompressedOops                        = true                                 {lp64_product} {ergonomic}
     bool UseG1GC                                  = true                                      {product} {ergonomic}
     bool UseLargePagesIndividualAllocation        = false                                  {pd product} {ergonomic}

Logging:
Log output configuration:
 #0: stdout all=warning uptime,level,tags
 #1: stderr all=off uptime,level,tags

Environment Variables:
JAVA_HOME=C:\Program Files\Java\jdk1.8.0_144
PATH=C:\Program Files\Git\mingw64\libexec\git-core;C:\Program Files\Git\mingw64\libexec\git-core;C:\Program Files\Git\mingw64\bin;C:\Program Files\Git\usr\bin;C:\cygwin64\home\rlaxo\bin;C:\ProgramData\Oracle\Java\javapath;C:\Program Files (x86)\Intel\iCLS Client;C:\Program Files\Intel\iCLS Client;C:\WINDOWS\system32;C:\WINDOWS;C:\WINDOWS\System32\Wbem;C:\WINDOWS\System32\WindowsPowerShell\v1.0;C:\Program Files (x86)\Intel\Intel(R) Management Engine Components\DAL;C:\Program Files\Intel\Intel(R) Management Engine Components\DAL;C:\Program Files (x86)\Intel\Intel(R) Management Engine Components\IPT;C:\Program Files\Intel\Intel(R) Management Engine Components\IPT;C:\Program Files\Intel\WiFi\bin;C:\Program Files\Common Files\Intel\WirelessCommon;C:\Program Files\Java\jdk1.8.0_144\bin;C:\Program Files\dotnet;C:\WINDOWS\system32;C:\WINDOWS;C:\WINDOWS\System32\Wbem;C:\WINDOWS\System32\WindowsPowerShell\v1.0;C:\WINDOWS\System32\OpenSSH;C:\Program Files\Microsoft SQL Server\Client SDK\ODBC\130\Tools\Binn;C:\Program Files (x86)\Microsoft SQL Server\140\Tools\Binn;C:\Program Files\Microsoft SQL Server\140\Tools\Binn;C:\Program Files\Microsoft SQL Server\140\DTS\Binn;C:\opencv\build\x64\vc15\bin;C:\Program Files\Microsoft SQL Server\130\Tools\Binn;C:\Program Files\MySQL\MySQL Server 8.0\bin;C:\Program Files (x86)\Pulse Secure\VC142.CRT\X64;C:\Program Files (x86)\Pulse Secure\VC142.CRT\X86;C:\Program Files\Git\cmd;C:\Program Files\Git\usr\bin;C:\Program Files\MySQL\MySQL Shell 8.0\bin;C:\Users\rlaxo\AppData\Local\Microsoft\WindowsApps;C:\Program Files\Intel\WiFi\bin;C:\Program Files\Common Files\Intel\WirelessCommon;C:\Modeltech_pe_edu_10.4a\win32pe_edu;C:\Program Files\Bandizip;C:\Users\rlaxo\Desktop\ffmpeg-4.1.3-win64-static\bin
USERNAME=rlaxo
DISPLAY=:0.0
LC_ALL=en_US.UTF-8
OS=Windows_NT
PROCESSOR_IDENTIFIER=Intel64 Family 6 Model 78 Stepping 3, GenuineIntel



---------------  S Y S T E M  ---------------

OS: Windows 10 , 64 bit Build 19041 (10.0.19041.1023)
OS uptime: 0 days 0:34 hours

CPU:total 4 (initial active 4) (2 cores per cpu, 2 threads per core) family 6 model 78 stepping 3 microcode 0xcc, cmov, cx8, fxsr, mmx, sse, sse2, sse3, ssse3, sse4.1, sse4.2, popcnt, avx, avx2, aes, clmul, erms, 3dnowpref, lzcnt, ht, tsc, tscinvbit, bmi1, bmi2, adx, fma

Memory: 4k page, system-wide physical 8111M (829M free)
TotalPageFile size 8111M (AvailPageFile size 6M)
current process WorkingSet (physical memory assigned to process): 10M, peak: 10M
current process commit charge ("private bytes"): 51M, peak: 179M

vm_info: Dynamic Code Evolution 64-Bit Server VM (11.0.11+9-b1341.57) for windows-amd64 JRE (11.0.11+9-b1341.57), built on May 17 2021 14:09:08 by "" with MS VC++ 14.0 (VS2015)

END.
