#
# There is insufficient memory for the Java Runtime Environment to continue.
# Native memory allocation (malloc) failed to allocate 262160 bytes for Chunk::new
# Possible reasons:
#   The system is out of physical RAM or swap space
#   In 32 bit mode, the process size limit was hit
# Possible solutions:
#   Reduce memory load on the system
#   Increase physical memory or swap space
#   Check if swap backing store is full
#   Use 64 bit Java on a 64 bit OS
#   Decrease Java heap size (-Xmx/-Xms)
#   Decrease number of Java threads
#   Decrease Java thread stack sizes (-Xss)
#   Set larger code cache with -XX:ReservedCodeCacheSize=
# This output file may be truncated or incomplete.
#
#  Out of Memory Error (allocation.cpp:390), pid=17376, tid=0x0000000000004440
#
# JRE version: Java(TM) SE Runtime Environment (8.0_144-b01) (build 1.8.0_144-b01)
# Java VM: Java HotSpot(TM) 64-Bit Server VM (25.144-b01 mixed mode windows-amd64 compressed oops)
# Failed to write core dump. Minidumps are not enabled by default on client versions of Windows
#

---------------  T H R E A D  ---------------

Current thread (0x0000000019185000):  JavaThread "C2 CompilerThread1" daemon [_thread_in_native, id=17472, stack(0x0000000019930000,0x0000000019a30000)]

Stack: [0x0000000019930000,0x0000000019a30000]
[error occurred during error reporting (printing stack bounds), id 0xc0000005]

Native frames: (J=compiled Java code, j=interpreted, Vv=VM code, C=native code)


Current CompileTask:
C2:  12844 3892       4       org.springframework.core.ResolvableType::as (86 bytes)


---------------  P R O C E S S  ---------------

Java Threads: ( => current thread )
  0x000000001c729000 JavaThread "HikariPool-1 connection adder" daemon [_thread_blocked, id=15700, stack(0x000000001fd70000,0x000000001fe70000)]
  0x000000001c72c000 JavaThread "HikariPool-1 housekeeper" daemon [_thread_blocked, id=12540, stack(0x000000001bf00000,0x000000001c000000)]
  0x000000001a8bf800 JavaThread "/127.0.0.1:3017 to /127.0.0.1:3016 workers Thread 3" [_thread_in_native, id=15740, stack(0x000000001b800000,0x000000001b900000)]
  0x000000001a70b000 JavaThread "/127.0.0.1:3017 to /127.0.0.1:3016 workers Thread 2" [_thread_blocked, id=13420, stack(0x000000001b700000,0x000000001b800000)]
  0x000000001a22c000 JavaThread "Test worker" [_thread_in_Java, id=15864, stack(0x000000001b600000,0x000000001b700000)]
  0x0000000019219000 JavaThread "Service Thread" daemon [_thread_blocked, id=5516, stack(0x0000000019b30000,0x0000000019c30000)]
  0x0000000019193000 JavaThread "C1 CompilerThread2" daemon [_thread_blocked, id=15872, stack(0x0000000019a30000,0x0000000019b30000)]
=>0x0000000019185000 JavaThread "C2 CompilerThread1" daemon [_thread_in_native, id=17472, stack(0x0000000019930000,0x0000000019a30000)]
  0x0000000019184000 JavaThread "C2 CompilerThread0" daemon [_thread_in_native, id=9020, stack(0x0000000019830000,0x0000000019930000)]
  0x0000000019180800 JavaThread "Attach Listener" daemon [_thread_blocked, id=8748, stack(0x0000000019730000,0x0000000019830000)]
  0x000000001917e000 JavaThread "Signal Dispatcher" daemon [_thread_blocked, id=1864, stack(0x0000000019630000,0x0000000019730000)]
  0x000000000327b800 JavaThread "Finalizer" daemon [_thread_blocked, id=7004, stack(0x0000000019050000,0x0000000019150000)]
  0x0000000017db9000 JavaThread "Reference Handler" daemon [_thread_blocked, id=4648, stack(0x0000000018f50000,0x0000000019050000)]
  0x000000000115e000 JavaThread "main" [_thread_blocked, id=12632, stack(0x0000000002c90000,0x0000000002d90000)]

Other Threads:
  0x0000000017db7800 VMThread [stack: 0x0000000018e50000,0x0000000018f50000] [id=13560]
  0x0000000019296000 WatcherThread [stack: 0x0000000019c30000,0x0000000019d30000] [id=4632]

VM state:not at safepoint (normal execution)

VM Mutex/Monitor currently owned by a thread: None

Heap:
 PSYoungGen      total 172032K, used 136914K [0x00000000d5c00000, 0x00000000e2700000, 0x0000000100000000)
  eden space 161280K, 78% used [0x00000000d5c00000,0x00000000dd73bda8,0x00000000df980000)
  from space 10752K, 99% used [0x00000000e1c80000,0x00000000e26f8bc0,0x00000000e2700000)
  to   space 12800K, 0% used [0x00000000e0e00000,0x00000000e0e00000,0x00000000e1a80000)
 ParOldGen       total 83968K, used 17358K [0x0000000081400000, 0x0000000086600000, 0x00000000d5c00000)
  object space 83968K, 20% used [0x0000000081400000,0x00000000824f3958,0x0000000086600000)
 Metaspace       used 51326K, capacity 53124K, committed 53416K, reserved 1095680K
  class space    used 7134K, capacity 7494K, committed 7592K, reserved 1048576K

Card table byte_map: [0x0000000012640000,0x0000000012a40000] byte_map_base: 0x0000000012236000

Marking Bits: (ParMarkBitMap*) 0x000000005ca4d850
 Begin Bits: [0x00000000130f0000, 0x00000000150a0000)
 End Bits:   [0x00000000150a0000, 0x0000000017050000)

Polling page: 0x0000000001120000

CodeCache: size=245760Kb used=13290Kb max_used=13302Kb free=232469Kb
 bounds [0x0000000003280000, 0x0000000003f90000, 0x0000000012280000]
 total_blobs=4101 nmethods=3567 adapters=446
 compilation: enabled

Compilation events (10 events):
Event: 12.723 Thread 0x0000000019193000 3889   !   3       org.springframework.beans.factory.support.DefaultListableBeanFactory::doGetBeanNamesForType (593 bytes)
Event: 12.723 Thread 0x0000000019185000 nmethod 3886 0x0000000003f48d10 code [0x0000000003f48e60, 0x0000000003f48fb8]
Event: 12.732 Thread 0x0000000019193000 nmethod 3889 0x0000000003f83ed0 code [0x0000000003f84700, 0x0000000003f8baf8]
Event: 12.767 Thread 0x0000000019185000 3890       4       sun.reflect.misc.ReflectUtil::checkPackageAccess (19 bytes)
Event: 12.769 Thread 0x0000000019193000 3891       3       sun.reflect.generics.reflectiveObjects.TypeVariableImpl::toString (5 bytes)
Event: 12.769 Thread 0x0000000019193000 nmethod 3891 0x0000000003f4e790 code [0x0000000003f4e8e0, 0x0000000003f4ea50]
Event: 12.784 Thread 0x0000000019185000 nmethod 3890 0x0000000003f4d850 code [0x0000000003f4d9e0, 0x0000000003f4e0c8]
Event: 12.784 Thread 0x0000000019185000 3893       4       java.lang.Class::copyMethods (36 bytes)
Event: 12.793 Thread 0x0000000019185000 nmethod 3893 0x0000000003f4a0d0 code [0x0000000003f4a240, 0x0000000003f4a638]
Event: 12.793 Thread 0x0000000019185000 3892       4       org.springframework.core.ResolvableType::as (86 bytes)

GC Heap History (10 events):
Event: 5.465 GC heap before
{Heap before GC invocations=6 (full 1):
 PSYoungGen      total 71680K, used 66560K [0x00000000d5c00000, 0x00000000da700000, 0x0000000100000000)
  eden space 66560K, 100% used [0x00000000d5c00000,0x00000000d9d00000,0x00000000d9d00000)
  from space 5120K, 0% used [0x00000000da200000,0x00000000da200000,0x00000000da700000)
  to   space 5120K, 0% used [0x00000000d9d00000,0x00000000d9d00000,0x00000000da200000)
 ParOldGen       total 53760K, used 7427K [0x0000000081400000, 0x0000000084880000, 0x00000000d5c00000)
  object space 53760K, 13% used [0x0000000081400000,0x0000000081b40e58,0x0000000084880000)
 Metaspace       used 23906K, capacity 24620K, committed 24960K, reserved 1071104K
  class space    used 3158K, capacity 3354K, committed 3456K, reserved 1048576K
Event: 5.474 GC heap after
Heap after GC invocations=6 (full 1):
 PSYoungGen      total 71680K, used 4591K [0x00000000d5c00000, 0x00000000ddc80000, 0x0000000100000000)
  eden space 66560K, 0% used [0x00000000d5c00000,0x00000000d5c00000,0x00000000d9d00000)
  from space 5120K, 89% used [0x00000000d9d00000,0x00000000da17bff0,0x00000000da200000)
  to   space 8704K, 0% used [0x00000000dd400000,0x00000000dd400000,0x00000000ddc80000)
 ParOldGen       total 53760K, used 7427K [0x0000000081400000, 0x0000000084880000, 0x00000000d5c00000)
  object space 53760K, 13% used [0x0000000081400000,0x0000000081b40e58,0x0000000084880000)
 Metaspace       used 23906K, capacity 24620K, committed 24960K, reserved 1071104K
  class space    used 3158K, capacity 3354K, committed 3456K, reserved 1048576K
}
Event: 6.880 GC heap before
{Heap before GC invocations=7 (full 1):
 PSYoungGen      total 71680K, used 71151K [0x00000000d5c00000, 0x00000000ddc80000, 0x0000000100000000)
  eden space 66560K, 100% used [0x00000000d5c00000,0x00000000d9d00000,0x00000000d9d00000)
  from space 5120K, 89% used [0x00000000d9d00000,0x00000000da17bff0,0x00000000da200000)
  to   space 8704K, 0% used [0x00000000dd400000,0x00000000dd400000,0x00000000ddc80000)
 ParOldGen       total 53760K, used 7427K [0x0000000081400000, 0x0000000084880000, 0x00000000d5c00000)
  object space 53760K, 13% used [0x0000000081400000,0x0000000081b40e58,0x0000000084880000)
 Metaspace       used 29520K, capacity 30592K, committed 30848K, reserved 1075200K
  class space    used 3907K, capacity 4156K, committed 4224K, reserved 1048576K
Event: 6.892 GC heap after
Heap after GC invocations=7 (full 1):
 PSYoungGen      total 120832K, used 8275K [0x00000000d5c00000, 0x00000000ddc80000, 0x0000000100000000)
  eden space 112128K, 0% used [0x00000000d5c00000,0x00000000d5c00000,0x00000000dc980000)
  from space 8704K, 95% used [0x00000000dd400000,0x00000000ddc14ff0,0x00000000ddc80000)
  to   space 9216K, 0% used [0x00000000dca80000,0x00000000dca80000,0x00000000dd380000)
 ParOldGen       total 53760K, used 7499K [0x0000000081400000, 0x0000000084880000, 0x00000000d5c00000)
  object space 53760K, 13% used [0x0000000081400000,0x0000000081b52e68,0x0000000084880000)
 Metaspace       used 29520K, capacity 30592K, committed 30848K, reserved 1075200K
  class space    used 3907K, capacity 4156K, committed 4224K, reserved 1048576K
}
Event: 8.226 GC heap before
{Heap before GC invocations=8 (full 1):
 PSYoungGen      total 120832K, used 81961K [0x00000000d5c00000, 0x00000000ddc80000, 0x0000000100000000)
  eden space 112128K, 65% used [0x00000000d5c00000,0x00000000da3f5728,0x00000000dc980000)
  from space 8704K, 95% used [0x00000000dd400000,0x00000000ddc14ff0,0x00000000ddc80000)
  to   space 9216K, 0% used [0x00000000dca80000,0x00000000dca80000,0x00000000dd380000)
 ParOldGen       total 53760K, used 7499K [0x0000000081400000, 0x0000000084880000, 0x00000000d5c00000)
  object space 53760K, 13% used [0x0000000081400000,0x0000000081b52e68,0x0000000084880000)
 Metaspace       used 34193K, capacity 35448K, committed 35496K, reserved 1079296K
  class space    used 4484K, capacity 4764K, committed 4776K, reserved 1048576K
Event: 8.241 GC heap after
Heap after GC invocations=8 (full 1):
 PSYoungGen      total 122368K, used 9203K [0x00000000d5c00000, 0x00000000e2700000, 0x0000000100000000)
  eden space 113152K, 0% used [0x00000000d5c00000,0x00000000d5c00000,0x00000000dca80000)
  from space 9216K, 99% used [0x00000000dca80000,0x00000000dd37cd20,0x00000000dd380000)
  to   space 10752K, 0% used [0x00000000e1c80000,0x00000000e1c80000,0x00000000e2700000)
 ParOldGen       total 53760K, used 8376K [0x0000000081400000, 0x0000000084880000, 0x00000000d5c00000)
  object space 53760K, 15% used [0x0000000081400000,0x0000000081c2e208,0x0000000084880000)
 Metaspace       used 34193K, capacity 35448K, committed 35496K, reserved 1079296K
  class space    used 4484K, capacity 4764K, committed 4776K, reserved 1048576K
}
Event: 8.241 GC heap before
{Heap before GC invocations=9 (full 2):
 PSYoungGen      total 122368K, used 9203K [0x00000000d5c00000, 0x00000000e2700000, 0x0000000100000000)
  eden space 113152K, 0% used [0x00000000d5c00000,0x00000000d5c00000,0x00000000dca80000)
  from space 9216K, 99% used [0x00000000dca80000,0x00000000dd37cd20,0x00000000dd380000)
  to   space 10752K, 0% used [0x00000000e1c80000,0x00000000e1c80000,0x00000000e2700000)
 ParOldGen       total 53760K, used 8376K [0x0000000081400000, 0x0000000084880000, 0x00000000d5c00000)
  object space 53760K, 15% used [0x0000000081400000,0x0000000081c2e208,0x0000000084880000)
 Metaspace       used 34193K, capacity 35448K, committed 35496K, reserved 1079296K
  class space    used 4484K, capacity 4764K, committed 4776K, reserved 1048576K
Event: 8.328 GC heap after
Heap after GC invocations=9 (full 2):
 PSYoungGen      total 122368K, used 0K [0x00000000d5c00000, 0x00000000e2700000, 0x0000000100000000)
  eden space 113152K, 0% used [0x00000000d5c00000,0x00000000d5c00000,0x00000000dca80000)
  from space 9216K, 0% used [0x00000000dca80000,0x00000000dca80000,0x00000000dd380000)
  to   space 10752K, 0% used [0x00000000e1c80000,0x00000000e1c80000,0x00000000e2700000)
 ParOldGen       total 83968K, used 14912K [0x0000000081400000, 0x0000000086600000, 0x00000000d5c00000)
  object space 83968K, 17% used [0x0000000081400000,0x0000000082290108,0x0000000086600000)
 Metaspace       used 34193K, capacity 35448K, committed 35496K, reserved 1079296K
  class space    used 4484K, capacity 4764K, committed 4776K, reserved 1048576K
}
Event: 10.614 GC heap before
{Heap before GC invocations=10 (full 2):
 PSYoungGen      total 122368K, used 113152K [0x00000000d5c00000, 0x00000000e2700000, 0x0000000100000000)
  eden space 113152K, 100% used [0x00000000d5c00000,0x00000000dca80000,0x00000000dca80000)
  from space 9216K, 0% used [0x00000000dca80000,0x00000000dca80000,0x00000000dd380000)
  to   space 10752K, 0% used [0x00000000e1c80000,0x00000000e1c80000,0x00000000e2700000)
 ParOldGen       total 83968K, used 14912K [0x0000000081400000, 0x0000000086600000, 0x00000000d5c00000)
  object space 83968K, 17% used [0x0000000081400000,0x0000000082290108,0x0000000086600000)
 Metaspace       used 46425K, capacity 47800K, committed 48168K, reserved 1091584K
  class space    used 6355K, capacity 6666K, committed 6696K, reserved 1048576K
Event: 10.629 GC heap after
Heap after GC invocations=10 (full 2):
 PSYoungGen      total 172032K, used 10722K [0x00000000d5c00000, 0x00000000e2700000, 0x0000000100000000)
  eden space 161280K, 0% used [0x00000000d5c00000,0x00000000d5c00000,0x00000000df980000)
  from space 10752K, 99% used [0x00000000e1c80000,0x00000000e26f8bc0,0x00000000e2700000)
  to   space 12800K, 0% used [0x00000000e0e00000,0x00000000e0e00000,0x00000000e1a80000)
 ParOldGen       total 83968K, used 17358K [0x0000000081400000, 0x0000000086600000, 0x00000000d5c00000)
  object space 83968K, 20% used [0x0000000081400000,0x00000000824f3958,0x0000000086600000)
 Metaspace       used 46425K, capacity 47800K, committed 48168K, reserved 1091584K
  class space    used 6355K, capacity 6666K, committed 6696K, reserved 1048576K
}

Deoptimization events (10 events):
Event: 11.207 Thread 0x000000001a22c000 Uncommon trap: reason=unstable_if action=reinterpret pc=0x000000000370725c method=java.io.WinNTFileSystem.isLetter(C)Z @ 3
Event: 11.217 Thread 0x000000001a22c000 Uncommon trap: reason=unstable_if action=reinterpret pc=0x0000000003dc9720 method=java.io.WinNTFileSystem.resolve(Ljava/lang/String;Ljava/lang/String;)Ljava/lang/String; @ 117
Event: 11.278 Thread 0x000000001a22c000 Uncommon trap: reason=class_check action=maybe_recompile pc=0x0000000003d5fe88 method=org.springframework.beans.factory.support.AbstractBeanFactory.isTypeMatch(Ljava/lang/String;Lorg/springframework/core/ResolvableType;)Z @ 47
Event: 11.285 Thread 0x000000001a22c000 Uncommon trap: reason=class_check action=maybe_recompile pc=0x0000000003d5fe88 method=org.springframework.beans.factory.support.AbstractBeanFactory.isTypeMatch(Ljava/lang/String;Lorg/springframework/core/ResolvableType;)Z @ 47
Event: 11.296 Thread 0x000000001a22c000 Uncommon trap: reason=class_check action=maybe_recompile pc=0x0000000003d5fe88 method=org.springframework.beans.factory.support.AbstractBeanFactory.isTypeMatch(Ljava/lang/String;Lorg/springframework/core/ResolvableType;)Z @ 47
Event: 11.350 Thread 0x000000001a22c000 Uncommon trap: reason=class_check action=maybe_recompile pc=0x0000000003d5fe88 method=org.springframework.beans.factory.support.AbstractBeanFactory.isTypeMatch(Ljava/lang/String;Lorg/springframework/core/ResolvableType;)Z @ 47
Event: 12.382 Thread 0x000000001a22c000 Uncommon trap: reason=unstable_if action=reinterpret pc=0x0000000003cf58a0 method=java.util.concurrent.ConcurrentHashMap.putVal(Ljava/lang/Object;Ljava/lang/Object;Z)Ljava/lang/Object; @ 331
Event: 12.383 Thread 0x000000001a22c000 Uncommon trap: reason=unstable_if action=reinterpret pc=0x0000000003d3e264 method=java.util.concurrent.ConcurrentHashMap.get(Ljava/lang/Object;)Ljava/lang/Object; @ 86
Event: 12.420 Thread 0x000000001a22c000 Uncommon trap: reason=unstable_if action=reinterpret pc=0x0000000003401bcc method=java.util.WeakHashMap.put(Ljava/lang/Object;Ljava/lang/Object;)Ljava/lang/Object; @ 47
Event: 12.717 Thread 0x000000001a22c000 Uncommon trap: reason=null_check action=make_not_entrant pc=0x0000000003f730fc method=org.springframework.core.annotation.AnnotatedElementUtils.searchWithFindSemantics(Ljava/lang/reflect/AnnotatedElement;Ljava/util/Set;Ljava/lang/String;Ljava/lang/Class;L

Internal exceptions (10 events):
Event: 12.771 Thread 0x000000001a22c000 Exception <a 'java/lang/ClassNotFoundException': org/springframework/data/jpa/repository/support/JpaRepositoryFactoryBeanCustomizer> (0x00000000dd46ea68) thrown at [C:\re\workspace\8-2-build-windows-amd64-cygwin\jdk8u144\9417\hotspot\src\share\vm\classfil
Event: 12.777 Thread 0x000000001a22c000 Exception <a 'java/lang/ClassNotFoundException': org/springframework/beans/factory/BeanFactoryAwareCustomizer> (0x00000000dd4b8b10) thrown at [C:\re\workspace\8-2-build-windows-amd64-cygwin\jdk8u144\9417\hotspot\src\share\vm\classfile\systemDictionary.cpp
Event: 12.779 Thread 0x000000001a22c000 Exception <a 'java/lang/ClassNotFoundException': org/springframework/beans/factory/AwareCustomizer> (0x00000000dd4d1728) thrown at [C:\re\workspace\8-2-build-windows-amd64-cygwin\jdk8u144\9417\hotspot\src\share\vm\classfile\systemDictionary.cpp, line 210]
Event: 12.780 Thread 0x000000001a22c000 Exception <a 'java/lang/ClassNotFoundException': org/springframework/beans/factory/InitializingBeanCustomizer> (0x00000000dd4ebf78) thrown at [C:\re\workspace\8-2-build-windows-amd64-cygwin\jdk8u144\9417\hotspot\src\share\vm\classfile\systemDictionary.cpp
Event: 12.782 Thread 0x000000001a22c000 Exception <a 'java/lang/ClassNotFoundException': org/springframework/data/repository/core/support/RepositoryFactoryInformationCustomizer> (0x00000000dd50e598) thrown at [C:\re\workspace\8-2-build-windows-amd64-cygwin\jdk8u144\9417\hotspot\src\share\vm\cla
Event: 12.784 Thread 0x000000001a22c000 Exception <a 'java/lang/ClassNotFoundException': org/springframework/beans/factory/FactoryBeanCustomizer> (0x00000000dd531168) thrown at [C:\re\workspace\8-2-build-windows-amd64-cygwin\jdk8u144\9417\hotspot\src\share\vm\classfile\systemDictionary.cpp, lin
Event: 12.786 Thread 0x000000001a22c000 Exception <a 'java/lang/ClassNotFoundException': org/springframework/beans/factory/BeanClassLoaderAwareCustomizer> (0x00000000dd550a70) thrown at [C:\re\workspace\8-2-build-windows-amd64-cygwin\jdk8u144\9417\hotspot\src\share\vm\classfile\systemDictionary
Event: 12.788 Thread 0x000000001a22c000 Exception <a 'java/lang/ClassNotFoundException': org/springframework/beans/factory/AwareCustomizer> (0x00000000dd569128) thrown at [C:\re\workspace\8-2-build-windows-amd64-cygwin\jdk8u144\9417\hotspot\src\share\vm\classfile\systemDictionary.cpp, line 210]
Event: 12.790 Thread 0x000000001a22c000 Exception <a 'java/lang/ClassNotFoundException': org/springframework/beans/factory/BeanFactoryAwareCustomizer> (0x00000000dd583958) thrown at [C:\re\workspace\8-2-build-windows-amd64-cygwin\jdk8u144\9417\hotspot\src\share\vm\classfile\systemDictionary.cpp
Event: 12.792 Thread 0x000000001a22c000 Exception <a 'java/lang/ClassNotFoundException': org/springframework/beans/factory/AwareCustomizer> (0x00000000dd59c570) thrown at [C:\re\workspace\8-2-build-windows-amd64-cygwin\jdk8u144\9417\hotspot\src\share\vm\classfile\systemDictionary.cpp, line 210]

Events (10 events):
Event: 12.789 loading class org/springframework/beans/factory/BeanFactoryAwareCustomizer
Event: 12.789 loading class org/springframework/beans/factory/BeanFactoryAwareCustomizer done
Event: 12.790 loading class org/springframework/beans/factory/AwareCustomizer
Event: 12.790 loading class org/springframework/beans/factory/AwareCustomizer done
Event: 12.791 loading class org/springframework/beans/factory/AwareCustomizer
Event: 12.791 loading class org/springframework/beans/factory/AwareCustomizer done
Event: 12.792 loading class org/springframework/beans/factory/AwareCustomizer
Event: 12.792 loading class org/springframework/beans/factory/AwareCustomizer done
Event: 12.792 loading class org/springframework/context/ApplicationEventPublisherAwareCustomizer
Event: 12.792 loading class org/springframework/context/ApplicationEventPublisherAwareCustomizer done


Dynamic libraries:
0x00007ff7e1d50000 - 0x00007ff7e1d87000 	C:\Program Files\Java\jdk1.8.0_144\bin\java.exe
0x00007ffe27430000 - 0x00007ffe27625000 	C:\WINDOWS\SYSTEM32\ntdll.dll
0x00007ffe26a40000 - 0x00007ffe26afd000 	C:\WINDOWS\System32\KERNEL32.DLL
0x00007ffe24f70000 - 0x00007ffe25238000 	C:\WINDOWS\System32\KERNELBASE.dll
0x00007ffe26340000 - 0x00007ffe263ec000 	C:\WINDOWS\System32\ADVAPI32.dll
0x00007ffe26190000 - 0x00007ffe2622e000 	C:\WINDOWS\System32\msvcrt.dll
0x00007ffe25db0000 - 0x00007ffe25e4b000 	C:\WINDOWS\System32\sechost.dll
0x00007ffe263f0000 - 0x00007ffe2651b000 	C:\WINDOWS\System32\RPCRT4.dll
0x00007ffe26770000 - 0x00007ffe26910000 	C:\WINDOWS\System32\USER32.dll
0x00007ffe25350000 - 0x00007ffe25372000 	C:\WINDOWS\System32\win32u.dll
0x00007ffe25e50000 - 0x00007ffe25e7a000 	C:\WINDOWS\System32\GDI32.dll
0x00007ffe25240000 - 0x00007ffe2534b000 	C:\WINDOWS\System32\gdi32full.dll
0x00007ffe253b0000 - 0x00007ffe2544d000 	C:\WINDOWS\System32\msvcp_win.dll
0x00007ffe24b70000 - 0x00007ffe24c70000 	C:\WINDOWS\System32\ucrtbase.dll
0x00007ffe0fc20000 - 0x00007ffe0feba000 	C:\WINDOWS\WinSxS\amd64_microsoft.windows.common-controls_6595b64144ccf1df_6.0.19041.1052_none_60b8f8fd71f5e8cb\COMCTL32.dll
0x00007ffe26520000 - 0x00007ffe26550000 	C:\WINDOWS\System32\IMM32.DLL
0x000000005de70000 - 0x000000005df42000 	C:\Program Files\Java\jdk1.8.0_144\jre\bin\msvcr100.dll
0x000000005c230000 - 0x000000005cacd000 	C:\Program Files\Java\jdk1.8.0_144\jre\bin\server\jvm.dll
0x00007ffe26910000 - 0x00007ffe26918000 	C:\WINDOWS\System32\PSAPI.DLL
0x00007ffe00420000 - 0x00007ffe00429000 	C:\WINDOWS\SYSTEM32\WSOCK32.dll
0x00007ffe262b0000 - 0x00007ffe2631b000 	C:\WINDOWS\System32\WS2_32.dll
0x00007ffe14380000 - 0x00007ffe143a7000 	C:\WINDOWS\SYSTEM32\WINMM.dll
0x00007ffe23a50000 - 0x00007ffe23a5a000 	C:\WINDOWS\SYSTEM32\VERSION.dll
0x000000005de60000 - 0x000000005de6f000 	C:\Program Files\Java\jdk1.8.0_144\jre\bin\verify.dll
0x000000005de30000 - 0x000000005de59000 	C:\Program Files\Java\jdk1.8.0_144\jre\bin\java.dll
0x000000005de10000 - 0x000000005de26000 	C:\Program Files\Java\jdk1.8.0_144\jre\bin\zip.dll
0x00007ffe26b00000 - 0x00007ffe2723f000 	C:\WINDOWS\System32\SHELL32.dll
0x00007ffe23280000 - 0x00007ffe23a10000 	C:\WINDOWS\SYSTEM32\windows.storage.dll
0x00007ffe25a40000 - 0x00007ffe25d95000 	C:\WINDOWS\System32\combase.dll
0x00007ffe245e0000 - 0x00007ffe2460c000 	C:\WINDOWS\SYSTEM32\Wldp.dll
0x00007ffe26660000 - 0x00007ffe2670e000 	C:\WINDOWS\System32\SHCORE.dll
0x00007ffe26040000 - 0x00007ffe26095000 	C:\WINDOWS\System32\shlwapi.dll
0x00007ffe24ab0000 - 0x00007ffe24acf000 	C:\WINDOWS\SYSTEM32\profapi.dll
0x000000005ddf0000 - 0x000000005de0a000 	C:\Program Files\Java\jdk1.8.0_144\jre\bin\net.dll
0x00007ffe24350000 - 0x00007ffe243ba000 	C:\WINDOWS\system32\mswsock.dll
0x000000005ddd0000 - 0x000000005dde1000 	C:\Program Files\Java\jdk1.8.0_144\jre\bin\nio.dll
0x00007ffe24530000 - 0x00007ffe24548000 	C:\WINDOWS\SYSTEM32\CRYPTSP.dll
0x00007ffe23c80000 - 0x00007ffe23cb4000 	C:\WINDOWS\system32\rsaenh.dll
0x00007ffe25380000 - 0x00007ffe253a7000 	C:\WINDOWS\System32\bcrypt.dll
0x00007ffe24a30000 - 0x00007ffe24a5e000 	C:\WINDOWS\SYSTEM32\USERENV.dll
0x00007ffe24d20000 - 0x00007ffe24da3000 	C:\WINDOWS\System32\bcryptprimitives.dll
0x00007ffe24520000 - 0x00007ffe2452c000 	C:\WINDOWS\SYSTEM32\CRYPTBASE.dll
0x00007ffe23ff0000 - 0x00007ffe2402b000 	C:\WINDOWS\SYSTEM32\IPHLPAPI.DLL
0x00007ffe25e80000 - 0x00007ffe25e88000 	C:\WINDOWS\System32\NSI.dll
0x00007ffe1b4d0000 - 0x00007ffe1b4e7000 	C:\WINDOWS\SYSTEM32\dhcpcsvc6.DLL
0x00007ffe1b820000 - 0x00007ffe1b83d000 	C:\WINDOWS\SYSTEM32\dhcpcsvc.DLL
0x00007ffe24040000 - 0x00007ffe2410c000 	C:\WINDOWS\SYSTEM32\DNSAPI.dll
0x000000005ddc0000 - 0x000000005ddcd000 	C:\Program Files\Java\jdk1.8.0_144\jre\bin\management.dll
0x00007ffdfac40000 - 0x00007ffdfac57000 	C:\WINDOWS\system32\napinsp.dll
0x00007ffdf9e30000 - 0x00007ffdf9e4b000 	C:\WINDOWS\system32\pnrpnsp.dll
0x00007ffe1fb80000 - 0x00007ffe1fb95000 	C:\WINDOWS\system32\wshbth.dll
0x00007ffe20850000 - 0x00007ffe2086d000 	C:\WINDOWS\system32\NLAapi.dll
0x00007ffdf9d70000 - 0x00007ffdf9d82000 	C:\WINDOWS\System32\winrnr.dll
0x00007ffe13f20000 - 0x00007ffe13f2a000 	C:\Windows\System32\rasadhlp.dll
0x00007ffe14b50000 - 0x00007ffe14bcf000 	C:\WINDOWS\System32\fwpuclnt.dll

VM Arguments:
jvm_args: -Djava.security.manager=worker.org.gradle.process.internal.worker.child.BootstrapSecurityManager -Dorg.gradle.native=false -Dfile.encoding=x-windows-949 -Duser.country=KR -Duser.language=ko -Duser.variant -ea 
java_command: worker.org.gradle.process.internal.worker.GradleWorkerMain 'Gradle Test Executor 2'
java_class_path (initial): C:\Users\rlaxo\.gradle\caches\4.10.2\workerMain\gradle-worker.jar
Launcher Type: SUN_STANDARD

Environment Variables:
JAVA_HOME=C:\Program Files\Java\jdk1.8.0_144
PATH=C:\ProgramData\Oracle\Java\javapath;C:\Program Files (x86)\Intel\iCLS Client\;C:\Program Files\Intel\iCLS Client\;C:\WINDOWS\system32;C:\WINDOWS;C:\WINDOWS\System32\Wbem;C:\WINDOWS\System32\WindowsPowerShell\v1.0\;C:\Program Files (x86)\Intel\Intel(R) Management Engine Components\DAL;C:\Program Files\Intel\Intel(R) Management Engine Components\DAL;C:\Program Files (x86)\Intel\Intel(R) Management Engine Components\IPT;C:\Program Files\Intel\Intel(R) Management Engine Components\IPT;C:\Program Files\Intel\WiFi\bin\;C:\Program Files\Common Files\Intel\WirelessCommon\;C:\Program Files\Java\jdk1.8.0_144\bin;C:\Program Files\dotnet\;C:\WINDOWS\system32;C:\WINDOWS;C:\WINDOWS\System32\Wbem;C:\WINDOWS\System32\WindowsPowerShell\v1.0\;C:\WINDOWS\System32\OpenSSH\;C:\Program Files\Microsoft SQL Server\Client SDK\ODBC\130\Tools\Binn\;C:\Program Files (x86)\Microsoft SQL Server\140\Tools\Binn\;C:\Program Files\Microsoft SQL Server\140\Tools\Binn\;C:\Program Files\Microsoft SQL Server\140\DTS\Binn\;C:\opencv\build\x64\vc15\bin;C:\Program Files\Microsoft SQL Server\130\Tools\Binn\;C:\Program Files\MySQL\MySQL Server 8.0\bin;C:\Program Files (x86)\Pulse Secure\VC142.CRT\X64\;C:\Program Files (x86)\Pulse Secure\VC142.CRT\X86\;C:\Program Files\Git\cmd\;C:\Program Files\Git\bin\;C:\Program Files\MySQL\MySQL Shell 8.0\bin\;C:\Users\rlaxo\AppData\Local\Microsoft\WindowsApps;C:\Program Files\Intel\WiFi\bin\;C:\Program Files\Common Files\Intel\WirelessCommon\;C:\Modeltech_pe_edu_10.4a\win32pe_edu;C:\Program Files\Bandizip\;C:\Users\rlaxo\Desktop\ffmpeg-4.1.3-win64-static\bin;
USERNAME=rlaxo
OS=Windows_NT
PROCESSOR_IDENTIFIER=Intel64 Family 6 Model 78 Stepping 3, GenuineIntel



---------------  S Y S T E M  ---------------

OS: Windows 10.0 , 64 bit Build 19041 (10.0.19041.1023)

CPU:total 4 (initial active 4) (2 cores per cpu, 2 threads per core) family 6 model 78 stepping 3, cmov, cx8, fxsr, mmx, sse, sse2, sse3, ssse3, sse4.1, sse4.2, popcnt, avx, avx2, aes, clmul, erms, 3dnowpref, lzcnt, ht, tsc, tscinvbit, bmi1, bmi2, adx

Memory: 4k page, physical 8305924k(494860k free), swap 8305924k(19092k free)

vm_info: Java HotSpot(TM) 64-Bit Server VM (25.144-b01) for windows-amd64 JRE (1.8.0_144-b01), built on Jul 21 2017 21:57:33 by "java_re" with MS VC++ 10.0 (VS2010)

time: Wed Jun 30 22:04:56 2021
elapsed time: 12 seconds (0d 0h 0m 12s)

